INFO:     Will watch for changes in these directories: ['/Users/rishit/Desktop/Dev/backend/restaurant_service']
INFO:     Uvicorn running on http://0.0.0.0:8002 (Press CTRL+C to quit)
INFO:     Started reloader process [8107] using WatchFiles
INFO:     Started server process [8112]
INFO:     Waiting for application startup.
INFO:main:Restaurant Service starting up...
2025-05-30 16:04:12,964 INFO sqlalchemy.engine.Engine select pg_catalog.version()
INFO:sqlalchemy.engine.Engine:select pg_catalog.version()
2025-05-30 16:04:12,964 INFO sqlalchemy.engine.Engine [raw sql] ()
INFO:sqlalchemy.engine.Engine:[raw sql] ()
2025-05-30 16:04:12,965 INFO sqlalchemy.engine.Engine select current_schema()
INFO:sqlalchemy.engine.Engine:select current_schema()
2025-05-30 16:04:12,965 INFO sqlalchemy.engine.Engine [raw sql] ()
INFO:sqlalchemy.engine.Engine:[raw sql] ()
2025-05-30 16:04:12,966 INFO sqlalchemy.engine.Engine show standard_conforming_strings
INFO:sqlalchemy.engine.Engine:show standard_conforming_strings
2025-05-30 16:04:12,966 INFO sqlalchemy.engine.Engine [raw sql] ()
INFO:sqlalchemy.engine.Engine:[raw sql] ()
2025-05-30 16:04:12,967 INFO sqlalchemy.engine.Engine BEGIN (implicit)
INFO:sqlalchemy.engine.Engine:BEGIN (implicit)
2025-05-30 16:04:12,968 INFO sqlalchemy.engine.Engine SELECT pg_catalog.pg_class.relname 
FROM pg_catalog.pg_class JOIN pg_catalog.pg_namespace ON pg_catalog.pg_namespace.oid = pg_catalog.pg_class.relnamespace 
WHERE pg_catalog.pg_class.relname = $1::VARCHAR AND pg_catalog.pg_class.relkind = ANY (ARRAY[$2::VARCHAR, $3::VARCHAR, $4::VARCHAR, $5::VARCHAR, $6::VARCHAR]) AND pg_catalog.pg_namespace.nspname = $7::VARCHAR
INFO:sqlalchemy.engine.Engine:SELECT pg_catalog.pg_class.relname 
FROM pg_catalog.pg_class JOIN pg_catalog.pg_namespace ON pg_catalog.pg_namespace.oid = pg_catalog.pg_class.relnamespace 
WHERE pg_catalog.pg_class.relname = $1::VARCHAR AND pg_catalog.pg_class.relkind = ANY (ARRAY[$2::VARCHAR, $3::VARCHAR, $4::VARCHAR, $5::VARCHAR, $6::VARCHAR]) AND pg_catalog.pg_namespace.nspname = $7::VARCHAR
2025-05-30 16:04:12,969 INFO sqlalchemy.engine.Engine [generated in 0.00010s] ('users', 'r', 'p', 'f', 'v', 'm', 'users')
INFO:sqlalchemy.engine.Engine:[generated in 0.00010s] ('users', 'r', 'p', 'f', 'v', 'm', 'users')
2025-05-30 16:04:12,973 INFO sqlalchemy.engine.Engine SELECT pg_catalog.pg_class.relname 
FROM pg_catalog.pg_class JOIN pg_catalog.pg_namespace ON pg_catalog.pg_namespace.oid = pg_catalog.pg_class.relnamespace 
WHERE pg_catalog.pg_class.relname = $1::VARCHAR AND pg_catalog.pg_class.relkind = ANY (ARRAY[$2::VARCHAR, $3::VARCHAR, $4::VARCHAR, $5::VARCHAR, $6::VARCHAR]) AND pg_catalog.pg_namespace.nspname = $7::VARCHAR
INFO:sqlalchemy.engine.Engine:SELECT pg_catalog.pg_class.relname 
FROM pg_catalog.pg_class JOIN pg_catalog.pg_namespace ON pg_catalog.pg_namespace.oid = pg_catalog.pg_class.relnamespace 
WHERE pg_catalog.pg_class.relname = $1::VARCHAR AND pg_catalog.pg_class.relkind = ANY (ARRAY[$2::VARCHAR, $3::VARCHAR, $4::VARCHAR, $5::VARCHAR, $6::VARCHAR]) AND pg_catalog.pg_namespace.nspname = $7::VARCHAR
2025-05-30 16:04:12,973 INFO sqlalchemy.engine.Engine [cached since 0.00482s ago] ('restaurants', 'r', 'p', 'f', 'v', 'm', 'restaurants')
INFO:sqlalchemy.engine.Engine:[cached since 0.00482s ago] ('restaurants', 'r', 'p', 'f', 'v', 'm', 'restaurants')
2025-05-30 16:04:12,974 INFO sqlalchemy.engine.Engine SELECT pg_catalog.pg_class.relname 
FROM pg_catalog.pg_class JOIN pg_catalog.pg_namespace ON pg_catalog.pg_namespace.oid = pg_catalog.pg_class.relnamespace 
WHERE pg_catalog.pg_class.relname = $1::VARCHAR AND pg_catalog.pg_class.relkind = ANY (ARRAY[$2::VARCHAR, $3::VARCHAR, $4::VARCHAR, $5::VARCHAR, $6::VARCHAR]) AND pg_catalog.pg_namespace.nspname = $7::VARCHAR
INFO:sqlalchemy.engine.Engine:SELECT pg_catalog.pg_class.relname 
FROM pg_catalog.pg_class JOIN pg_catalog.pg_namespace ON pg_catalog.pg_namespace.oid = pg_catalog.pg_class.relnamespace 
WHERE pg_catalog.pg_class.relname = $1::VARCHAR AND pg_catalog.pg_class.relkind = ANY (ARRAY[$2::VARCHAR, $3::VARCHAR, $4::VARCHAR, $5::VARCHAR, $6::VARCHAR]) AND pg_catalog.pg_namespace.nspname = $7::VARCHAR
2025-05-30 16:04:12,974 INFO sqlalchemy.engine.Engine [cached since 0.005644s ago] ('menu_items', 'r', 'p', 'f', 'v', 'm', 'restaurants')
INFO:sqlalchemy.engine.Engine:[cached since 0.005644s ago] ('menu_items', 'r', 'p', 'f', 'v', 'm', 'restaurants')
2025-05-30 16:04:12,975 INFO sqlalchemy.engine.Engine SELECT pg_catalog.pg_class.relname 
FROM pg_catalog.pg_class JOIN pg_catalog.pg_namespace ON pg_catalog.pg_namespace.oid = pg_catalog.pg_class.relnamespace 
WHERE pg_catalog.pg_class.relname = $1::VARCHAR AND pg_catalog.pg_class.relkind = ANY (ARRAY[$2::VARCHAR, $3::VARCHAR, $4::VARCHAR, $5::VARCHAR, $6::VARCHAR]) AND pg_catalog.pg_namespace.nspname = $7::VARCHAR
INFO:sqlalchemy.engine.Engine:SELECT pg_catalog.pg_class.relname 
FROM pg_catalog.pg_class JOIN pg_catalog.pg_namespace ON pg_catalog.pg_namespace.oid = pg_catalog.pg_class.relnamespace 
WHERE pg_catalog.pg_class.relname = $1::VARCHAR AND pg_catalog.pg_class.relkind = ANY (ARRAY[$2::VARCHAR, $3::VARCHAR, $4::VARCHAR, $5::VARCHAR, $6::VARCHAR]) AND pg_catalog.pg_namespace.nspname = $7::VARCHAR
2025-05-30 16:04:12,975 INFO sqlalchemy.engine.Engine [cached since 0.006308s ago] ('orders', 'r', 'p', 'f', 'v', 'm', 'orders')
INFO:sqlalchemy.engine.Engine:[cached since 0.006308s ago] ('orders', 'r', 'p', 'f', 'v', 'm', 'orders')
2025-05-30 16:04:12,975 INFO sqlalchemy.engine.Engine SELECT pg_catalog.pg_class.relname 
FROM pg_catalog.pg_class JOIN pg_catalog.pg_namespace ON pg_catalog.pg_namespace.oid = pg_catalog.pg_class.relnamespace 
WHERE pg_catalog.pg_class.relname = $1::VARCHAR AND pg_catalog.pg_class.relkind = ANY (ARRAY[$2::VARCHAR, $3::VARCHAR, $4::VARCHAR, $5::VARCHAR, $6::VARCHAR]) AND pg_catalog.pg_namespace.nspname = $7::VARCHAR
INFO:sqlalchemy.engine.Engine:SELECT pg_catalog.pg_class.relname 
FROM pg_catalog.pg_class JOIN pg_catalog.pg_namespace ON pg_catalog.pg_namespace.oid = pg_catalog.pg_class.relnamespace 
WHERE pg_catalog.pg_class.relname = $1::VARCHAR AND pg_catalog.pg_class.relkind = ANY (ARRAY[$2::VARCHAR, $3::VARCHAR, $4::VARCHAR, $5::VARCHAR, $6::VARCHAR]) AND pg_catalog.pg_namespace.nspname = $7::VARCHAR
2025-05-30 16:04:12,975 INFO sqlalchemy.engine.Engine [cached since 0.00681s ago] ('order_items', 'r', 'p', 'f', 'v', 'm', 'orders')
INFO:sqlalchemy.engine.Engine:[cached since 0.00681s ago] ('order_items', 'r', 'p', 'f', 'v', 'm', 'orders')
2025-05-30 16:04:12,976 INFO sqlalchemy.engine.Engine SELECT pg_catalog.pg_class.relname 
FROM pg_catalog.pg_class JOIN pg_catalog.pg_namespace ON pg_catalog.pg_namespace.oid = pg_catalog.pg_class.relnamespace 
WHERE pg_catalog.pg_class.relname = $1::VARCHAR AND pg_catalog.pg_class.relkind = ANY (ARRAY[$2::VARCHAR, $3::VARCHAR, $4::VARCHAR, $5::VARCHAR, $6::VARCHAR]) AND pg_catalog.pg_namespace.nspname = $7::VARCHAR
INFO:sqlalchemy.engine.Engine:SELECT pg_catalog.pg_class.relname 
FROM pg_catalog.pg_class JOIN pg_catalog.pg_namespace ON pg_catalog.pg_namespace.oid = pg_catalog.pg_class.relnamespace 
WHERE pg_catalog.pg_class.relname = $1::VARCHAR AND pg_catalog.pg_class.relkind = ANY (ARRAY[$2::VARCHAR, $3::VARCHAR, $4::VARCHAR, $5::VARCHAR, $6::VARCHAR]) AND pg_catalog.pg_namespace.nspname = $7::VARCHAR
2025-05-30 16:04:12,976 INFO sqlalchemy.engine.Engine [cached since 0.007279s ago] ('ratings', 'r', 'p', 'f', 'v', 'm', 'orders')
INFO:sqlalchemy.engine.Engine:[cached since 0.007279s ago] ('ratings', 'r', 'p', 'f', 'v', 'm', 'orders')
2025-05-30 16:04:12,976 INFO sqlalchemy.engine.Engine SELECT pg_catalog.pg_class.relname 
FROM pg_catalog.pg_class JOIN pg_catalog.pg_namespace ON pg_catalog.pg_namespace.oid = pg_catalog.pg_class.relnamespace 
WHERE pg_catalog.pg_class.relname = $1::VARCHAR AND pg_catalog.pg_class.relkind = ANY (ARRAY[$2::VARCHAR, $3::VARCHAR, $4::VARCHAR, $5::VARCHAR, $6::VARCHAR]) AND pg_catalog.pg_namespace.nspname = $7::VARCHAR
INFO:sqlalchemy.engine.Engine:SELECT pg_catalog.pg_class.relname 
FROM pg_catalog.pg_class JOIN pg_catalog.pg_namespace ON pg_catalog.pg_namespace.oid = pg_catalog.pg_class.relnamespace 
WHERE pg_catalog.pg_class.relname = $1::VARCHAR AND pg_catalog.pg_class.relkind = ANY (ARRAY[$2::VARCHAR, $3::VARCHAR, $4::VARCHAR, $5::VARCHAR, $6::VARCHAR]) AND pg_catalog.pg_namespace.nspname = $7::VARCHAR
2025-05-30 16:04:12,977 INFO sqlalchemy.engine.Engine [cached since 0.008096s ago] ('delivery_agents', 'r', 'p', 'f', 'v', 'm', 'delivery')
INFO:sqlalchemy.engine.Engine:[cached since 0.008096s ago] ('delivery_agents', 'r', 'p', 'f', 'v', 'm', 'delivery')
2025-05-30 16:04:12,977 INFO sqlalchemy.engine.Engine COMMIT
INFO:sqlalchemy.engine.Engine:COMMIT
INFO:main:Restaurant Service startup complete
INFO:     Application startup complete.
2025-05-30 16:04:20,657 INFO sqlalchemy.engine.Engine BEGIN (implicit)
INFO:sqlalchemy.engine.Engine:BEGIN (implicit)
2025-05-30 16:04:20,659 INFO sqlalchemy.engine.Engine SELECT restaurants.restaurants.name, restaurants.restaurants.email, restaurants.restaurants.phone, restaurants.restaurants.address, restaurants.restaurants.cuisine_type, restaurants.restaurants.is_online, restaurants.restaurants.operation_hours, restaurants.restaurants.id, restaurants.restaurants.created_at, restaurants.restaurants.updated_at 
FROM restaurants.restaurants
INFO:sqlalchemy.engine.Engine:SELECT restaurants.restaurants.name, restaurants.restaurants.email, restaurants.restaurants.phone, restaurants.restaurants.address, restaurants.restaurants.cuisine_type, restaurants.restaurants.is_online, restaurants.restaurants.operation_hours, restaurants.restaurants.id, restaurants.restaurants.created_at, restaurants.restaurants.updated_at 
FROM restaurants.restaurants
2025-05-30 16:04:20,659 INFO sqlalchemy.engine.Engine [generated in 0.00007s] ()
INFO:sqlalchemy.engine.Engine:[generated in 0.00007s] ()
2025-05-30 16:04:20,667 INFO sqlalchemy.engine.Engine SELECT restaurants.menu_items.restaurant_id AS restaurants_menu_items_restaurant_id, restaurants.menu_items.name AS restaurants_menu_items_name, restaurants.menu_items.description AS restaurants_menu_items_description, restaurants.menu_items.price AS restaurants_menu_items_price, restaurants.menu_items.category AS restaurants_menu_items_category, restaurants.menu_items.is_available AS restaurants_menu_items_is_available, restaurants.menu_items.image_url AS restaurants_menu_items_image_url, restaurants.menu_items.id AS restaurants_menu_items_id, restaurants.menu_items.created_at AS restaurants_menu_items_created_at, restaurants.menu_items.updated_at AS restaurants_menu_items_updated_at 
FROM restaurants.menu_items 
WHERE restaurants.menu_items.restaurant_id IN ($1::UUID, $2::UUID, $3::UUID, $4::UUID)
INFO:sqlalchemy.engine.Engine:SELECT restaurants.menu_items.restaurant_id AS restaurants_menu_items_restaurant_id, restaurants.menu_items.name AS restaurants_menu_items_name, restaurants.menu_items.description AS restaurants_menu_items_description, restaurants.menu_items.price AS restaurants_menu_items_price, restaurants.menu_items.category AS restaurants_menu_items_category, restaurants.menu_items.is_available AS restaurants_menu_items_is_available, restaurants.menu_items.image_url AS restaurants_menu_items_image_url, restaurants.menu_items.id AS restaurants_menu_items_id, restaurants.menu_items.created_at AS restaurants_menu_items_created_at, restaurants.menu_items.updated_at AS restaurants_menu_items_updated_at 
FROM restaurants.menu_items 
WHERE restaurants.menu_items.restaurant_id IN ($1::UUID, $2::UUID, $3::UUID, $4::UUID)
2025-05-30 16:04:20,667 INFO sqlalchemy.engine.Engine [generated in 0.00020s] (UUID('b78f6a3b-21ca-4a95-80c2-622e2d212843'), UUID('cf54a55e-c9b5-4d8e-ade4-61885240d502'), UUID('feeed13d-4c55-4ed8-98e4-616e6a71aa54'), UUID('284bccdd-6501-42e5-9b31-171e5e483eb6'))
INFO:sqlalchemy.engine.Engine:[generated in 0.00020s] (UUID('b78f6a3b-21ca-4a95-80c2-622e2d212843'), UUID('cf54a55e-c9b5-4d8e-ade4-61885240d502'), UUID('feeed13d-4c55-4ed8-98e4-616e6a71aa54'), UUID('284bccdd-6501-42e5-9b31-171e5e483eb6'))
2025-05-30 16:04:20,670 INFO sqlalchemy.engine.Engine ROLLBACK
INFO:sqlalchemy.engine.Engine:ROLLBACK
INFO:     127.0.0.1:61018 - "POST /graphql HTTP/1.1" 200 OK
INFO:watchfiles.main:1 change detected
WARNING:  WatchFiles detected changes in 'main.py'. Reloading...
INFO:     Shutting down
INFO:     Waiting for application shutdown.
INFO:main:Restaurant Service shutting down...
INFO:main:Restaurant Service shutdown complete
INFO:     Application shutdown complete.
INFO:     Finished server process [8112]
INFO:watchfiles.main:1 change detected
WARNING:  WatchFiles detected changes in 'main.py'. Reloading...
INFO:     Started server process [11189]
INFO:     Waiting for application startup.
INFO:main:Restaurant Service starting up...
2025-05-30 16:11:02,597 INFO sqlalchemy.engine.Engine select pg_catalog.version()
INFO:sqlalchemy.engine.Engine:select pg_catalog.version()
2025-05-30 16:11:02,597 INFO sqlalchemy.engine.Engine [raw sql] ()
INFO:sqlalchemy.engine.Engine:[raw sql] ()
2025-05-30 16:11:02,599 INFO sqlalchemy.engine.Engine select current_schema()
INFO:sqlalchemy.engine.Engine:select current_schema()
2025-05-30 16:11:02,599 INFO sqlalchemy.engine.Engine [raw sql] ()
INFO:sqlalchemy.engine.Engine:[raw sql] ()
2025-05-30 16:11:02,600 INFO sqlalchemy.engine.Engine show standard_conforming_strings
INFO:sqlalchemy.engine.Engine:show standard_conforming_strings
2025-05-30 16:11:02,600 INFO sqlalchemy.engine.Engine [raw sql] ()
INFO:sqlalchemy.engine.Engine:[raw sql] ()
2025-05-30 16:11:02,601 INFO sqlalchemy.engine.Engine BEGIN (implicit)
INFO:sqlalchemy.engine.Engine:BEGIN (implicit)
2025-05-30 16:11:02,603 INFO sqlalchemy.engine.Engine SELECT pg_catalog.pg_class.relname 
FROM pg_catalog.pg_class JOIN pg_catalog.pg_namespace ON pg_catalog.pg_namespace.oid = pg_catalog.pg_class.relnamespace 
WHERE pg_catalog.pg_class.relname = $1::VARCHAR AND pg_catalog.pg_class.relkind = ANY (ARRAY[$2::VARCHAR, $3::VARCHAR, $4::VARCHAR, $5::VARCHAR, $6::VARCHAR]) AND pg_catalog.pg_namespace.nspname = $7::VARCHAR
INFO:sqlalchemy.engine.Engine:SELECT pg_catalog.pg_class.relname 
FROM pg_catalog.pg_class JOIN pg_catalog.pg_namespace ON pg_catalog.pg_namespace.oid = pg_catalog.pg_class.relnamespace 
WHERE pg_catalog.pg_class.relname = $1::VARCHAR AND pg_catalog.pg_class.relkind = ANY (ARRAY[$2::VARCHAR, $3::VARCHAR, $4::VARCHAR, $5::VARCHAR, $6::VARCHAR]) AND pg_catalog.pg_namespace.nspname = $7::VARCHAR
2025-05-30 16:11:02,603 INFO sqlalchemy.engine.Engine [generated in 0.00011s] ('users', 'r', 'p', 'f', 'v', 'm', 'users')
INFO:sqlalchemy.engine.Engine:[generated in 0.00011s] ('users', 'r', 'p', 'f', 'v', 'm', 'users')
2025-05-30 16:11:02,612 INFO sqlalchemy.engine.Engine SELECT pg_catalog.pg_class.relname 
FROM pg_catalog.pg_class JOIN pg_catalog.pg_namespace ON pg_catalog.pg_namespace.oid = pg_catalog.pg_class.relnamespace 
WHERE pg_catalog.pg_class.relname = $1::VARCHAR AND pg_catalog.pg_class.relkind = ANY (ARRAY[$2::VARCHAR, $3::VARCHAR, $4::VARCHAR, $5::VARCHAR, $6::VARCHAR]) AND pg_catalog.pg_namespace.nspname = $7::VARCHAR
INFO:sqlalchemy.engine.Engine:SELECT pg_catalog.pg_class.relname 
FROM pg_catalog.pg_class JOIN pg_catalog.pg_namespace ON pg_catalog.pg_namespace.oid = pg_catalog.pg_class.relnamespace 
WHERE pg_catalog.pg_class.relname = $1::VARCHAR AND pg_catalog.pg_class.relkind = ANY (ARRAY[$2::VARCHAR, $3::VARCHAR, $4::VARCHAR, $5::VARCHAR, $6::VARCHAR]) AND pg_catalog.pg_namespace.nspname = $7::VARCHAR
2025-05-30 16:11:02,612 INFO sqlalchemy.engine.Engine [cached since 0.008785s ago] ('restaurants', 'r', 'p', 'f', 'v', 'm', 'restaurants')
INFO:sqlalchemy.engine.Engine:[cached since 0.008785s ago] ('restaurants', 'r', 'p', 'f', 'v', 'm', 'restaurants')
2025-05-30 16:11:02,613 INFO sqlalchemy.engine.Engine SELECT pg_catalog.pg_class.relname 
FROM pg_catalog.pg_class JOIN pg_catalog.pg_namespace ON pg_catalog.pg_namespace.oid = pg_catalog.pg_class.relnamespace 
WHERE pg_catalog.pg_class.relname = $1::VARCHAR AND pg_catalog.pg_class.relkind = ANY (ARRAY[$2::VARCHAR, $3::VARCHAR, $4::VARCHAR, $5::VARCHAR, $6::VARCHAR]) AND pg_catalog.pg_namespace.nspname = $7::VARCHAR
INFO:sqlalchemy.engine.Engine:SELECT pg_catalog.pg_class.relname 
FROM pg_catalog.pg_class JOIN pg_catalog.pg_namespace ON pg_catalog.pg_namespace.oid = pg_catalog.pg_class.relnamespace 
WHERE pg_catalog.pg_class.relname = $1::VARCHAR AND pg_catalog.pg_class.relkind = ANY (ARRAY[$2::VARCHAR, $3::VARCHAR, $4::VARCHAR, $5::VARCHAR, $6::VARCHAR]) AND pg_catalog.pg_namespace.nspname = $7::VARCHAR
2025-05-30 16:11:02,614 INFO sqlalchemy.engine.Engine [cached since 0.01057s ago] ('menu_items', 'r', 'p', 'f', 'v', 'm', 'restaurants')
INFO:sqlalchemy.engine.Engine:[cached since 0.01057s ago] ('menu_items', 'r', 'p', 'f', 'v', 'm', 'restaurants')
2025-05-30 16:11:02,615 INFO sqlalchemy.engine.Engine SELECT pg_catalog.pg_class.relname 
FROM pg_catalog.pg_class JOIN pg_catalog.pg_namespace ON pg_catalog.pg_namespace.oid = pg_catalog.pg_class.relnamespace 
WHERE pg_catalog.pg_class.relname = $1::VARCHAR AND pg_catalog.pg_class.relkind = ANY (ARRAY[$2::VARCHAR, $3::VARCHAR, $4::VARCHAR, $5::VARCHAR, $6::VARCHAR]) AND pg_catalog.pg_namespace.nspname = $7::VARCHAR
INFO:sqlalchemy.engine.Engine:SELECT pg_catalog.pg_class.relname 
FROM pg_catalog.pg_class JOIN pg_catalog.pg_namespace ON pg_catalog.pg_namespace.oid = pg_catalog.pg_class.relnamespace 
WHERE pg_catalog.pg_class.relname = $1::VARCHAR AND pg_catalog.pg_class.relkind = ANY (ARRAY[$2::VARCHAR, $3::VARCHAR, $4::VARCHAR, $5::VARCHAR, $6::VARCHAR]) AND pg_catalog.pg_namespace.nspname = $7::VARCHAR
2025-05-30 16:11:02,615 INFO sqlalchemy.engine.Engine [cached since 0.01146s ago] ('orders', 'r', 'p', 'f', 'v', 'm', 'orders')
INFO:sqlalchemy.engine.Engine:[cached since 0.01146s ago] ('orders', 'r', 'p', 'f', 'v', 'm', 'orders')
2025-05-30 16:11:02,615 INFO sqlalchemy.engine.Engine SELECT pg_catalog.pg_class.relname 
FROM pg_catalog.pg_class JOIN pg_catalog.pg_namespace ON pg_catalog.pg_namespace.oid = pg_catalog.pg_class.relnamespace 
WHERE pg_catalog.pg_class.relname = $1::VARCHAR AND pg_catalog.pg_class.relkind = ANY (ARRAY[$2::VARCHAR, $3::VARCHAR, $4::VARCHAR, $5::VARCHAR, $6::VARCHAR]) AND pg_catalog.pg_namespace.nspname = $7::VARCHAR
INFO:sqlalchemy.engine.Engine:SELECT pg_catalog.pg_class.relname 
FROM pg_catalog.pg_class JOIN pg_catalog.pg_namespace ON pg_catalog.pg_namespace.oid = pg_catalog.pg_class.relnamespace 
WHERE pg_catalog.pg_class.relname = $1::VARCHAR AND pg_catalog.pg_class.relkind = ANY (ARRAY[$2::VARCHAR, $3::VARCHAR, $4::VARCHAR, $5::VARCHAR, $6::VARCHAR]) AND pg_catalog.pg_namespace.nspname = $7::VARCHAR
2025-05-30 16:11:02,615 INFO sqlalchemy.engine.Engine [cached since 0.01217s ago] ('order_items', 'r', 'p', 'f', 'v', 'm', 'orders')
INFO:sqlalchemy.engine.Engine:[cached since 0.01217s ago] ('order_items', 'r', 'p', 'f', 'v', 'm', 'orders')
2025-05-30 16:11:02,616 INFO sqlalchemy.engine.Engine SELECT pg_catalog.pg_class.relname 
FROM pg_catalog.pg_class JOIN pg_catalog.pg_namespace ON pg_catalog.pg_namespace.oid = pg_catalog.pg_class.relnamespace 
WHERE pg_catalog.pg_class.relname = $1::VARCHAR AND pg_catalog.pg_class.relkind = ANY (ARRAY[$2::VARCHAR, $3::VARCHAR, $4::VARCHAR, $5::VARCHAR, $6::VARCHAR]) AND pg_catalog.pg_namespace.nspname = $7::VARCHAR
INFO:sqlalchemy.engine.Engine:SELECT pg_catalog.pg_class.relname 
FROM pg_catalog.pg_class JOIN pg_catalog.pg_namespace ON pg_catalog.pg_namespace.oid = pg_catalog.pg_class.relnamespace 
WHERE pg_catalog.pg_class.relname = $1::VARCHAR AND pg_catalog.pg_class.relkind = ANY (ARRAY[$2::VARCHAR, $3::VARCHAR, $4::VARCHAR, $5::VARCHAR, $6::VARCHAR]) AND pg_catalog.pg_namespace.nspname = $7::VARCHAR
2025-05-30 16:11:02,616 INFO sqlalchemy.engine.Engine [cached since 0.01276s ago] ('ratings', 'r', 'p', 'f', 'v', 'm', 'orders')
INFO:sqlalchemy.engine.Engine:[cached since 0.01276s ago] ('ratings', 'r', 'p', 'f', 'v', 'm', 'orders')
2025-05-30 16:11:02,617 INFO sqlalchemy.engine.Engine SELECT pg_catalog.pg_class.relname 
FROM pg_catalog.pg_class JOIN pg_catalog.pg_namespace ON pg_catalog.pg_namespace.oid = pg_catalog.pg_class.relnamespace 
WHERE pg_catalog.pg_class.relname = $1::VARCHAR AND pg_catalog.pg_class.relkind = ANY (ARRAY[$2::VARCHAR, $3::VARCHAR, $4::VARCHAR, $5::VARCHAR, $6::VARCHAR]) AND pg_catalog.pg_namespace.nspname = $7::VARCHAR
INFO:sqlalchemy.engine.Engine:SELECT pg_catalog.pg_class.relname 
FROM pg_catalog.pg_class JOIN pg_catalog.pg_namespace ON pg_catalog.pg_namespace.oid = pg_catalog.pg_class.relnamespace 
WHERE pg_catalog.pg_class.relname = $1::VARCHAR AND pg_catalog.pg_class.relkind = ANY (ARRAY[$2::VARCHAR, $3::VARCHAR, $4::VARCHAR, $5::VARCHAR, $6::VARCHAR]) AND pg_catalog.pg_namespace.nspname = $7::VARCHAR
2025-05-30 16:11:02,617 INFO sqlalchemy.engine.Engine [cached since 0.01355s ago] ('delivery_agents', 'r', 'p', 'f', 'v', 'm', 'delivery')
INFO:sqlalchemy.engine.Engine:[cached since 0.01355s ago] ('delivery_agents', 'r', 'p', 'f', 'v', 'm', 'delivery')
2025-05-30 16:11:02,617 INFO sqlalchemy.engine.Engine COMMIT
INFO:sqlalchemy.engine.Engine:COMMIT
INFO:main:Restaurant Service startup complete
INFO:     Application startup complete.
INFO:watchfiles.main:3 changes detected
INFO:watchfiles.main:3 changes detected
WARNING:  WatchFiles detected changes in 'services/restaurant_service.py'. Reloading...
INFO:     Shutting down
INFO:     Waiting for application shutdown.
INFO:main:Restaurant Service shutting down...
INFO:main:Restaurant Service shutdown complete
INFO:     Application shutdown complete.
INFO:     Finished server process [11189]
INFO:watchfiles.main:3 changes detected
INFO:     Started server process [13190]
INFO:     Waiting for application startup.
INFO:main:Restaurant Service starting up...
2025-05-30 16:14:34,350 INFO sqlalchemy.engine.Engine select pg_catalog.version()
INFO:sqlalchemy.engine.Engine:select pg_catalog.version()
2025-05-30 16:14:34,350 INFO sqlalchemy.engine.Engine [raw sql] ()
INFO:sqlalchemy.engine.Engine:[raw sql] ()
2025-05-30 16:14:34,352 INFO sqlalchemy.engine.Engine select current_schema()
INFO:sqlalchemy.engine.Engine:select current_schema()
2025-05-30 16:14:34,352 INFO sqlalchemy.engine.Engine [raw sql] ()
INFO:sqlalchemy.engine.Engine:[raw sql] ()
2025-05-30 16:14:34,353 INFO sqlalchemy.engine.Engine show standard_conforming_strings
INFO:sqlalchemy.engine.Engine:show standard_conforming_strings
2025-05-30 16:14:34,353 INFO sqlalchemy.engine.Engine [raw sql] ()
INFO:sqlalchemy.engine.Engine:[raw sql] ()
2025-05-30 16:14:34,354 INFO sqlalchemy.engine.Engine BEGIN (implicit)
INFO:sqlalchemy.engine.Engine:BEGIN (implicit)
2025-05-30 16:14:34,356 INFO sqlalchemy.engine.Engine SELECT pg_catalog.pg_class.relname 
FROM pg_catalog.pg_class JOIN pg_catalog.pg_namespace ON pg_catalog.pg_namespace.oid = pg_catalog.pg_class.relnamespace 
WHERE pg_catalog.pg_class.relname = $1::VARCHAR AND pg_catalog.pg_class.relkind = ANY (ARRAY[$2::VARCHAR, $3::VARCHAR, $4::VARCHAR, $5::VARCHAR, $6::VARCHAR]) AND pg_catalog.pg_namespace.nspname = $7::VARCHAR
INFO:sqlalchemy.engine.Engine:SELECT pg_catalog.pg_class.relname 
FROM pg_catalog.pg_class JOIN pg_catalog.pg_namespace ON pg_catalog.pg_namespace.oid = pg_catalog.pg_class.relnamespace 
WHERE pg_catalog.pg_class.relname = $1::VARCHAR AND pg_catalog.pg_class.relkind = ANY (ARRAY[$2::VARCHAR, $3::VARCHAR, $4::VARCHAR, $5::VARCHAR, $6::VARCHAR]) AND pg_catalog.pg_namespace.nspname = $7::VARCHAR
2025-05-30 16:14:34,356 INFO sqlalchemy.engine.Engine [generated in 0.00010s] ('users', 'r', 'p', 'f', 'v', 'm', 'users')
INFO:sqlalchemy.engine.Engine:[generated in 0.00010s] ('users', 'r', 'p', 'f', 'v', 'm', 'users')
2025-05-30 16:14:34,359 INFO sqlalchemy.engine.Engine SELECT pg_catalog.pg_class.relname 
FROM pg_catalog.pg_class JOIN pg_catalog.pg_namespace ON pg_catalog.pg_namespace.oid = pg_catalog.pg_class.relnamespace 
WHERE pg_catalog.pg_class.relname = $1::VARCHAR AND pg_catalog.pg_class.relkind = ANY (ARRAY[$2::VARCHAR, $3::VARCHAR, $4::VARCHAR, $5::VARCHAR, $6::VARCHAR]) AND pg_catalog.pg_namespace.nspname = $7::VARCHAR
INFO:sqlalchemy.engine.Engine:SELECT pg_catalog.pg_class.relname 
FROM pg_catalog.pg_class JOIN pg_catalog.pg_namespace ON pg_catalog.pg_namespace.oid = pg_catalog.pg_class.relnamespace 
WHERE pg_catalog.pg_class.relname = $1::VARCHAR AND pg_catalog.pg_class.relkind = ANY (ARRAY[$2::VARCHAR, $3::VARCHAR, $4::VARCHAR, $5::VARCHAR, $6::VARCHAR]) AND pg_catalog.pg_namespace.nspname = $7::VARCHAR
2025-05-30 16:14:34,359 INFO sqlalchemy.engine.Engine [cached since 0.003287s ago] ('restaurants', 'r', 'p', 'f', 'v', 'm', 'restaurants')
INFO:sqlalchemy.engine.Engine:[cached since 0.003287s ago] ('restaurants', 'r', 'p', 'f', 'v', 'm', 'restaurants')
2025-05-30 16:14:34,359 INFO sqlalchemy.engine.Engine SELECT pg_catalog.pg_class.relname 
FROM pg_catalog.pg_class JOIN pg_catalog.pg_namespace ON pg_catalog.pg_namespace.oid = pg_catalog.pg_class.relnamespace 
WHERE pg_catalog.pg_class.relname = $1::VARCHAR AND pg_catalog.pg_class.relkind = ANY (ARRAY[$2::VARCHAR, $3::VARCHAR, $4::VARCHAR, $5::VARCHAR, $6::VARCHAR]) AND pg_catalog.pg_namespace.nspname = $7::VARCHAR
INFO:sqlalchemy.engine.Engine:SELECT pg_catalog.pg_class.relname 
FROM pg_catalog.pg_class JOIN pg_catalog.pg_namespace ON pg_catalog.pg_namespace.oid = pg_catalog.pg_class.relnamespace 
WHERE pg_catalog.pg_class.relname = $1::VARCHAR AND pg_catalog.pg_class.relkind = ANY (ARRAY[$2::VARCHAR, $3::VARCHAR, $4::VARCHAR, $5::VARCHAR, $6::VARCHAR]) AND pg_catalog.pg_namespace.nspname = $7::VARCHAR
2025-05-30 16:14:34,359 INFO sqlalchemy.engine.Engine [cached since 0.003984s ago] ('menu_items', 'r', 'p', 'f', 'v', 'm', 'restaurants')
INFO:sqlalchemy.engine.Engine:[cached since 0.003984s ago] ('menu_items', 'r', 'p', 'f', 'v', 'm', 'restaurants')
2025-05-30 16:14:34,360 INFO sqlalchemy.engine.Engine SELECT pg_catalog.pg_class.relname 
FROM pg_catalog.pg_class JOIN pg_catalog.pg_namespace ON pg_catalog.pg_namespace.oid = pg_catalog.pg_class.relnamespace 
WHERE pg_catalog.pg_class.relname = $1::VARCHAR AND pg_catalog.pg_class.relkind = ANY (ARRAY[$2::VARCHAR, $3::VARCHAR, $4::VARCHAR, $5::VARCHAR, $6::VARCHAR]) AND pg_catalog.pg_namespace.nspname = $7::VARCHAR
INFO:sqlalchemy.engine.Engine:SELECT pg_catalog.pg_class.relname 
FROM pg_catalog.pg_class JOIN pg_catalog.pg_namespace ON pg_catalog.pg_namespace.oid = pg_catalog.pg_class.relnamespace 
WHERE pg_catalog.pg_class.relname = $1::VARCHAR AND pg_catalog.pg_class.relkind = ANY (ARRAY[$2::VARCHAR, $3::VARCHAR, $4::VARCHAR, $5::VARCHAR, $6::VARCHAR]) AND pg_catalog.pg_namespace.nspname = $7::VARCHAR
2025-05-30 16:14:34,360 INFO sqlalchemy.engine.Engine [cached since 0.004737s ago] ('orders', 'r', 'p', 'f', 'v', 'm', 'orders')
INFO:sqlalchemy.engine.Engine:[cached since 0.004737s ago] ('orders', 'r', 'p', 'f', 'v', 'm', 'orders')
2025-05-30 16:14:34,361 INFO sqlalchemy.engine.Engine SELECT pg_catalog.pg_class.relname 
FROM pg_catalog.pg_class JOIN pg_catalog.pg_namespace ON pg_catalog.pg_namespace.oid = pg_catalog.pg_class.relnamespace 
WHERE pg_catalog.pg_class.relname = $1::VARCHAR AND pg_catalog.pg_class.relkind = ANY (ARRAY[$2::VARCHAR, $3::VARCHAR, $4::VARCHAR, $5::VARCHAR, $6::VARCHAR]) AND pg_catalog.pg_namespace.nspname = $7::VARCHAR
INFO:sqlalchemy.engine.Engine:SELECT pg_catalog.pg_class.relname 
FROM pg_catalog.pg_class JOIN pg_catalog.pg_namespace ON pg_catalog.pg_namespace.oid = pg_catalog.pg_class.relnamespace 
WHERE pg_catalog.pg_class.relname = $1::VARCHAR AND pg_catalog.pg_class.relkind = ANY (ARRAY[$2::VARCHAR, $3::VARCHAR, $4::VARCHAR, $5::VARCHAR, $6::VARCHAR]) AND pg_catalog.pg_namespace.nspname = $7::VARCHAR
2025-05-30 16:14:34,361 INFO sqlalchemy.engine.Engine [cached since 0.005318s ago] ('order_items', 'r', 'p', 'f', 'v', 'm', 'orders')
INFO:sqlalchemy.engine.Engine:[cached since 0.005318s ago] ('order_items', 'r', 'p', 'f', 'v', 'm', 'orders')
2025-05-30 16:14:34,361 INFO sqlalchemy.engine.Engine SELECT pg_catalog.pg_class.relname 
FROM pg_catalog.pg_class JOIN pg_catalog.pg_namespace ON pg_catalog.pg_namespace.oid = pg_catalog.pg_class.relnamespace 
WHERE pg_catalog.pg_class.relname = $1::VARCHAR AND pg_catalog.pg_class.relkind = ANY (ARRAY[$2::VARCHAR, $3::VARCHAR, $4::VARCHAR, $5::VARCHAR, $6::VARCHAR]) AND pg_catalog.pg_namespace.nspname = $7::VARCHAR
INFO:sqlalchemy.engine.Engine:SELECT pg_catalog.pg_class.relname 
FROM pg_catalog.pg_class JOIN pg_catalog.pg_namespace ON pg_catalog.pg_namespace.oid = pg_catalog.pg_class.relnamespace 
WHERE pg_catalog.pg_class.relname = $1::VARCHAR AND pg_catalog.pg_class.relkind = ANY (ARRAY[$2::VARCHAR, $3::VARCHAR, $4::VARCHAR, $5::VARCHAR, $6::VARCHAR]) AND pg_catalog.pg_namespace.nspname = $7::VARCHAR
2025-05-30 16:14:34,361 INFO sqlalchemy.engine.Engine [cached since 0.005882s ago] ('ratings', 'r', 'p', 'f', 'v', 'm', 'orders')
INFO:sqlalchemy.engine.Engine:[cached since 0.005882s ago] ('ratings', 'r', 'p', 'f', 'v', 'm', 'orders')
2025-05-30 16:14:34,362 INFO sqlalchemy.engine.Engine SELECT pg_catalog.pg_class.relname 
FROM pg_catalog.pg_class JOIN pg_catalog.pg_namespace ON pg_catalog.pg_namespace.oid = pg_catalog.pg_class.relnamespace 
WHERE pg_catalog.pg_class.relname = $1::VARCHAR AND pg_catalog.pg_class.relkind = ANY (ARRAY[$2::VARCHAR, $3::VARCHAR, $4::VARCHAR, $5::VARCHAR, $6::VARCHAR]) AND pg_catalog.pg_namespace.nspname = $7::VARCHAR
INFO:sqlalchemy.engine.Engine:SELECT pg_catalog.pg_class.relname 
FROM pg_catalog.pg_class JOIN pg_catalog.pg_namespace ON pg_catalog.pg_namespace.oid = pg_catalog.pg_class.relnamespace 
WHERE pg_catalog.pg_class.relname = $1::VARCHAR AND pg_catalog.pg_class.relkind = ANY (ARRAY[$2::VARCHAR, $3::VARCHAR, $4::VARCHAR, $5::VARCHAR, $6::VARCHAR]) AND pg_catalog.pg_namespace.nspname = $7::VARCHAR
2025-05-30 16:14:34,362 INFO sqlalchemy.engine.Engine [cached since 0.006608s ago] ('delivery_agents', 'r', 'p', 'f', 'v', 'm', 'delivery')
INFO:sqlalchemy.engine.Engine:[cached since 0.006608s ago] ('delivery_agents', 'r', 'p', 'f', 'v', 'm', 'delivery')
2025-05-30 16:14:34,363 INFO sqlalchemy.engine.Engine COMMIT
INFO:sqlalchemy.engine.Engine:COMMIT
INFO:main:Restaurant Service startup complete
INFO:     Application startup complete.
INFO:watchfiles.main:3 changes detected
WARNING:  WatchFiles detected changes in 'services/menu_service.py'. Reloading...
INFO:     Shutting down
INFO:     Waiting for application shutdown.
INFO:main:Restaurant Service shutting down...
INFO:main:Restaurant Service shutdown complete
INFO:     Application shutdown complete.
INFO:     Finished server process [13190]
INFO:watchfiles.main:3 changes detected
INFO:     Started server process [13329]
INFO:     Waiting for application startup.
INFO:main:Restaurant Service starting up...
2025-05-30 16:14:46,187 INFO sqlalchemy.engine.Engine select pg_catalog.version()
INFO:sqlalchemy.engine.Engine:select pg_catalog.version()
2025-05-30 16:14:46,188 INFO sqlalchemy.engine.Engine [raw sql] ()
INFO:sqlalchemy.engine.Engine:[raw sql] ()
2025-05-30 16:14:46,189 INFO sqlalchemy.engine.Engine select current_schema()
INFO:sqlalchemy.engine.Engine:select current_schema()
2025-05-30 16:14:46,189 INFO sqlalchemy.engine.Engine [raw sql] ()
INFO:sqlalchemy.engine.Engine:[raw sql] ()
2025-05-30 16:14:46,190 INFO sqlalchemy.engine.Engine show standard_conforming_strings
INFO:sqlalchemy.engine.Engine:show standard_conforming_strings
2025-05-30 16:14:46,190 INFO sqlalchemy.engine.Engine [raw sql] ()
INFO:sqlalchemy.engine.Engine:[raw sql] ()
2025-05-30 16:14:46,190 INFO sqlalchemy.engine.Engine BEGIN (implicit)
INFO:sqlalchemy.engine.Engine:BEGIN (implicit)
2025-05-30 16:14:46,192 INFO sqlalchemy.engine.Engine SELECT pg_catalog.pg_class.relname 
FROM pg_catalog.pg_class JOIN pg_catalog.pg_namespace ON pg_catalog.pg_namespace.oid = pg_catalog.pg_class.relnamespace 
WHERE pg_catalog.pg_class.relname = $1::VARCHAR AND pg_catalog.pg_class.relkind = ANY (ARRAY[$2::VARCHAR, $3::VARCHAR, $4::VARCHAR, $5::VARCHAR, $6::VARCHAR]) AND pg_catalog.pg_namespace.nspname = $7::VARCHAR
INFO:sqlalchemy.engine.Engine:SELECT pg_catalog.pg_class.relname 
FROM pg_catalog.pg_class JOIN pg_catalog.pg_namespace ON pg_catalog.pg_namespace.oid = pg_catalog.pg_class.relnamespace 
WHERE pg_catalog.pg_class.relname = $1::VARCHAR AND pg_catalog.pg_class.relkind = ANY (ARRAY[$2::VARCHAR, $3::VARCHAR, $4::VARCHAR, $5::VARCHAR, $6::VARCHAR]) AND pg_catalog.pg_namespace.nspname = $7::VARCHAR
2025-05-30 16:14:46,192 INFO sqlalchemy.engine.Engine [generated in 0.00010s] ('users', 'r', 'p', 'f', 'v', 'm', 'users')
INFO:sqlalchemy.engine.Engine:[generated in 0.00010s] ('users', 'r', 'p', 'f', 'v', 'm', 'users')
2025-05-30 16:14:46,195 INFO sqlalchemy.engine.Engine SELECT pg_catalog.pg_class.relname 
FROM pg_catalog.pg_class JOIN pg_catalog.pg_namespace ON pg_catalog.pg_namespace.oid = pg_catalog.pg_class.relnamespace 
WHERE pg_catalog.pg_class.relname = $1::VARCHAR AND pg_catalog.pg_class.relkind = ANY (ARRAY[$2::VARCHAR, $3::VARCHAR, $4::VARCHAR, $5::VARCHAR, $6::VARCHAR]) AND pg_catalog.pg_namespace.nspname = $7::VARCHAR
INFO:sqlalchemy.engine.Engine:SELECT pg_catalog.pg_class.relname 
FROM pg_catalog.pg_class JOIN pg_catalog.pg_namespace ON pg_catalog.pg_namespace.oid = pg_catalog.pg_class.relnamespace 
WHERE pg_catalog.pg_class.relname = $1::VARCHAR AND pg_catalog.pg_class.relkind = ANY (ARRAY[$2::VARCHAR, $3::VARCHAR, $4::VARCHAR, $5::VARCHAR, $6::VARCHAR]) AND pg_catalog.pg_namespace.nspname = $7::VARCHAR
2025-05-30 16:14:46,195 INFO sqlalchemy.engine.Engine [cached since 0.002569s ago] ('restaurants', 'r', 'p', 'f', 'v', 'm', 'restaurants')
INFO:sqlalchemy.engine.Engine:[cached since 0.002569s ago] ('restaurants', 'r', 'p', 'f', 'v', 'm', 'restaurants')
2025-05-30 16:14:46,195 INFO sqlalchemy.engine.Engine SELECT pg_catalog.pg_class.relname 
FROM pg_catalog.pg_class JOIN pg_catalog.pg_namespace ON pg_catalog.pg_namespace.oid = pg_catalog.pg_class.relnamespace 
WHERE pg_catalog.pg_class.relname = $1::VARCHAR AND pg_catalog.pg_class.relkind = ANY (ARRAY[$2::VARCHAR, $3::VARCHAR, $4::VARCHAR, $5::VARCHAR, $6::VARCHAR]) AND pg_catalog.pg_namespace.nspname = $7::VARCHAR
INFO:sqlalchemy.engine.Engine:SELECT pg_catalog.pg_class.relname 
FROM pg_catalog.pg_class JOIN pg_catalog.pg_namespace ON pg_catalog.pg_namespace.oid = pg_catalog.pg_class.relnamespace 
WHERE pg_catalog.pg_class.relname = $1::VARCHAR AND pg_catalog.pg_class.relkind = ANY (ARRAY[$2::VARCHAR, $3::VARCHAR, $4::VARCHAR, $5::VARCHAR, $6::VARCHAR]) AND pg_catalog.pg_namespace.nspname = $7::VARCHAR
2025-05-30 16:14:46,195 INFO sqlalchemy.engine.Engine [cached since 0.002968s ago] ('menu_items', 'r', 'p', 'f', 'v', 'm', 'restaurants')
INFO:sqlalchemy.engine.Engine:[cached since 0.002968s ago] ('menu_items', 'r', 'p', 'f', 'v', 'm', 'restaurants')
2025-05-30 16:14:46,195 INFO sqlalchemy.engine.Engine SELECT pg_catalog.pg_class.relname 
FROM pg_catalog.pg_class JOIN pg_catalog.pg_namespace ON pg_catalog.pg_namespace.oid = pg_catalog.pg_class.relnamespace 
WHERE pg_catalog.pg_class.relname = $1::VARCHAR AND pg_catalog.pg_class.relkind = ANY (ARRAY[$2::VARCHAR, $3::VARCHAR, $4::VARCHAR, $5::VARCHAR, $6::VARCHAR]) AND pg_catalog.pg_namespace.nspname = $7::VARCHAR
INFO:sqlalchemy.engine.Engine:SELECT pg_catalog.pg_class.relname 
FROM pg_catalog.pg_class JOIN pg_catalog.pg_namespace ON pg_catalog.pg_namespace.oid = pg_catalog.pg_class.relnamespace 
WHERE pg_catalog.pg_class.relname = $1::VARCHAR AND pg_catalog.pg_class.relkind = ANY (ARRAY[$2::VARCHAR, $3::VARCHAR, $4::VARCHAR, $5::VARCHAR, $6::VARCHAR]) AND pg_catalog.pg_namespace.nspname = $7::VARCHAR
2025-05-30 16:14:46,195 INFO sqlalchemy.engine.Engine [cached since 0.00349s ago] ('orders', 'r', 'p', 'f', 'v', 'm', 'orders')
INFO:sqlalchemy.engine.Engine:[cached since 0.00349s ago] ('orders', 'r', 'p', 'f', 'v', 'm', 'orders')
2025-05-30 16:14:46,196 INFO sqlalchemy.engine.Engine SELECT pg_catalog.pg_class.relname 
FROM pg_catalog.pg_class JOIN pg_catalog.pg_namespace ON pg_catalog.pg_namespace.oid = pg_catalog.pg_class.relnamespace 
WHERE pg_catalog.pg_class.relname = $1::VARCHAR AND pg_catalog.pg_class.relkind = ANY (ARRAY[$2::VARCHAR, $3::VARCHAR, $4::VARCHAR, $5::VARCHAR, $6::VARCHAR]) AND pg_catalog.pg_namespace.nspname = $7::VARCHAR
INFO:sqlalchemy.engine.Engine:SELECT pg_catalog.pg_class.relname 
FROM pg_catalog.pg_class JOIN pg_catalog.pg_namespace ON pg_catalog.pg_namespace.oid = pg_catalog.pg_class.relnamespace 
WHERE pg_catalog.pg_class.relname = $1::VARCHAR AND pg_catalog.pg_class.relkind = ANY (ARRAY[$2::VARCHAR, $3::VARCHAR, $4::VARCHAR, $5::VARCHAR, $6::VARCHAR]) AND pg_catalog.pg_namespace.nspname = $7::VARCHAR
2025-05-30 16:14:46,196 INFO sqlalchemy.engine.Engine [cached since 0.004089s ago] ('order_items', 'r', 'p', 'f', 'v', 'm', 'orders')
INFO:sqlalchemy.engine.Engine:[cached since 0.004089s ago] ('order_items', 'r', 'p', 'f', 'v', 'm', 'orders')
2025-05-30 16:14:46,197 INFO sqlalchemy.engine.Engine SELECT pg_catalog.pg_class.relname 
FROM pg_catalog.pg_class JOIN pg_catalog.pg_namespace ON pg_catalog.pg_namespace.oid = pg_catalog.pg_class.relnamespace 
WHERE pg_catalog.pg_class.relname = $1::VARCHAR AND pg_catalog.pg_class.relkind = ANY (ARRAY[$2::VARCHAR, $3::VARCHAR, $4::VARCHAR, $5::VARCHAR, $6::VARCHAR]) AND pg_catalog.pg_namespace.nspname = $7::VARCHAR
INFO:sqlalchemy.engine.Engine:SELECT pg_catalog.pg_class.relname 
FROM pg_catalog.pg_class JOIN pg_catalog.pg_namespace ON pg_catalog.pg_namespace.oid = pg_catalog.pg_class.relnamespace 
WHERE pg_catalog.pg_class.relname = $1::VARCHAR AND pg_catalog.pg_class.relkind = ANY (ARRAY[$2::VARCHAR, $3::VARCHAR, $4::VARCHAR, $5::VARCHAR, $6::VARCHAR]) AND pg_catalog.pg_namespace.nspname = $7::VARCHAR
2025-05-30 16:14:46,197 INFO sqlalchemy.engine.Engine [cached since 0.00471s ago] ('ratings', 'r', 'p', 'f', 'v', 'm', 'orders')
INFO:sqlalchemy.engine.Engine:[cached since 0.00471s ago] ('ratings', 'r', 'p', 'f', 'v', 'm', 'orders')
2025-05-30 16:14:46,197 INFO sqlalchemy.engine.Engine SELECT pg_catalog.pg_class.relname 
FROM pg_catalog.pg_class JOIN pg_catalog.pg_namespace ON pg_catalog.pg_namespace.oid = pg_catalog.pg_class.relnamespace 
WHERE pg_catalog.pg_class.relname = $1::VARCHAR AND pg_catalog.pg_class.relkind = ANY (ARRAY[$2::VARCHAR, $3::VARCHAR, $4::VARCHAR, $5::VARCHAR, $6::VARCHAR]) AND pg_catalog.pg_namespace.nspname = $7::VARCHAR
INFO:sqlalchemy.engine.Engine:SELECT pg_catalog.pg_class.relname 
FROM pg_catalog.pg_class JOIN pg_catalog.pg_namespace ON pg_catalog.pg_namespace.oid = pg_catalog.pg_class.relnamespace 
WHERE pg_catalog.pg_class.relname = $1::VARCHAR AND pg_catalog.pg_class.relkind = ANY (ARRAY[$2::VARCHAR, $3::VARCHAR, $4::VARCHAR, $5::VARCHAR, $6::VARCHAR]) AND pg_catalog.pg_namespace.nspname = $7::VARCHAR
2025-05-30 16:14:46,197 INFO sqlalchemy.engine.Engine [cached since 0.005398s ago] ('delivery_agents', 'r', 'p', 'f', 'v', 'm', 'delivery')
INFO:sqlalchemy.engine.Engine:[cached since 0.005398s ago] ('delivery_agents', 'r', 'p', 'f', 'v', 'm', 'delivery')
2025-05-30 16:14:46,198 INFO sqlalchemy.engine.Engine COMMIT
INFO:sqlalchemy.engine.Engine:COMMIT
INFO:main:Restaurant Service startup complete
INFO:     Application startup complete.
INFO:watchfiles.main:3 changes detected
WARNING:  WatchFiles detected changes in 'services/order_service.py'. Reloading...
INFO:     Shutting down
INFO:     Waiting for application shutdown.
INFO:main:Restaurant Service shutting down...
INFO:main:Restaurant Service shutdown complete
INFO:     Application shutdown complete.
INFO:     Finished server process [13329]
INFO:watchfiles.main:3 changes detected
INFO:     Started server process [13480]
INFO:     Waiting for application startup.
INFO:main:Restaurant Service starting up...
2025-05-30 16:15:01,985 INFO sqlalchemy.engine.Engine select pg_catalog.version()
INFO:sqlalchemy.engine.Engine:select pg_catalog.version()
2025-05-30 16:15:01,985 INFO sqlalchemy.engine.Engine [raw sql] ()
INFO:sqlalchemy.engine.Engine:[raw sql] ()
2025-05-30 16:15:01,987 INFO sqlalchemy.engine.Engine select current_schema()
INFO:sqlalchemy.engine.Engine:select current_schema()
2025-05-30 16:15:01,987 INFO sqlalchemy.engine.Engine [raw sql] ()
INFO:sqlalchemy.engine.Engine:[raw sql] ()
2025-05-30 16:15:01,988 INFO sqlalchemy.engine.Engine show standard_conforming_strings
INFO:sqlalchemy.engine.Engine:show standard_conforming_strings
2025-05-30 16:15:01,988 INFO sqlalchemy.engine.Engine [raw sql] ()
INFO:sqlalchemy.engine.Engine:[raw sql] ()
2025-05-30 16:15:01,989 INFO sqlalchemy.engine.Engine BEGIN (implicit)
INFO:sqlalchemy.engine.Engine:BEGIN (implicit)
2025-05-30 16:15:01,991 INFO sqlalchemy.engine.Engine SELECT pg_catalog.pg_class.relname 
FROM pg_catalog.pg_class JOIN pg_catalog.pg_namespace ON pg_catalog.pg_namespace.oid = pg_catalog.pg_class.relnamespace 
WHERE pg_catalog.pg_class.relname = $1::VARCHAR AND pg_catalog.pg_class.relkind = ANY (ARRAY[$2::VARCHAR, $3::VARCHAR, $4::VARCHAR, $5::VARCHAR, $6::VARCHAR]) AND pg_catalog.pg_namespace.nspname = $7::VARCHAR
INFO:sqlalchemy.engine.Engine:SELECT pg_catalog.pg_class.relname 
FROM pg_catalog.pg_class JOIN pg_catalog.pg_namespace ON pg_catalog.pg_namespace.oid = pg_catalog.pg_class.relnamespace 
WHERE pg_catalog.pg_class.relname = $1::VARCHAR AND pg_catalog.pg_class.relkind = ANY (ARRAY[$2::VARCHAR, $3::VARCHAR, $4::VARCHAR, $5::VARCHAR, $6::VARCHAR]) AND pg_catalog.pg_namespace.nspname = $7::VARCHAR
2025-05-30 16:15:01,991 INFO sqlalchemy.engine.Engine [generated in 0.00012s] ('users', 'r', 'p', 'f', 'v', 'm', 'users')
INFO:sqlalchemy.engine.Engine:[generated in 0.00012s] ('users', 'r', 'p', 'f', 'v', 'm', 'users')
2025-05-30 16:15:01,994 INFO sqlalchemy.engine.Engine SELECT pg_catalog.pg_class.relname 
FROM pg_catalog.pg_class JOIN pg_catalog.pg_namespace ON pg_catalog.pg_namespace.oid = pg_catalog.pg_class.relnamespace 
WHERE pg_catalog.pg_class.relname = $1::VARCHAR AND pg_catalog.pg_class.relkind = ANY (ARRAY[$2::VARCHAR, $3::VARCHAR, $4::VARCHAR, $5::VARCHAR, $6::VARCHAR]) AND pg_catalog.pg_namespace.nspname = $7::VARCHAR
INFO:sqlalchemy.engine.Engine:SELECT pg_catalog.pg_class.relname 
FROM pg_catalog.pg_class JOIN pg_catalog.pg_namespace ON pg_catalog.pg_namespace.oid = pg_catalog.pg_class.relnamespace 
WHERE pg_catalog.pg_class.relname = $1::VARCHAR AND pg_catalog.pg_class.relkind = ANY (ARRAY[$2::VARCHAR, $3::VARCHAR, $4::VARCHAR, $5::VARCHAR, $6::VARCHAR]) AND pg_catalog.pg_namespace.nspname = $7::VARCHAR
2025-05-30 16:15:01,994 INFO sqlalchemy.engine.Engine [cached since 0.003045s ago] ('restaurants', 'r', 'p', 'f', 'v', 'm', 'restaurants')
INFO:sqlalchemy.engine.Engine:[cached since 0.003045s ago] ('restaurants', 'r', 'p', 'f', 'v', 'm', 'restaurants')
2025-05-30 16:15:01,994 INFO sqlalchemy.engine.Engine SELECT pg_catalog.pg_class.relname 
FROM pg_catalog.pg_class JOIN pg_catalog.pg_namespace ON pg_catalog.pg_namespace.oid = pg_catalog.pg_class.relnamespace 
WHERE pg_catalog.pg_class.relname = $1::VARCHAR AND pg_catalog.pg_class.relkind = ANY (ARRAY[$2::VARCHAR, $3::VARCHAR, $4::VARCHAR, $5::VARCHAR, $6::VARCHAR]) AND pg_catalog.pg_namespace.nspname = $7::VARCHAR
INFO:sqlalchemy.engine.Engine:SELECT pg_catalog.pg_class.relname 
FROM pg_catalog.pg_class JOIN pg_catalog.pg_namespace ON pg_catalog.pg_namespace.oid = pg_catalog.pg_class.relnamespace 
WHERE pg_catalog.pg_class.relname = $1::VARCHAR AND pg_catalog.pg_class.relkind = ANY (ARRAY[$2::VARCHAR, $3::VARCHAR, $4::VARCHAR, $5::VARCHAR, $6::VARCHAR]) AND pg_catalog.pg_namespace.nspname = $7::VARCHAR
2025-05-30 16:15:01,994 INFO sqlalchemy.engine.Engine [cached since 0.003474s ago] ('menu_items', 'r', 'p', 'f', 'v', 'm', 'restaurants')
INFO:sqlalchemy.engine.Engine:[cached since 0.003474s ago] ('menu_items', 'r', 'p', 'f', 'v', 'm', 'restaurants')
2025-05-30 16:15:01,994 INFO sqlalchemy.engine.Engine SELECT pg_catalog.pg_class.relname 
FROM pg_catalog.pg_class JOIN pg_catalog.pg_namespace ON pg_catalog.pg_namespace.oid = pg_catalog.pg_class.relnamespace 
WHERE pg_catalog.pg_class.relname = $1::VARCHAR AND pg_catalog.pg_class.relkind = ANY (ARRAY[$2::VARCHAR, $3::VARCHAR, $4::VARCHAR, $5::VARCHAR, $6::VARCHAR]) AND pg_catalog.pg_namespace.nspname = $7::VARCHAR
INFO:sqlalchemy.engine.Engine:SELECT pg_catalog.pg_class.relname 
FROM pg_catalog.pg_class JOIN pg_catalog.pg_namespace ON pg_catalog.pg_namespace.oid = pg_catalog.pg_class.relnamespace 
WHERE pg_catalog.pg_class.relname = $1::VARCHAR AND pg_catalog.pg_class.relkind = ANY (ARRAY[$2::VARCHAR, $3::VARCHAR, $4::VARCHAR, $5::VARCHAR, $6::VARCHAR]) AND pg_catalog.pg_namespace.nspname = $7::VARCHAR
2025-05-30 16:15:01,995 INFO sqlalchemy.engine.Engine [cached since 0.003998s ago] ('orders', 'r', 'p', 'f', 'v', 'm', 'orders')
INFO:sqlalchemy.engine.Engine:[cached since 0.003998s ago] ('orders', 'r', 'p', 'f', 'v', 'm', 'orders')
2025-05-30 16:15:01,995 INFO sqlalchemy.engine.Engine SELECT pg_catalog.pg_class.relname 
FROM pg_catalog.pg_class JOIN pg_catalog.pg_namespace ON pg_catalog.pg_namespace.oid = pg_catalog.pg_class.relnamespace 
WHERE pg_catalog.pg_class.relname = $1::VARCHAR AND pg_catalog.pg_class.relkind = ANY (ARRAY[$2::VARCHAR, $3::VARCHAR, $4::VARCHAR, $5::VARCHAR, $6::VARCHAR]) AND pg_catalog.pg_namespace.nspname = $7::VARCHAR
INFO:sqlalchemy.engine.Engine:SELECT pg_catalog.pg_class.relname 
FROM pg_catalog.pg_class JOIN pg_catalog.pg_namespace ON pg_catalog.pg_namespace.oid = pg_catalog.pg_class.relnamespace 
WHERE pg_catalog.pg_class.relname = $1::VARCHAR AND pg_catalog.pg_class.relkind = ANY (ARRAY[$2::VARCHAR, $3::VARCHAR, $4::VARCHAR, $5::VARCHAR, $6::VARCHAR]) AND pg_catalog.pg_namespace.nspname = $7::VARCHAR
2025-05-30 16:15:01,995 INFO sqlalchemy.engine.Engine [cached since 0.004411s ago] ('order_items', 'r', 'p', 'f', 'v', 'm', 'orders')
INFO:sqlalchemy.engine.Engine:[cached since 0.004411s ago] ('order_items', 'r', 'p', 'f', 'v', 'm', 'orders')
2025-05-30 16:15:01,995 INFO sqlalchemy.engine.Engine SELECT pg_catalog.pg_class.relname 
FROM pg_catalog.pg_class JOIN pg_catalog.pg_namespace ON pg_catalog.pg_namespace.oid = pg_catalog.pg_class.relnamespace 
WHERE pg_catalog.pg_class.relname = $1::VARCHAR AND pg_catalog.pg_class.relkind = ANY (ARRAY[$2::VARCHAR, $3::VARCHAR, $4::VARCHAR, $5::VARCHAR, $6::VARCHAR]) AND pg_catalog.pg_namespace.nspname = $7::VARCHAR
INFO:sqlalchemy.engine.Engine:SELECT pg_catalog.pg_class.relname 
FROM pg_catalog.pg_class JOIN pg_catalog.pg_namespace ON pg_catalog.pg_namespace.oid = pg_catalog.pg_class.relnamespace 
WHERE pg_catalog.pg_class.relname = $1::VARCHAR AND pg_catalog.pg_class.relkind = ANY (ARRAY[$2::VARCHAR, $3::VARCHAR, $4::VARCHAR, $5::VARCHAR, $6::VARCHAR]) AND pg_catalog.pg_namespace.nspname = $7::VARCHAR
2025-05-30 16:15:01,995 INFO sqlalchemy.engine.Engine [cached since 0.004809s ago] ('ratings', 'r', 'p', 'f', 'v', 'm', 'orders')
INFO:sqlalchemy.engine.Engine:[cached since 0.004809s ago] ('ratings', 'r', 'p', 'f', 'v', 'm', 'orders')
2025-05-30 16:15:01,996 INFO sqlalchemy.engine.Engine SELECT pg_catalog.pg_class.relname 
FROM pg_catalog.pg_class JOIN pg_catalog.pg_namespace ON pg_catalog.pg_namespace.oid = pg_catalog.pg_class.relnamespace 
WHERE pg_catalog.pg_class.relname = $1::VARCHAR AND pg_catalog.pg_class.relkind = ANY (ARRAY[$2::VARCHAR, $3::VARCHAR, $4::VARCHAR, $5::VARCHAR, $6::VARCHAR]) AND pg_catalog.pg_namespace.nspname = $7::VARCHAR
INFO:sqlalchemy.engine.Engine:SELECT pg_catalog.pg_class.relname 
FROM pg_catalog.pg_class JOIN pg_catalog.pg_namespace ON pg_catalog.pg_namespace.oid = pg_catalog.pg_class.relnamespace 
WHERE pg_catalog.pg_class.relname = $1::VARCHAR AND pg_catalog.pg_class.relkind = ANY (ARRAY[$2::VARCHAR, $3::VARCHAR, $4::VARCHAR, $5::VARCHAR, $6::VARCHAR]) AND pg_catalog.pg_namespace.nspname = $7::VARCHAR
2025-05-30 16:15:01,996 INFO sqlalchemy.engine.Engine [cached since 0.00529s ago] ('delivery_agents', 'r', 'p', 'f', 'v', 'm', 'delivery')
INFO:sqlalchemy.engine.Engine:[cached since 0.00529s ago] ('delivery_agents', 'r', 'p', 'f', 'v', 'm', 'delivery')
2025-05-30 16:15:01,996 INFO sqlalchemy.engine.Engine COMMIT
INFO:sqlalchemy.engine.Engine:COMMIT
INFO:main:Restaurant Service startup complete
INFO:     Application startup complete.
INFO:watchfiles.main:51 changes detected
WARNING:  WatchFiles detected changes in 'schemas/restaurant.py', 'schemas/order.py', 'services/restaurant_service.py', 'schemas/__init__.py', 'services/order_service.py', 'main.py', 'gql/schema.py', 'routers/menu.py', 'gql/types.py', 'routers/restaurant.py', 'services/menu_service.py', 'gql/resolvers.py', 'routers/__init__.py', '__init__.py', 'routers/orders.py', 'gql/__init__.py', 'services/__init__.py'. Reloading...
INFO:     Shutting down
INFO:     Waiting for application shutdown.
INFO:main:Restaurant Service shutting down...
INFO:main:Restaurant Service shutdown complete
INFO:     Application shutdown complete.
INFO:     Finished server process [13480]
INFO:watchfiles.main:48 changes detected
INFO:     Started server process [17380]
INFO:     Waiting for application startup.
INFO:main:Restaurant Service starting up...
2025-05-30 16:16:45,667 INFO sqlalchemy.engine.Engine select pg_catalog.version()
INFO:sqlalchemy.engine.Engine:select pg_catalog.version()
2025-05-30 16:16:45,667 INFO sqlalchemy.engine.Engine [raw sql] ()
INFO:sqlalchemy.engine.Engine:[raw sql] ()
2025-05-30 16:16:45,670 INFO sqlalchemy.engine.Engine select current_schema()
INFO:sqlalchemy.engine.Engine:select current_schema()
2025-05-30 16:16:45,670 INFO sqlalchemy.engine.Engine [raw sql] ()
INFO:sqlalchemy.engine.Engine:[raw sql] ()
2025-05-30 16:16:45,671 INFO sqlalchemy.engine.Engine show standard_conforming_strings
INFO:sqlalchemy.engine.Engine:show standard_conforming_strings
2025-05-30 16:16:45,671 INFO sqlalchemy.engine.Engine [raw sql] ()
INFO:sqlalchemy.engine.Engine:[raw sql] ()
2025-05-30 16:16:45,672 INFO sqlalchemy.engine.Engine BEGIN (implicit)
INFO:sqlalchemy.engine.Engine:BEGIN (implicit)
2025-05-30 16:16:45,673 INFO sqlalchemy.engine.Engine SELECT pg_catalog.pg_class.relname 
FROM pg_catalog.pg_class JOIN pg_catalog.pg_namespace ON pg_catalog.pg_namespace.oid = pg_catalog.pg_class.relnamespace 
WHERE pg_catalog.pg_class.relname = $1::VARCHAR AND pg_catalog.pg_class.relkind = ANY (ARRAY[$2::VARCHAR, $3::VARCHAR, $4::VARCHAR, $5::VARCHAR, $6::VARCHAR]) AND pg_catalog.pg_namespace.nspname = $7::VARCHAR
INFO:sqlalchemy.engine.Engine:SELECT pg_catalog.pg_class.relname 
FROM pg_catalog.pg_class JOIN pg_catalog.pg_namespace ON pg_catalog.pg_namespace.oid = pg_catalog.pg_class.relnamespace 
WHERE pg_catalog.pg_class.relname = $1::VARCHAR AND pg_catalog.pg_class.relkind = ANY (ARRAY[$2::VARCHAR, $3::VARCHAR, $4::VARCHAR, $5::VARCHAR, $6::VARCHAR]) AND pg_catalog.pg_namespace.nspname = $7::VARCHAR
2025-05-30 16:16:45,673 INFO sqlalchemy.engine.Engine [generated in 0.00012s] ('users', 'r', 'p', 'f', 'v', 'm', 'users')
INFO:sqlalchemy.engine.Engine:[generated in 0.00012s] ('users', 'r', 'p', 'f', 'v', 'm', 'users')
2025-05-30 16:16:45,680 INFO sqlalchemy.engine.Engine SELECT pg_catalog.pg_class.relname 
FROM pg_catalog.pg_class JOIN pg_catalog.pg_namespace ON pg_catalog.pg_namespace.oid = pg_catalog.pg_class.relnamespace 
WHERE pg_catalog.pg_class.relname = $1::VARCHAR AND pg_catalog.pg_class.relkind = ANY (ARRAY[$2::VARCHAR, $3::VARCHAR, $4::VARCHAR, $5::VARCHAR, $6::VARCHAR]) AND pg_catalog.pg_namespace.nspname = $7::VARCHAR
INFO:sqlalchemy.engine.Engine:SELECT pg_catalog.pg_class.relname 
FROM pg_catalog.pg_class JOIN pg_catalog.pg_namespace ON pg_catalog.pg_namespace.oid = pg_catalog.pg_class.relnamespace 
WHERE pg_catalog.pg_class.relname = $1::VARCHAR AND pg_catalog.pg_class.relkind = ANY (ARRAY[$2::VARCHAR, $3::VARCHAR, $4::VARCHAR, $5::VARCHAR, $6::VARCHAR]) AND pg_catalog.pg_namespace.nspname = $7::VARCHAR
2025-05-30 16:16:45,680 INFO sqlalchemy.engine.Engine [cached since 0.006331s ago] ('restaurants', 'r', 'p', 'f', 'v', 'm', 'restaurants')
INFO:sqlalchemy.engine.Engine:[cached since 0.006331s ago] ('restaurants', 'r', 'p', 'f', 'v', 'm', 'restaurants')
2025-05-30 16:16:45,680 INFO sqlalchemy.engine.Engine SELECT pg_catalog.pg_class.relname 
FROM pg_catalog.pg_class JOIN pg_catalog.pg_namespace ON pg_catalog.pg_namespace.oid = pg_catalog.pg_class.relnamespace 
WHERE pg_catalog.pg_class.relname = $1::VARCHAR AND pg_catalog.pg_class.relkind = ANY (ARRAY[$2::VARCHAR, $3::VARCHAR, $4::VARCHAR, $5::VARCHAR, $6::VARCHAR]) AND pg_catalog.pg_namespace.nspname = $7::VARCHAR
INFO:sqlalchemy.engine.Engine:SELECT pg_catalog.pg_class.relname 
FROM pg_catalog.pg_class JOIN pg_catalog.pg_namespace ON pg_catalog.pg_namespace.oid = pg_catalog.pg_class.relnamespace 
WHERE pg_catalog.pg_class.relname = $1::VARCHAR AND pg_catalog.pg_class.relkind = ANY (ARRAY[$2::VARCHAR, $3::VARCHAR, $4::VARCHAR, $5::VARCHAR, $6::VARCHAR]) AND pg_catalog.pg_namespace.nspname = $7::VARCHAR
2025-05-30 16:16:45,680 INFO sqlalchemy.engine.Engine [cached since 0.006949s ago] ('menu_items', 'r', 'p', 'f', 'v', 'm', 'restaurants')
INFO:sqlalchemy.engine.Engine:[cached since 0.006949s ago] ('menu_items', 'r', 'p', 'f', 'v', 'm', 'restaurants')
2025-05-30 16:16:45,681 INFO sqlalchemy.engine.Engine SELECT pg_catalog.pg_class.relname 
FROM pg_catalog.pg_class JOIN pg_catalog.pg_namespace ON pg_catalog.pg_namespace.oid = pg_catalog.pg_class.relnamespace 
WHERE pg_catalog.pg_class.relname = $1::VARCHAR AND pg_catalog.pg_class.relkind = ANY (ARRAY[$2::VARCHAR, $3::VARCHAR, $4::VARCHAR, $5::VARCHAR, $6::VARCHAR]) AND pg_catalog.pg_namespace.nspname = $7::VARCHAR
INFO:sqlalchemy.engine.Engine:SELECT pg_catalog.pg_class.relname 
FROM pg_catalog.pg_class JOIN pg_catalog.pg_namespace ON pg_catalog.pg_namespace.oid = pg_catalog.pg_class.relnamespace 
WHERE pg_catalog.pg_class.relname = $1::VARCHAR AND pg_catalog.pg_class.relkind = ANY (ARRAY[$2::VARCHAR, $3::VARCHAR, $4::VARCHAR, $5::VARCHAR, $6::VARCHAR]) AND pg_catalog.pg_namespace.nspname = $7::VARCHAR
2025-05-30 16:16:45,681 INFO sqlalchemy.engine.Engine [cached since 0.007561s ago] ('orders', 'r', 'p', 'f', 'v', 'm', 'orders')
INFO:sqlalchemy.engine.Engine:[cached since 0.007561s ago] ('orders', 'r', 'p', 'f', 'v', 'm', 'orders')
2025-05-30 16:16:45,681 INFO sqlalchemy.engine.Engine SELECT pg_catalog.pg_class.relname 
FROM pg_catalog.pg_class JOIN pg_catalog.pg_namespace ON pg_catalog.pg_namespace.oid = pg_catalog.pg_class.relnamespace 
WHERE pg_catalog.pg_class.relname = $1::VARCHAR AND pg_catalog.pg_class.relkind = ANY (ARRAY[$2::VARCHAR, $3::VARCHAR, $4::VARCHAR, $5::VARCHAR, $6::VARCHAR]) AND pg_catalog.pg_namespace.nspname = $7::VARCHAR
INFO:sqlalchemy.engine.Engine:SELECT pg_catalog.pg_class.relname 
FROM pg_catalog.pg_class JOIN pg_catalog.pg_namespace ON pg_catalog.pg_namespace.oid = pg_catalog.pg_class.relnamespace 
WHERE pg_catalog.pg_class.relname = $1::VARCHAR AND pg_catalog.pg_class.relkind = ANY (ARRAY[$2::VARCHAR, $3::VARCHAR, $4::VARCHAR, $5::VARCHAR, $6::VARCHAR]) AND pg_catalog.pg_namespace.nspname = $7::VARCHAR
2025-05-30 16:16:45,681 INFO sqlalchemy.engine.Engine [cached since 0.008061s ago] ('order_items', 'r', 'p', 'f', 'v', 'm', 'orders')
INFO:sqlalchemy.engine.Engine:[cached since 0.008061s ago] ('order_items', 'r', 'p', 'f', 'v', 'm', 'orders')
2025-05-30 16:16:45,682 INFO sqlalchemy.engine.Engine SELECT pg_catalog.pg_class.relname 
FROM pg_catalog.pg_class JOIN pg_catalog.pg_namespace ON pg_catalog.pg_namespace.oid = pg_catalog.pg_class.relnamespace 
WHERE pg_catalog.pg_class.relname = $1::VARCHAR AND pg_catalog.pg_class.relkind = ANY (ARRAY[$2::VARCHAR, $3::VARCHAR, $4::VARCHAR, $5::VARCHAR, $6::VARCHAR]) AND pg_catalog.pg_namespace.nspname = $7::VARCHAR
INFO:sqlalchemy.engine.Engine:SELECT pg_catalog.pg_class.relname 
FROM pg_catalog.pg_class JOIN pg_catalog.pg_namespace ON pg_catalog.pg_namespace.oid = pg_catalog.pg_class.relnamespace 
WHERE pg_catalog.pg_class.relname = $1::VARCHAR AND pg_catalog.pg_class.relkind = ANY (ARRAY[$2::VARCHAR, $3::VARCHAR, $4::VARCHAR, $5::VARCHAR, $6::VARCHAR]) AND pg_catalog.pg_namespace.nspname = $7::VARCHAR
2025-05-30 16:16:45,682 INFO sqlalchemy.engine.Engine [cached since 0.008493s ago] ('ratings', 'r', 'p', 'f', 'v', 'm', 'orders')
INFO:sqlalchemy.engine.Engine:[cached since 0.008493s ago] ('ratings', 'r', 'p', 'f', 'v', 'm', 'orders')
2025-05-30 16:16:45,682 INFO sqlalchemy.engine.Engine SELECT pg_catalog.pg_class.relname 
FROM pg_catalog.pg_class JOIN pg_catalog.pg_namespace ON pg_catalog.pg_namespace.oid = pg_catalog.pg_class.relnamespace 
WHERE pg_catalog.pg_class.relname = $1::VARCHAR AND pg_catalog.pg_class.relkind = ANY (ARRAY[$2::VARCHAR, $3::VARCHAR, $4::VARCHAR, $5::VARCHAR, $6::VARCHAR]) AND pg_catalog.pg_namespace.nspname = $7::VARCHAR
INFO:sqlalchemy.engine.Engine:SELECT pg_catalog.pg_class.relname 
FROM pg_catalog.pg_class JOIN pg_catalog.pg_namespace ON pg_catalog.pg_namespace.oid = pg_catalog.pg_class.relnamespace 
WHERE pg_catalog.pg_class.relname = $1::VARCHAR AND pg_catalog.pg_class.relkind = ANY (ARRAY[$2::VARCHAR, $3::VARCHAR, $4::VARCHAR, $5::VARCHAR, $6::VARCHAR]) AND pg_catalog.pg_namespace.nspname = $7::VARCHAR
2025-05-30 16:16:45,682 INFO sqlalchemy.engine.Engine [cached since 0.009009s ago] ('delivery_agents', 'r', 'p', 'f', 'v', 'm', 'delivery')
INFO:sqlalchemy.engine.Engine:[cached since 0.009009s ago] ('delivery_agents', 'r', 'p', 'f', 'v', 'm', 'delivery')
2025-05-30 16:16:45,683 INFO sqlalchemy.engine.Engine COMMIT
INFO:sqlalchemy.engine.Engine:COMMIT
INFO:main:Restaurant Service startup complete
INFO:     Application startup complete.
INFO:watchfiles.main:3 changes detected
INFO:watchfiles.main:3 changes detected
WARNING:  WatchFiles detected changes in 'main.py'. Reloading...
INFO:     Shutting down
INFO:     Waiting for application shutdown.
INFO:main:Restaurant Service shutting down...
INFO:main:Restaurant Service shutdown complete
INFO:     Application shutdown complete.
INFO:     Finished server process [17380]
INFO:     Started server process [17762]
INFO:     Waiting for application startup.
INFO:main:Restaurant Service starting up...
2025-05-30 16:17:12,625 INFO sqlalchemy.engine.Engine select pg_catalog.version()
INFO:sqlalchemy.engine.Engine:select pg_catalog.version()
2025-05-30 16:17:12,625 INFO sqlalchemy.engine.Engine [raw sql] ()
INFO:sqlalchemy.engine.Engine:[raw sql] ()
2025-05-30 16:17:12,627 INFO sqlalchemy.engine.Engine select current_schema()
INFO:sqlalchemy.engine.Engine:select current_schema()
2025-05-30 16:17:12,627 INFO sqlalchemy.engine.Engine [raw sql] ()
INFO:sqlalchemy.engine.Engine:[raw sql] ()
2025-05-30 16:17:12,628 INFO sqlalchemy.engine.Engine show standard_conforming_strings
INFO:sqlalchemy.engine.Engine:show standard_conforming_strings
2025-05-30 16:17:12,628 INFO sqlalchemy.engine.Engine [raw sql] ()
INFO:sqlalchemy.engine.Engine:[raw sql] ()
2025-05-30 16:17:12,628 INFO sqlalchemy.engine.Engine BEGIN (implicit)
INFO:sqlalchemy.engine.Engine:BEGIN (implicit)
2025-05-30 16:17:12,630 INFO sqlalchemy.engine.Engine SELECT pg_catalog.pg_class.relname 
FROM pg_catalog.pg_class JOIN pg_catalog.pg_namespace ON pg_catalog.pg_namespace.oid = pg_catalog.pg_class.relnamespace 
WHERE pg_catalog.pg_class.relname = $1::VARCHAR AND pg_catalog.pg_class.relkind = ANY (ARRAY[$2::VARCHAR, $3::VARCHAR, $4::VARCHAR, $5::VARCHAR, $6::VARCHAR]) AND pg_catalog.pg_namespace.nspname = $7::VARCHAR
INFO:sqlalchemy.engine.Engine:SELECT pg_catalog.pg_class.relname 
FROM pg_catalog.pg_class JOIN pg_catalog.pg_namespace ON pg_catalog.pg_namespace.oid = pg_catalog.pg_class.relnamespace 
WHERE pg_catalog.pg_class.relname = $1::VARCHAR AND pg_catalog.pg_class.relkind = ANY (ARRAY[$2::VARCHAR, $3::VARCHAR, $4::VARCHAR, $5::VARCHAR, $6::VARCHAR]) AND pg_catalog.pg_namespace.nspname = $7::VARCHAR
2025-05-30 16:17:12,630 INFO sqlalchemy.engine.Engine [generated in 0.00017s] ('users', 'r', 'p', 'f', 'v', 'm', 'users')
INFO:sqlalchemy.engine.Engine:[generated in 0.00017s] ('users', 'r', 'p', 'f', 'v', 'm', 'users')
2025-05-30 16:17:12,633 INFO sqlalchemy.engine.Engine SELECT pg_catalog.pg_class.relname 
FROM pg_catalog.pg_class JOIN pg_catalog.pg_namespace ON pg_catalog.pg_namespace.oid = pg_catalog.pg_class.relnamespace 
WHERE pg_catalog.pg_class.relname = $1::VARCHAR AND pg_catalog.pg_class.relkind = ANY (ARRAY[$2::VARCHAR, $3::VARCHAR, $4::VARCHAR, $5::VARCHAR, $6::VARCHAR]) AND pg_catalog.pg_namespace.nspname = $7::VARCHAR
INFO:sqlalchemy.engine.Engine:SELECT pg_catalog.pg_class.relname 
FROM pg_catalog.pg_class JOIN pg_catalog.pg_namespace ON pg_catalog.pg_namespace.oid = pg_catalog.pg_class.relnamespace 
WHERE pg_catalog.pg_class.relname = $1::VARCHAR AND pg_catalog.pg_class.relkind = ANY (ARRAY[$2::VARCHAR, $3::VARCHAR, $4::VARCHAR, $5::VARCHAR, $6::VARCHAR]) AND pg_catalog.pg_namespace.nspname = $7::VARCHAR
2025-05-30 16:17:12,633 INFO sqlalchemy.engine.Engine [cached since 0.002861s ago] ('restaurants', 'r', 'p', 'f', 'v', 'm', 'restaurants')
INFO:sqlalchemy.engine.Engine:[cached since 0.002861s ago] ('restaurants', 'r', 'p', 'f', 'v', 'm', 'restaurants')
2025-05-30 16:17:12,633 INFO sqlalchemy.engine.Engine SELECT pg_catalog.pg_class.relname 
FROM pg_catalog.pg_class JOIN pg_catalog.pg_namespace ON pg_catalog.pg_namespace.oid = pg_catalog.pg_class.relnamespace 
WHERE pg_catalog.pg_class.relname = $1::VARCHAR AND pg_catalog.pg_class.relkind = ANY (ARRAY[$2::VARCHAR, $3::VARCHAR, $4::VARCHAR, $5::VARCHAR, $6::VARCHAR]) AND pg_catalog.pg_namespace.nspname = $7::VARCHAR
INFO:sqlalchemy.engine.Engine:SELECT pg_catalog.pg_class.relname 
FROM pg_catalog.pg_class JOIN pg_catalog.pg_namespace ON pg_catalog.pg_namespace.oid = pg_catalog.pg_class.relnamespace 
WHERE pg_catalog.pg_class.relname = $1::VARCHAR AND pg_catalog.pg_class.relkind = ANY (ARRAY[$2::VARCHAR, $3::VARCHAR, $4::VARCHAR, $5::VARCHAR, $6::VARCHAR]) AND pg_catalog.pg_namespace.nspname = $7::VARCHAR
2025-05-30 16:17:12,634 INFO sqlalchemy.engine.Engine [cached since 0.003371s ago] ('menu_items', 'r', 'p', 'f', 'v', 'm', 'restaurants')
INFO:sqlalchemy.engine.Engine:[cached since 0.003371s ago] ('menu_items', 'r', 'p', 'f', 'v', 'm', 'restaurants')
2025-05-30 16:17:12,634 INFO sqlalchemy.engine.Engine SELECT pg_catalog.pg_class.relname 
FROM pg_catalog.pg_class JOIN pg_catalog.pg_namespace ON pg_catalog.pg_namespace.oid = pg_catalog.pg_class.relnamespace 
WHERE pg_catalog.pg_class.relname = $1::VARCHAR AND pg_catalog.pg_class.relkind = ANY (ARRAY[$2::VARCHAR, $3::VARCHAR, $4::VARCHAR, $5::VARCHAR, $6::VARCHAR]) AND pg_catalog.pg_namespace.nspname = $7::VARCHAR
INFO:sqlalchemy.engine.Engine:SELECT pg_catalog.pg_class.relname 
FROM pg_catalog.pg_class JOIN pg_catalog.pg_namespace ON pg_catalog.pg_namespace.oid = pg_catalog.pg_class.relnamespace 
WHERE pg_catalog.pg_class.relname = $1::VARCHAR AND pg_catalog.pg_class.relkind = ANY (ARRAY[$2::VARCHAR, $3::VARCHAR, $4::VARCHAR, $5::VARCHAR, $6::VARCHAR]) AND pg_catalog.pg_namespace.nspname = $7::VARCHAR
2025-05-30 16:17:12,635 INFO sqlalchemy.engine.Engine [cached since 0.004371s ago] ('orders', 'r', 'p', 'f', 'v', 'm', 'orders')
INFO:sqlalchemy.engine.Engine:[cached since 0.004371s ago] ('orders', 'r', 'p', 'f', 'v', 'm', 'orders')
2025-05-30 16:17:12,635 INFO sqlalchemy.engine.Engine SELECT pg_catalog.pg_class.relname 
FROM pg_catalog.pg_class JOIN pg_catalog.pg_namespace ON pg_catalog.pg_namespace.oid = pg_catalog.pg_class.relnamespace 
WHERE pg_catalog.pg_class.relname = $1::VARCHAR AND pg_catalog.pg_class.relkind = ANY (ARRAY[$2::VARCHAR, $3::VARCHAR, $4::VARCHAR, $5::VARCHAR, $6::VARCHAR]) AND pg_catalog.pg_namespace.nspname = $7::VARCHAR
INFO:sqlalchemy.engine.Engine:SELECT pg_catalog.pg_class.relname 
FROM pg_catalog.pg_class JOIN pg_catalog.pg_namespace ON pg_catalog.pg_namespace.oid = pg_catalog.pg_class.relnamespace 
WHERE pg_catalog.pg_class.relname = $1::VARCHAR AND pg_catalog.pg_class.relkind = ANY (ARRAY[$2::VARCHAR, $3::VARCHAR, $4::VARCHAR, $5::VARCHAR, $6::VARCHAR]) AND pg_catalog.pg_namespace.nspname = $7::VARCHAR
2025-05-30 16:17:12,636 INFO sqlalchemy.engine.Engine [cached since 0.005356s ago] ('order_items', 'r', 'p', 'f', 'v', 'm', 'orders')
INFO:sqlalchemy.engine.Engine:[cached since 0.005356s ago] ('order_items', 'r', 'p', 'f', 'v', 'm', 'orders')
2025-05-30 16:17:12,636 INFO sqlalchemy.engine.Engine SELECT pg_catalog.pg_class.relname 
FROM pg_catalog.pg_class JOIN pg_catalog.pg_namespace ON pg_catalog.pg_namespace.oid = pg_catalog.pg_class.relnamespace 
WHERE pg_catalog.pg_class.relname = $1::VARCHAR AND pg_catalog.pg_class.relkind = ANY (ARRAY[$2::VARCHAR, $3::VARCHAR, $4::VARCHAR, $5::VARCHAR, $6::VARCHAR]) AND pg_catalog.pg_namespace.nspname = $7::VARCHAR
INFO:sqlalchemy.engine.Engine:SELECT pg_catalog.pg_class.relname 
FROM pg_catalog.pg_class JOIN pg_catalog.pg_namespace ON pg_catalog.pg_namespace.oid = pg_catalog.pg_class.relnamespace 
WHERE pg_catalog.pg_class.relname = $1::VARCHAR AND pg_catalog.pg_class.relkind = ANY (ARRAY[$2::VARCHAR, $3::VARCHAR, $4::VARCHAR, $5::VARCHAR, $6::VARCHAR]) AND pg_catalog.pg_namespace.nspname = $7::VARCHAR
2025-05-30 16:17:12,636 INFO sqlalchemy.engine.Engine [cached since 0.005824s ago] ('ratings', 'r', 'p', 'f', 'v', 'm', 'orders')
INFO:sqlalchemy.engine.Engine:[cached since 0.005824s ago] ('ratings', 'r', 'p', 'f', 'v', 'm', 'orders')
2025-05-30 16:17:12,637 INFO sqlalchemy.engine.Engine SELECT pg_catalog.pg_class.relname 
FROM pg_catalog.pg_class JOIN pg_catalog.pg_namespace ON pg_catalog.pg_namespace.oid = pg_catalog.pg_class.relnamespace 
WHERE pg_catalog.pg_class.relname = $1::VARCHAR AND pg_catalog.pg_class.relkind = ANY (ARRAY[$2::VARCHAR, $3::VARCHAR, $4::VARCHAR, $5::VARCHAR, $6::VARCHAR]) AND pg_catalog.pg_namespace.nspname = $7::VARCHAR
INFO:sqlalchemy.engine.Engine:SELECT pg_catalog.pg_class.relname 
FROM pg_catalog.pg_class JOIN pg_catalog.pg_namespace ON pg_catalog.pg_namespace.oid = pg_catalog.pg_class.relnamespace 
WHERE pg_catalog.pg_class.relname = $1::VARCHAR AND pg_catalog.pg_class.relkind = ANY (ARRAY[$2::VARCHAR, $3::VARCHAR, $4::VARCHAR, $5::VARCHAR, $6::VARCHAR]) AND pg_catalog.pg_namespace.nspname = $7::VARCHAR
2025-05-30 16:17:12,637 INFO sqlalchemy.engine.Engine [cached since 0.006484s ago] ('delivery_agents', 'r', 'p', 'f', 'v', 'm', 'delivery')
INFO:sqlalchemy.engine.Engine:[cached since 0.006484s ago] ('delivery_agents', 'r', 'p', 'f', 'v', 'm', 'delivery')
2025-05-30 16:17:12,637 INFO sqlalchemy.engine.Engine COMMIT
INFO:sqlalchemy.engine.Engine:COMMIT
INFO:main:Restaurant Service startup complete
INFO:     Application startup complete.
INFO:watchfiles.main:3 changes detected
INFO:watchfiles.main:3 changes detected
WARNING:  WatchFiles detected changes in 'main.py'. Reloading...
INFO:     Shutting down
INFO:     Waiting for application shutdown.
INFO:main:Restaurant Service shutting down...
INFO:main:Restaurant Service shutdown complete
INFO:     Application shutdown complete.
INFO:     Finished server process [17762]
INFO:     Started server process [17910]
INFO:     Waiting for application startup.
INFO:main:Restaurant Service starting up...
2025-05-30 16:17:27,043 INFO sqlalchemy.engine.Engine select pg_catalog.version()
INFO:sqlalchemy.engine.Engine:select pg_catalog.version()
2025-05-30 16:17:27,043 INFO sqlalchemy.engine.Engine [raw sql] ()
INFO:sqlalchemy.engine.Engine:[raw sql] ()
2025-05-30 16:17:27,045 INFO sqlalchemy.engine.Engine select current_schema()
INFO:sqlalchemy.engine.Engine:select current_schema()
2025-05-30 16:17:27,045 INFO sqlalchemy.engine.Engine [raw sql] ()
INFO:sqlalchemy.engine.Engine:[raw sql] ()
2025-05-30 16:17:27,046 INFO sqlalchemy.engine.Engine show standard_conforming_strings
INFO:sqlalchemy.engine.Engine:show standard_conforming_strings
2025-05-30 16:17:27,047 INFO sqlalchemy.engine.Engine [raw sql] ()
INFO:sqlalchemy.engine.Engine:[raw sql] ()
2025-05-30 16:17:27,047 INFO sqlalchemy.engine.Engine BEGIN (implicit)
INFO:sqlalchemy.engine.Engine:BEGIN (implicit)
2025-05-30 16:17:27,049 INFO sqlalchemy.engine.Engine SELECT pg_catalog.pg_class.relname 
FROM pg_catalog.pg_class JOIN pg_catalog.pg_namespace ON pg_catalog.pg_namespace.oid = pg_catalog.pg_class.relnamespace 
WHERE pg_catalog.pg_class.relname = $1::VARCHAR AND pg_catalog.pg_class.relkind = ANY (ARRAY[$2::VARCHAR, $3::VARCHAR, $4::VARCHAR, $5::VARCHAR, $6::VARCHAR]) AND pg_catalog.pg_namespace.nspname = $7::VARCHAR
INFO:sqlalchemy.engine.Engine:SELECT pg_catalog.pg_class.relname 
FROM pg_catalog.pg_class JOIN pg_catalog.pg_namespace ON pg_catalog.pg_namespace.oid = pg_catalog.pg_class.relnamespace 
WHERE pg_catalog.pg_class.relname = $1::VARCHAR AND pg_catalog.pg_class.relkind = ANY (ARRAY[$2::VARCHAR, $3::VARCHAR, $4::VARCHAR, $5::VARCHAR, $6::VARCHAR]) AND pg_catalog.pg_namespace.nspname = $7::VARCHAR
2025-05-30 16:17:27,049 INFO sqlalchemy.engine.Engine [generated in 0.00014s] ('users', 'r', 'p', 'f', 'v', 'm', 'users')
INFO:sqlalchemy.engine.Engine:[generated in 0.00014s] ('users', 'r', 'p', 'f', 'v', 'm', 'users')
2025-05-30 16:17:27,056 INFO sqlalchemy.engine.Engine SELECT pg_catalog.pg_class.relname 
FROM pg_catalog.pg_class JOIN pg_catalog.pg_namespace ON pg_catalog.pg_namespace.oid = pg_catalog.pg_class.relnamespace 
WHERE pg_catalog.pg_class.relname = $1::VARCHAR AND pg_catalog.pg_class.relkind = ANY (ARRAY[$2::VARCHAR, $3::VARCHAR, $4::VARCHAR, $5::VARCHAR, $6::VARCHAR]) AND pg_catalog.pg_namespace.nspname = $7::VARCHAR
INFO:sqlalchemy.engine.Engine:SELECT pg_catalog.pg_class.relname 
FROM pg_catalog.pg_class JOIN pg_catalog.pg_namespace ON pg_catalog.pg_namespace.oid = pg_catalog.pg_class.relnamespace 
WHERE pg_catalog.pg_class.relname = $1::VARCHAR AND pg_catalog.pg_class.relkind = ANY (ARRAY[$2::VARCHAR, $3::VARCHAR, $4::VARCHAR, $5::VARCHAR, $6::VARCHAR]) AND pg_catalog.pg_namespace.nspname = $7::VARCHAR
2025-05-30 16:17:27,056 INFO sqlalchemy.engine.Engine [cached since 0.006823s ago] ('restaurants', 'r', 'p', 'f', 'v', 'm', 'restaurants')
INFO:sqlalchemy.engine.Engine:[cached since 0.006823s ago] ('restaurants', 'r', 'p', 'f', 'v', 'm', 'restaurants')
2025-05-30 16:17:27,056 INFO sqlalchemy.engine.Engine SELECT pg_catalog.pg_class.relname 
FROM pg_catalog.pg_class JOIN pg_catalog.pg_namespace ON pg_catalog.pg_namespace.oid = pg_catalog.pg_class.relnamespace 
WHERE pg_catalog.pg_class.relname = $1::VARCHAR AND pg_catalog.pg_class.relkind = ANY (ARRAY[$2::VARCHAR, $3::VARCHAR, $4::VARCHAR, $5::VARCHAR, $6::VARCHAR]) AND pg_catalog.pg_namespace.nspname = $7::VARCHAR
INFO:sqlalchemy.engine.Engine:SELECT pg_catalog.pg_class.relname 
FROM pg_catalog.pg_class JOIN pg_catalog.pg_namespace ON pg_catalog.pg_namespace.oid = pg_catalog.pg_class.relnamespace 
WHERE pg_catalog.pg_class.relname = $1::VARCHAR AND pg_catalog.pg_class.relkind = ANY (ARRAY[$2::VARCHAR, $3::VARCHAR, $4::VARCHAR, $5::VARCHAR, $6::VARCHAR]) AND pg_catalog.pg_namespace.nspname = $7::VARCHAR
2025-05-30 16:17:27,056 INFO sqlalchemy.engine.Engine [cached since 0.007277s ago] ('menu_items', 'r', 'p', 'f', 'v', 'm', 'restaurants')
INFO:sqlalchemy.engine.Engine:[cached since 0.007277s ago] ('menu_items', 'r', 'p', 'f', 'v', 'm', 'restaurants')
2025-05-30 16:17:27,057 INFO sqlalchemy.engine.Engine SELECT pg_catalog.pg_class.relname 
FROM pg_catalog.pg_class JOIN pg_catalog.pg_namespace ON pg_catalog.pg_namespace.oid = pg_catalog.pg_class.relnamespace 
WHERE pg_catalog.pg_class.relname = $1::VARCHAR AND pg_catalog.pg_class.relkind = ANY (ARRAY[$2::VARCHAR, $3::VARCHAR, $4::VARCHAR, $5::VARCHAR, $6::VARCHAR]) AND pg_catalog.pg_namespace.nspname = $7::VARCHAR
INFO:sqlalchemy.engine.Engine:SELECT pg_catalog.pg_class.relname 
FROM pg_catalog.pg_class JOIN pg_catalog.pg_namespace ON pg_catalog.pg_namespace.oid = pg_catalog.pg_class.relnamespace 
WHERE pg_catalog.pg_class.relname = $1::VARCHAR AND pg_catalog.pg_class.relkind = ANY (ARRAY[$2::VARCHAR, $3::VARCHAR, $4::VARCHAR, $5::VARCHAR, $6::VARCHAR]) AND pg_catalog.pg_namespace.nspname = $7::VARCHAR
2025-05-30 16:17:27,057 INFO sqlalchemy.engine.Engine [cached since 0.007851s ago] ('orders', 'r', 'p', 'f', 'v', 'm', 'orders')
INFO:sqlalchemy.engine.Engine:[cached since 0.007851s ago] ('orders', 'r', 'p', 'f', 'v', 'm', 'orders')
2025-05-30 16:17:27,057 INFO sqlalchemy.engine.Engine SELECT pg_catalog.pg_class.relname 
FROM pg_catalog.pg_class JOIN pg_catalog.pg_namespace ON pg_catalog.pg_namespace.oid = pg_catalog.pg_class.relnamespace 
WHERE pg_catalog.pg_class.relname = $1::VARCHAR AND pg_catalog.pg_class.relkind = ANY (ARRAY[$2::VARCHAR, $3::VARCHAR, $4::VARCHAR, $5::VARCHAR, $6::VARCHAR]) AND pg_catalog.pg_namespace.nspname = $7::VARCHAR
INFO:sqlalchemy.engine.Engine:SELECT pg_catalog.pg_class.relname 
FROM pg_catalog.pg_class JOIN pg_catalog.pg_namespace ON pg_catalog.pg_namespace.oid = pg_catalog.pg_class.relnamespace 
WHERE pg_catalog.pg_class.relname = $1::VARCHAR AND pg_catalog.pg_class.relkind = ANY (ARRAY[$2::VARCHAR, $3::VARCHAR, $4::VARCHAR, $5::VARCHAR, $6::VARCHAR]) AND pg_catalog.pg_namespace.nspname = $7::VARCHAR
2025-05-30 16:17:27,057 INFO sqlalchemy.engine.Engine [cached since 0.008303s ago] ('order_items', 'r', 'p', 'f', 'v', 'm', 'orders')
INFO:sqlalchemy.engine.Engine:[cached since 0.008303s ago] ('order_items', 'r', 'p', 'f', 'v', 'm', 'orders')
2025-05-30 16:17:27,058 INFO sqlalchemy.engine.Engine SELECT pg_catalog.pg_class.relname 
FROM pg_catalog.pg_class JOIN pg_catalog.pg_namespace ON pg_catalog.pg_namespace.oid = pg_catalog.pg_class.relnamespace 
WHERE pg_catalog.pg_class.relname = $1::VARCHAR AND pg_catalog.pg_class.relkind = ANY (ARRAY[$2::VARCHAR, $3::VARCHAR, $4::VARCHAR, $5::VARCHAR, $6::VARCHAR]) AND pg_catalog.pg_namespace.nspname = $7::VARCHAR
INFO:sqlalchemy.engine.Engine:SELECT pg_catalog.pg_class.relname 
FROM pg_catalog.pg_class JOIN pg_catalog.pg_namespace ON pg_catalog.pg_namespace.oid = pg_catalog.pg_class.relnamespace 
WHERE pg_catalog.pg_class.relname = $1::VARCHAR AND pg_catalog.pg_class.relkind = ANY (ARRAY[$2::VARCHAR, $3::VARCHAR, $4::VARCHAR, $5::VARCHAR, $6::VARCHAR]) AND pg_catalog.pg_namespace.nspname = $7::VARCHAR
2025-05-30 16:17:27,058 INFO sqlalchemy.engine.Engine [cached since 0.008669s ago] ('ratings', 'r', 'p', 'f', 'v', 'm', 'orders')
INFO:sqlalchemy.engine.Engine:[cached since 0.008669s ago] ('ratings', 'r', 'p', 'f', 'v', 'm', 'orders')
2025-05-30 16:17:27,058 INFO sqlalchemy.engine.Engine SELECT pg_catalog.pg_class.relname 
FROM pg_catalog.pg_class JOIN pg_catalog.pg_namespace ON pg_catalog.pg_namespace.oid = pg_catalog.pg_class.relnamespace 
WHERE pg_catalog.pg_class.relname = $1::VARCHAR AND pg_catalog.pg_class.relkind = ANY (ARRAY[$2::VARCHAR, $3::VARCHAR, $4::VARCHAR, $5::VARCHAR, $6::VARCHAR]) AND pg_catalog.pg_namespace.nspname = $7::VARCHAR
INFO:sqlalchemy.engine.Engine:SELECT pg_catalog.pg_class.relname 
FROM pg_catalog.pg_class JOIN pg_catalog.pg_namespace ON pg_catalog.pg_namespace.oid = pg_catalog.pg_class.relnamespace 
WHERE pg_catalog.pg_class.relname = $1::VARCHAR AND pg_catalog.pg_class.relkind = ANY (ARRAY[$2::VARCHAR, $3::VARCHAR, $4::VARCHAR, $5::VARCHAR, $6::VARCHAR]) AND pg_catalog.pg_namespace.nspname = $7::VARCHAR
2025-05-30 16:17:27,058 INFO sqlalchemy.engine.Engine [cached since 0.009256s ago] ('delivery_agents', 'r', 'p', 'f', 'v', 'm', 'delivery')
INFO:sqlalchemy.engine.Engine:[cached since 0.009256s ago] ('delivery_agents', 'r', 'p', 'f', 'v', 'm', 'delivery')
2025-05-30 16:17:27,059 INFO sqlalchemy.engine.Engine COMMIT
INFO:sqlalchemy.engine.Engine:COMMIT
INFO:main:Restaurant Service startup complete
INFO:     Application startup complete.
INFO:watchfiles.main:3 changes detected
INFO:watchfiles.main:3 changes detected
WARNING:  WatchFiles detected changes in 'main.py'. Reloading...
INFO:     Shutting down
INFO:     Waiting for application shutdown.
INFO:main:Restaurant Service shutting down...
INFO:main:Restaurant Service shutdown complete
INFO:     Application shutdown complete.
INFO:     Finished server process [17910]
INFO:     Started server process [17987]
INFO:     Waiting for application startup.
INFO:main:Restaurant Service starting up...
2025-05-30 16:17:34,223 INFO sqlalchemy.engine.Engine select pg_catalog.version()
INFO:sqlalchemy.engine.Engine:select pg_catalog.version()
2025-05-30 16:17:34,224 INFO sqlalchemy.engine.Engine [raw sql] ()
INFO:sqlalchemy.engine.Engine:[raw sql] ()
2025-05-30 16:17:34,225 INFO sqlalchemy.engine.Engine select current_schema()
INFO:sqlalchemy.engine.Engine:select current_schema()
2025-05-30 16:17:34,225 INFO sqlalchemy.engine.Engine [raw sql] ()
INFO:sqlalchemy.engine.Engine:[raw sql] ()
2025-05-30 16:17:34,226 INFO sqlalchemy.engine.Engine show standard_conforming_strings
INFO:sqlalchemy.engine.Engine:show standard_conforming_strings
2025-05-30 16:17:34,226 INFO sqlalchemy.engine.Engine [raw sql] ()
INFO:sqlalchemy.engine.Engine:[raw sql] ()
2025-05-30 16:17:34,227 INFO sqlalchemy.engine.Engine BEGIN (implicit)
INFO:sqlalchemy.engine.Engine:BEGIN (implicit)
2025-05-30 16:17:34,228 INFO sqlalchemy.engine.Engine SELECT pg_catalog.pg_class.relname 
FROM pg_catalog.pg_class JOIN pg_catalog.pg_namespace ON pg_catalog.pg_namespace.oid = pg_catalog.pg_class.relnamespace 
WHERE pg_catalog.pg_class.relname = $1::VARCHAR AND pg_catalog.pg_class.relkind = ANY (ARRAY[$2::VARCHAR, $3::VARCHAR, $4::VARCHAR, $5::VARCHAR, $6::VARCHAR]) AND pg_catalog.pg_namespace.nspname = $7::VARCHAR
INFO:sqlalchemy.engine.Engine:SELECT pg_catalog.pg_class.relname 
FROM pg_catalog.pg_class JOIN pg_catalog.pg_namespace ON pg_catalog.pg_namespace.oid = pg_catalog.pg_class.relnamespace 
WHERE pg_catalog.pg_class.relname = $1::VARCHAR AND pg_catalog.pg_class.relkind = ANY (ARRAY[$2::VARCHAR, $3::VARCHAR, $4::VARCHAR, $5::VARCHAR, $6::VARCHAR]) AND pg_catalog.pg_namespace.nspname = $7::VARCHAR
2025-05-30 16:17:34,228 INFO sqlalchemy.engine.Engine [generated in 0.00010s] ('users', 'r', 'p', 'f', 'v', 'm', 'users')
INFO:sqlalchemy.engine.Engine:[generated in 0.00010s] ('users', 'r', 'p', 'f', 'v', 'm', 'users')
2025-05-30 16:17:34,231 INFO sqlalchemy.engine.Engine SELECT pg_catalog.pg_class.relname 
FROM pg_catalog.pg_class JOIN pg_catalog.pg_namespace ON pg_catalog.pg_namespace.oid = pg_catalog.pg_class.relnamespace 
WHERE pg_catalog.pg_class.relname = $1::VARCHAR AND pg_catalog.pg_class.relkind = ANY (ARRAY[$2::VARCHAR, $3::VARCHAR, $4::VARCHAR, $5::VARCHAR, $6::VARCHAR]) AND pg_catalog.pg_namespace.nspname = $7::VARCHAR
INFO:sqlalchemy.engine.Engine:SELECT pg_catalog.pg_class.relname 
FROM pg_catalog.pg_class JOIN pg_catalog.pg_namespace ON pg_catalog.pg_namespace.oid = pg_catalog.pg_class.relnamespace 
WHERE pg_catalog.pg_class.relname = $1::VARCHAR AND pg_catalog.pg_class.relkind = ANY (ARRAY[$2::VARCHAR, $3::VARCHAR, $4::VARCHAR, $5::VARCHAR, $6::VARCHAR]) AND pg_catalog.pg_namespace.nspname = $7::VARCHAR
2025-05-30 16:17:34,231 INFO sqlalchemy.engine.Engine [cached since 0.003225s ago] ('restaurants', 'r', 'p', 'f', 'v', 'm', 'restaurants')
INFO:sqlalchemy.engine.Engine:[cached since 0.003225s ago] ('restaurants', 'r', 'p', 'f', 'v', 'm', 'restaurants')
2025-05-30 16:17:34,232 INFO sqlalchemy.engine.Engine SELECT pg_catalog.pg_class.relname 
FROM pg_catalog.pg_class JOIN pg_catalog.pg_namespace ON pg_catalog.pg_namespace.oid = pg_catalog.pg_class.relnamespace 
WHERE pg_catalog.pg_class.relname = $1::VARCHAR AND pg_catalog.pg_class.relkind = ANY (ARRAY[$2::VARCHAR, $3::VARCHAR, $4::VARCHAR, $5::VARCHAR, $6::VARCHAR]) AND pg_catalog.pg_namespace.nspname = $7::VARCHAR
INFO:sqlalchemy.engine.Engine:SELECT pg_catalog.pg_class.relname 
FROM pg_catalog.pg_class JOIN pg_catalog.pg_namespace ON pg_catalog.pg_namespace.oid = pg_catalog.pg_class.relnamespace 
WHERE pg_catalog.pg_class.relname = $1::VARCHAR AND pg_catalog.pg_class.relkind = ANY (ARRAY[$2::VARCHAR, $3::VARCHAR, $4::VARCHAR, $5::VARCHAR, $6::VARCHAR]) AND pg_catalog.pg_namespace.nspname = $7::VARCHAR
2025-05-30 16:17:34,232 INFO sqlalchemy.engine.Engine [cached since 0.003793s ago] ('menu_items', 'r', 'p', 'f', 'v', 'm', 'restaurants')
INFO:sqlalchemy.engine.Engine:[cached since 0.003793s ago] ('menu_items', 'r', 'p', 'f', 'v', 'm', 'restaurants')
2025-05-30 16:17:34,233 INFO sqlalchemy.engine.Engine SELECT pg_catalog.pg_class.relname 
FROM pg_catalog.pg_class JOIN pg_catalog.pg_namespace ON pg_catalog.pg_namespace.oid = pg_catalog.pg_class.relnamespace 
WHERE pg_catalog.pg_class.relname = $1::VARCHAR AND pg_catalog.pg_class.relkind = ANY (ARRAY[$2::VARCHAR, $3::VARCHAR, $4::VARCHAR, $5::VARCHAR, $6::VARCHAR]) AND pg_catalog.pg_namespace.nspname = $7::VARCHAR
INFO:sqlalchemy.engine.Engine:SELECT pg_catalog.pg_class.relname 
FROM pg_catalog.pg_class JOIN pg_catalog.pg_namespace ON pg_catalog.pg_namespace.oid = pg_catalog.pg_class.relnamespace 
WHERE pg_catalog.pg_class.relname = $1::VARCHAR AND pg_catalog.pg_class.relkind = ANY (ARRAY[$2::VARCHAR, $3::VARCHAR, $4::VARCHAR, $5::VARCHAR, $6::VARCHAR]) AND pg_catalog.pg_namespace.nspname = $7::VARCHAR
2025-05-30 16:17:34,233 INFO sqlalchemy.engine.Engine [cached since 0.00434s ago] ('orders', 'r', 'p', 'f', 'v', 'm', 'orders')
INFO:sqlalchemy.engine.Engine:[cached since 0.00434s ago] ('orders', 'r', 'p', 'f', 'v', 'm', 'orders')
2025-05-30 16:17:34,233 INFO sqlalchemy.engine.Engine SELECT pg_catalog.pg_class.relname 
FROM pg_catalog.pg_class JOIN pg_catalog.pg_namespace ON pg_catalog.pg_namespace.oid = pg_catalog.pg_class.relnamespace 
WHERE pg_catalog.pg_class.relname = $1::VARCHAR AND pg_catalog.pg_class.relkind = ANY (ARRAY[$2::VARCHAR, $3::VARCHAR, $4::VARCHAR, $5::VARCHAR, $6::VARCHAR]) AND pg_catalog.pg_namespace.nspname = $7::VARCHAR
INFO:sqlalchemy.engine.Engine:SELECT pg_catalog.pg_class.relname 
FROM pg_catalog.pg_class JOIN pg_catalog.pg_namespace ON pg_catalog.pg_namespace.oid = pg_catalog.pg_class.relnamespace 
WHERE pg_catalog.pg_class.relname = $1::VARCHAR AND pg_catalog.pg_class.relkind = ANY (ARRAY[$2::VARCHAR, $3::VARCHAR, $4::VARCHAR, $5::VARCHAR, $6::VARCHAR]) AND pg_catalog.pg_namespace.nspname = $7::VARCHAR
2025-05-30 16:17:34,233 INFO sqlalchemy.engine.Engine [cached since 0.004787s ago] ('order_items', 'r', 'p', 'f', 'v', 'm', 'orders')
INFO:sqlalchemy.engine.Engine:[cached since 0.004787s ago] ('order_items', 'r', 'p', 'f', 'v', 'm', 'orders')
2025-05-30 16:17:34,234 INFO sqlalchemy.engine.Engine SELECT pg_catalog.pg_class.relname 
FROM pg_catalog.pg_class JOIN pg_catalog.pg_namespace ON pg_catalog.pg_namespace.oid = pg_catalog.pg_class.relnamespace 
WHERE pg_catalog.pg_class.relname = $1::VARCHAR AND pg_catalog.pg_class.relkind = ANY (ARRAY[$2::VARCHAR, $3::VARCHAR, $4::VARCHAR, $5::VARCHAR, $6::VARCHAR]) AND pg_catalog.pg_namespace.nspname = $7::VARCHAR
INFO:sqlalchemy.engine.Engine:SELECT pg_catalog.pg_class.relname 
FROM pg_catalog.pg_class JOIN pg_catalog.pg_namespace ON pg_catalog.pg_namespace.oid = pg_catalog.pg_class.relnamespace 
WHERE pg_catalog.pg_class.relname = $1::VARCHAR AND pg_catalog.pg_class.relkind = ANY (ARRAY[$2::VARCHAR, $3::VARCHAR, $4::VARCHAR, $5::VARCHAR, $6::VARCHAR]) AND pg_catalog.pg_namespace.nspname = $7::VARCHAR
2025-05-30 16:17:34,234 INFO sqlalchemy.engine.Engine [cached since 0.00541s ago] ('ratings', 'r', 'p', 'f', 'v', 'm', 'orders')
INFO:sqlalchemy.engine.Engine:[cached since 0.00541s ago] ('ratings', 'r', 'p', 'f', 'v', 'm', 'orders')
2025-05-30 16:17:34,234 INFO sqlalchemy.engine.Engine SELECT pg_catalog.pg_class.relname 
FROM pg_catalog.pg_class JOIN pg_catalog.pg_namespace ON pg_catalog.pg_namespace.oid = pg_catalog.pg_class.relnamespace 
WHERE pg_catalog.pg_class.relname = $1::VARCHAR AND pg_catalog.pg_class.relkind = ANY (ARRAY[$2::VARCHAR, $3::VARCHAR, $4::VARCHAR, $5::VARCHAR, $6::VARCHAR]) AND pg_catalog.pg_namespace.nspname = $7::VARCHAR
INFO:sqlalchemy.engine.Engine:SELECT pg_catalog.pg_class.relname 
FROM pg_catalog.pg_class JOIN pg_catalog.pg_namespace ON pg_catalog.pg_namespace.oid = pg_catalog.pg_class.relnamespace 
WHERE pg_catalog.pg_class.relname = $1::VARCHAR AND pg_catalog.pg_class.relkind = ANY (ARRAY[$2::VARCHAR, $3::VARCHAR, $4::VARCHAR, $5::VARCHAR, $6::VARCHAR]) AND pg_catalog.pg_namespace.nspname = $7::VARCHAR
2025-05-30 16:17:34,234 INFO sqlalchemy.engine.Engine [cached since 0.006191s ago] ('delivery_agents', 'r', 'p', 'f', 'v', 'm', 'delivery')
INFO:sqlalchemy.engine.Engine:[cached since 0.006191s ago] ('delivery_agents', 'r', 'p', 'f', 'v', 'm', 'delivery')
2025-05-30 16:17:34,236 INFO sqlalchemy.engine.Engine COMMIT
INFO:sqlalchemy.engine.Engine:COMMIT
INFO:main:Restaurant Service startup complete
INFO:     Application startup complete.
INFO:watchfiles.main:3 changes detected
