INFO:     Will watch for changes in these directories: ['/Users/rishit/Desktop/Dev/backend/user_service']
INFO:     Uvicorn running on http://0.0.0.0:8001 (Press CTRL+C to quit)
INFO:     Started reloader process [7587] using WatchFiles
INFO:     Started server process [7618]
INFO:     Waiting for application startup.
INFO:main:User Service starting up...
2025-05-30 16:03:09,039 INFO sqlalchemy.engine.Engine select pg_catalog.version()
INFO:sqlalchemy.engine.Engine:select pg_catalog.version()
2025-05-30 16:03:09,039 INFO sqlalchemy.engine.Engine [raw sql] ()
INFO:sqlalchemy.engine.Engine:[raw sql] ()
2025-05-30 16:03:09,040 INFO sqlalchemy.engine.Engine select current_schema()
INFO:sqlalchemy.engine.Engine:select current_schema()
2025-05-30 16:03:09,040 INFO sqlalchemy.engine.Engine [raw sql] ()
INFO:sqlalchemy.engine.Engine:[raw sql] ()
2025-05-30 16:03:09,041 INFO sqlalchemy.engine.Engine show standard_conforming_strings
INFO:sqlalchemy.engine.Engine:show standard_conforming_strings
2025-05-30 16:03:09,041 INFO sqlalchemy.engine.Engine [raw sql] ()
INFO:sqlalchemy.engine.Engine:[raw sql] ()
2025-05-30 16:03:09,042 INFO sqlalchemy.engine.Engine BEGIN (implicit)
INFO:sqlalchemy.engine.Engine:BEGIN (implicit)
2025-05-30 16:03:09,044 INFO sqlalchemy.engine.Engine SELECT pg_catalog.pg_class.relname 
FROM pg_catalog.pg_class JOIN pg_catalog.pg_namespace ON pg_catalog.pg_namespace.oid = pg_catalog.pg_class.relnamespace 
WHERE pg_catalog.pg_class.relname = $1::VARCHAR AND pg_catalog.pg_class.relkind = ANY (ARRAY[$2::VARCHAR, $3::VARCHAR, $4::VARCHAR, $5::VARCHAR, $6::VARCHAR]) AND pg_catalog.pg_namespace.nspname = $7::VARCHAR
INFO:sqlalchemy.engine.Engine:SELECT pg_catalog.pg_class.relname 
FROM pg_catalog.pg_class JOIN pg_catalog.pg_namespace ON pg_catalog.pg_namespace.oid = pg_catalog.pg_class.relnamespace 
WHERE pg_catalog.pg_class.relname = $1::VARCHAR AND pg_catalog.pg_class.relkind = ANY (ARRAY[$2::VARCHAR, $3::VARCHAR, $4::VARCHAR, $5::VARCHAR, $6::VARCHAR]) AND pg_catalog.pg_namespace.nspname = $7::VARCHAR
2025-05-30 16:03:09,044 INFO sqlalchemy.engine.Engine [generated in 0.00016s] ('users', 'r', 'p', 'f', 'v', 'm', 'users')
INFO:sqlalchemy.engine.Engine:[generated in 0.00016s] ('users', 'r', 'p', 'f', 'v', 'm', 'users')
2025-05-30 16:03:09,047 INFO sqlalchemy.engine.Engine SELECT pg_catalog.pg_class.relname 
FROM pg_catalog.pg_class JOIN pg_catalog.pg_namespace ON pg_catalog.pg_namespace.oid = pg_catalog.pg_class.relnamespace 
WHERE pg_catalog.pg_class.relname = $1::VARCHAR AND pg_catalog.pg_class.relkind = ANY (ARRAY[$2::VARCHAR, $3::VARCHAR, $4::VARCHAR, $5::VARCHAR, $6::VARCHAR]) AND pg_catalog.pg_namespace.nspname = $7::VARCHAR
INFO:sqlalchemy.engine.Engine:SELECT pg_catalog.pg_class.relname 
FROM pg_catalog.pg_class JOIN pg_catalog.pg_namespace ON pg_catalog.pg_namespace.oid = pg_catalog.pg_class.relnamespace 
WHERE pg_catalog.pg_class.relname = $1::VARCHAR AND pg_catalog.pg_class.relkind = ANY (ARRAY[$2::VARCHAR, $3::VARCHAR, $4::VARCHAR, $5::VARCHAR, $6::VARCHAR]) AND pg_catalog.pg_namespace.nspname = $7::VARCHAR
2025-05-30 16:03:09,047 INFO sqlalchemy.engine.Engine [cached since 0.003144s ago] ('restaurants', 'r', 'p', 'f', 'v', 'm', 'restaurants')
INFO:sqlalchemy.engine.Engine:[cached since 0.003144s ago] ('restaurants', 'r', 'p', 'f', 'v', 'm', 'restaurants')
2025-05-30 16:03:09,048 INFO sqlalchemy.engine.Engine SELECT pg_catalog.pg_class.relname 
FROM pg_catalog.pg_class JOIN pg_catalog.pg_namespace ON pg_catalog.pg_namespace.oid = pg_catalog.pg_class.relnamespace 
WHERE pg_catalog.pg_class.relname = $1::VARCHAR AND pg_catalog.pg_class.relkind = ANY (ARRAY[$2::VARCHAR, $3::VARCHAR, $4::VARCHAR, $5::VARCHAR, $6::VARCHAR]) AND pg_catalog.pg_namespace.nspname = $7::VARCHAR
INFO:sqlalchemy.engine.Engine:SELECT pg_catalog.pg_class.relname 
FROM pg_catalog.pg_class JOIN pg_catalog.pg_namespace ON pg_catalog.pg_namespace.oid = pg_catalog.pg_class.relnamespace 
WHERE pg_catalog.pg_class.relname = $1::VARCHAR AND pg_catalog.pg_class.relkind = ANY (ARRAY[$2::VARCHAR, $3::VARCHAR, $4::VARCHAR, $5::VARCHAR, $6::VARCHAR]) AND pg_catalog.pg_namespace.nspname = $7::VARCHAR
2025-05-30 16:03:09,048 INFO sqlalchemy.engine.Engine [cached since 0.00387s ago] ('menu_items', 'r', 'p', 'f', 'v', 'm', 'restaurants')
INFO:sqlalchemy.engine.Engine:[cached since 0.00387s ago] ('menu_items', 'r', 'p', 'f', 'v', 'm', 'restaurants')
2025-05-30 16:03:09,049 INFO sqlalchemy.engine.Engine SELECT pg_catalog.pg_class.relname 
FROM pg_catalog.pg_class JOIN pg_catalog.pg_namespace ON pg_catalog.pg_namespace.oid = pg_catalog.pg_class.relnamespace 
WHERE pg_catalog.pg_class.relname = $1::VARCHAR AND pg_catalog.pg_class.relkind = ANY (ARRAY[$2::VARCHAR, $3::VARCHAR, $4::VARCHAR, $5::VARCHAR, $6::VARCHAR]) AND pg_catalog.pg_namespace.nspname = $7::VARCHAR
INFO:sqlalchemy.engine.Engine:SELECT pg_catalog.pg_class.relname 
FROM pg_catalog.pg_class JOIN pg_catalog.pg_namespace ON pg_catalog.pg_namespace.oid = pg_catalog.pg_class.relnamespace 
WHERE pg_catalog.pg_class.relname = $1::VARCHAR AND pg_catalog.pg_class.relkind = ANY (ARRAY[$2::VARCHAR, $3::VARCHAR, $4::VARCHAR, $5::VARCHAR, $6::VARCHAR]) AND pg_catalog.pg_namespace.nspname = $7::VARCHAR
2025-05-30 16:03:09,049 INFO sqlalchemy.engine.Engine [cached since 0.004708s ago] ('orders', 'r', 'p', 'f', 'v', 'm', 'orders')
INFO:sqlalchemy.engine.Engine:[cached since 0.004708s ago] ('orders', 'r', 'p', 'f', 'v', 'm', 'orders')
2025-05-30 16:03:09,049 INFO sqlalchemy.engine.Engine SELECT pg_catalog.pg_class.relname 
FROM pg_catalog.pg_class JOIN pg_catalog.pg_namespace ON pg_catalog.pg_namespace.oid = pg_catalog.pg_class.relnamespace 
WHERE pg_catalog.pg_class.relname = $1::VARCHAR AND pg_catalog.pg_class.relkind = ANY (ARRAY[$2::VARCHAR, $3::VARCHAR, $4::VARCHAR, $5::VARCHAR, $6::VARCHAR]) AND pg_catalog.pg_namespace.nspname = $7::VARCHAR
INFO:sqlalchemy.engine.Engine:SELECT pg_catalog.pg_class.relname 
FROM pg_catalog.pg_class JOIN pg_catalog.pg_namespace ON pg_catalog.pg_namespace.oid = pg_catalog.pg_class.relnamespace 
WHERE pg_catalog.pg_class.relname = $1::VARCHAR AND pg_catalog.pg_class.relkind = ANY (ARRAY[$2::VARCHAR, $3::VARCHAR, $4::VARCHAR, $5::VARCHAR, $6::VARCHAR]) AND pg_catalog.pg_namespace.nspname = $7::VARCHAR
2025-05-30 16:03:09,049 INFO sqlalchemy.engine.Engine [cached since 0.005282s ago] ('order_items', 'r', 'p', 'f', 'v', 'm', 'orders')
INFO:sqlalchemy.engine.Engine:[cached since 0.005282s ago] ('order_items', 'r', 'p', 'f', 'v', 'm', 'orders')
2025-05-30 16:03:09,050 INFO sqlalchemy.engine.Engine SELECT pg_catalog.pg_class.relname 
FROM pg_catalog.pg_class JOIN pg_catalog.pg_namespace ON pg_catalog.pg_namespace.oid = pg_catalog.pg_class.relnamespace 
WHERE pg_catalog.pg_class.relname = $1::VARCHAR AND pg_catalog.pg_class.relkind = ANY (ARRAY[$2::VARCHAR, $3::VARCHAR, $4::VARCHAR, $5::VARCHAR, $6::VARCHAR]) AND pg_catalog.pg_namespace.nspname = $7::VARCHAR
INFO:sqlalchemy.engine.Engine:SELECT pg_catalog.pg_class.relname 
FROM pg_catalog.pg_class JOIN pg_catalog.pg_namespace ON pg_catalog.pg_namespace.oid = pg_catalog.pg_class.relnamespace 
WHERE pg_catalog.pg_class.relname = $1::VARCHAR AND pg_catalog.pg_class.relkind = ANY (ARRAY[$2::VARCHAR, $3::VARCHAR, $4::VARCHAR, $5::VARCHAR, $6::VARCHAR]) AND pg_catalog.pg_namespace.nspname = $7::VARCHAR
2025-05-30 16:03:09,050 INFO sqlalchemy.engine.Engine [cached since 0.005786s ago] ('ratings', 'r', 'p', 'f', 'v', 'm', 'orders')
INFO:sqlalchemy.engine.Engine:[cached since 0.005786s ago] ('ratings', 'r', 'p', 'f', 'v', 'm', 'orders')
2025-05-30 16:03:09,050 INFO sqlalchemy.engine.Engine SELECT pg_catalog.pg_class.relname 
FROM pg_catalog.pg_class JOIN pg_catalog.pg_namespace ON pg_catalog.pg_namespace.oid = pg_catalog.pg_class.relnamespace 
WHERE pg_catalog.pg_class.relname = $1::VARCHAR AND pg_catalog.pg_class.relkind = ANY (ARRAY[$2::VARCHAR, $3::VARCHAR, $4::VARCHAR, $5::VARCHAR, $6::VARCHAR]) AND pg_catalog.pg_namespace.nspname = $7::VARCHAR
INFO:sqlalchemy.engine.Engine:SELECT pg_catalog.pg_class.relname 
FROM pg_catalog.pg_class JOIN pg_catalog.pg_namespace ON pg_catalog.pg_namespace.oid = pg_catalog.pg_class.relnamespace 
WHERE pg_catalog.pg_class.relname = $1::VARCHAR AND pg_catalog.pg_class.relkind = ANY (ARRAY[$2::VARCHAR, $3::VARCHAR, $4::VARCHAR, $5::VARCHAR, $6::VARCHAR]) AND pg_catalog.pg_namespace.nspname = $7::VARCHAR
2025-05-30 16:03:09,050 INFO sqlalchemy.engine.Engine [cached since 0.006614s ago] ('delivery_agents', 'r', 'p', 'f', 'v', 'm', 'delivery')
INFO:sqlalchemy.engine.Engine:[cached since 0.006614s ago] ('delivery_agents', 'r', 'p', 'f', 'v', 'm', 'delivery')
2025-05-30 16:03:09,051 INFO sqlalchemy.engine.Engine COMMIT
INFO:sqlalchemy.engine.Engine:COMMIT
INFO:main:User Service startup complete
INFO:     Application startup complete.
INFO:     127.0.0.1:60918 - "GET /health HTTP/1.1" 200 OK
2025-05-30 16:03:29,522 INFO sqlalchemy.engine.Engine BEGIN (implicit)
INFO:sqlalchemy.engine.Engine:BEGIN (implicit)
2025-05-30 16:03:29,525 INFO sqlalchemy.engine.Engine SELECT restaurants.restaurants.name, restaurants.restaurants.email, restaurants.restaurants.phone, restaurants.restaurants.address, restaurants.restaurants.cuisine_type, restaurants.restaurants.is_online, restaurants.restaurants.operation_hours, restaurants.restaurants.id, restaurants.restaurants.created_at, restaurants.restaurants.updated_at 
FROM restaurants.restaurants 
WHERE restaurants.restaurants.is_online = true
INFO:sqlalchemy.engine.Engine:SELECT restaurants.restaurants.name, restaurants.restaurants.email, restaurants.restaurants.phone, restaurants.restaurants.address, restaurants.restaurants.cuisine_type, restaurants.restaurants.is_online, restaurants.restaurants.operation_hours, restaurants.restaurants.id, restaurants.restaurants.created_at, restaurants.restaurants.updated_at 
FROM restaurants.restaurants 
WHERE restaurants.restaurants.is_online = true
2025-05-30 16:03:29,525 INFO sqlalchemy.engine.Engine [generated in 0.00024s] ()
INFO:sqlalchemy.engine.Engine:[generated in 0.00024s] ()
2025-05-30 16:03:29,532 INFO sqlalchemy.engine.Engine SELECT restaurants.menu_items.restaurant_id AS restaurants_menu_items_restaurant_id, restaurants.menu_items.name AS restaurants_menu_items_name, restaurants.menu_items.description AS restaurants_menu_items_description, restaurants.menu_items.price AS restaurants_menu_items_price, restaurants.menu_items.category AS restaurants_menu_items_category, restaurants.menu_items.is_available AS restaurants_menu_items_is_available, restaurants.menu_items.image_url AS restaurants_menu_items_image_url, restaurants.menu_items.id AS restaurants_menu_items_id, restaurants.menu_items.created_at AS restaurants_menu_items_created_at, restaurants.menu_items.updated_at AS restaurants_menu_items_updated_at 
FROM restaurants.menu_items 
WHERE restaurants.menu_items.restaurant_id IN ($1::UUID)
INFO:sqlalchemy.engine.Engine:SELECT restaurants.menu_items.restaurant_id AS restaurants_menu_items_restaurant_id, restaurants.menu_items.name AS restaurants_menu_items_name, restaurants.menu_items.description AS restaurants_menu_items_description, restaurants.menu_items.price AS restaurants_menu_items_price, restaurants.menu_items.category AS restaurants_menu_items_category, restaurants.menu_items.is_available AS restaurants_menu_items_is_available, restaurants.menu_items.image_url AS restaurants_menu_items_image_url, restaurants.menu_items.id AS restaurants_menu_items_id, restaurants.menu_items.created_at AS restaurants_menu_items_created_at, restaurants.menu_items.updated_at AS restaurants_menu_items_updated_at 
FROM restaurants.menu_items 
WHERE restaurants.menu_items.restaurant_id IN ($1::UUID)
2025-05-30 16:03:29,532 INFO sqlalchemy.engine.Engine [generated in 0.00024s] (UUID('284bccdd-6501-42e5-9b31-171e5e483eb6'),)
INFO:sqlalchemy.engine.Engine:[generated in 0.00024s] (UUID('284bccdd-6501-42e5-9b31-171e5e483eb6'),)
2025-05-30 16:03:29,541 INFO sqlalchemy.engine.Engine ROLLBACK
INFO:sqlalchemy.engine.Engine:ROLLBACK
INFO:     127.0.0.1:60925 - "POST /graphql HTTP/1.1" 200 OK
INFO:     127.0.0.1:61291 - "GET /restaurants HTTP/1.1" 307 Temporary Redirect
INFO:     127.0.0.1:61296 - "GET /restaurants HTTP/1.1" 307 Temporary Redirect
INFO:     127.0.0.1:61299 - "GET /health HTTP/1.1" 200 OK
INFO:watchfiles.main:1 change detected
WARNING:  WatchFiles detected changes in 'main.py'. Reloading...
INFO:     Shutting down
INFO:     Waiting for application shutdown.
INFO:main:User Service shutting down...
INFO:main:User Service shutdown complete
INFO:     Application shutdown complete.
INFO:     Finished server process [7618]
INFO:watchfiles.main:1 change detected
WARNING:  WatchFiles detected changes in 'main.py'. Reloading...
INFO:     Started server process [11002]
INFO:     Waiting for application startup.
INFO:main:User Service starting up...
2025-05-30 16:10:35,447 INFO sqlalchemy.engine.Engine select pg_catalog.version()
INFO:sqlalchemy.engine.Engine:select pg_catalog.version()
2025-05-30 16:10:35,447 INFO sqlalchemy.engine.Engine [raw sql] ()
INFO:sqlalchemy.engine.Engine:[raw sql] ()
2025-05-30 16:10:35,453 INFO sqlalchemy.engine.Engine select current_schema()
INFO:sqlalchemy.engine.Engine:select current_schema()
2025-05-30 16:10:35,453 INFO sqlalchemy.engine.Engine [raw sql] ()
INFO:sqlalchemy.engine.Engine:[raw sql] ()
2025-05-30 16:10:35,456 INFO sqlalchemy.engine.Engine show standard_conforming_strings
INFO:sqlalchemy.engine.Engine:show standard_conforming_strings
2025-05-30 16:10:35,457 INFO sqlalchemy.engine.Engine [raw sql] ()
INFO:sqlalchemy.engine.Engine:[raw sql] ()
2025-05-30 16:10:35,461 INFO sqlalchemy.engine.Engine BEGIN (implicit)
INFO:sqlalchemy.engine.Engine:BEGIN (implicit)
INFO:watchfiles.main:3 changes detected
2025-05-30 16:10:35,467 INFO sqlalchemy.engine.Engine SELECT pg_catalog.pg_class.relname 
FROM pg_catalog.pg_class JOIN pg_catalog.pg_namespace ON pg_catalog.pg_namespace.oid = pg_catalog.pg_class.relnamespace 
WHERE pg_catalog.pg_class.relname = $1::VARCHAR AND pg_catalog.pg_class.relkind = ANY (ARRAY[$2::VARCHAR, $3::VARCHAR, $4::VARCHAR, $5::VARCHAR, $6::VARCHAR]) AND pg_catalog.pg_namespace.nspname = $7::VARCHAR
INFO:sqlalchemy.engine.Engine:SELECT pg_catalog.pg_class.relname 
FROM pg_catalog.pg_class JOIN pg_catalog.pg_namespace ON pg_catalog.pg_namespace.oid = pg_catalog.pg_class.relnamespace 
WHERE pg_catalog.pg_class.relname = $1::VARCHAR AND pg_catalog.pg_class.relkind = ANY (ARRAY[$2::VARCHAR, $3::VARCHAR, $4::VARCHAR, $5::VARCHAR, $6::VARCHAR]) AND pg_catalog.pg_namespace.nspname = $7::VARCHAR
2025-05-30 16:10:35,467 INFO sqlalchemy.engine.Engine [generated in 0.00031s] ('users', 'r', 'p', 'f', 'v', 'm', 'users')
INFO:sqlalchemy.engine.Engine:[generated in 0.00031s] ('users', 'r', 'p', 'f', 'v', 'm', 'users')
2025-05-30 16:10:35,475 INFO sqlalchemy.engine.Engine SELECT pg_catalog.pg_class.relname 
FROM pg_catalog.pg_class JOIN pg_catalog.pg_namespace ON pg_catalog.pg_namespace.oid = pg_catalog.pg_class.relnamespace 
WHERE pg_catalog.pg_class.relname = $1::VARCHAR AND pg_catalog.pg_class.relkind = ANY (ARRAY[$2::VARCHAR, $3::VARCHAR, $4::VARCHAR, $5::VARCHAR, $6::VARCHAR]) AND pg_catalog.pg_namespace.nspname = $7::VARCHAR
INFO:sqlalchemy.engine.Engine:SELECT pg_catalog.pg_class.relname 
FROM pg_catalog.pg_class JOIN pg_catalog.pg_namespace ON pg_catalog.pg_namespace.oid = pg_catalog.pg_class.relnamespace 
WHERE pg_catalog.pg_class.relname = $1::VARCHAR AND pg_catalog.pg_class.relkind = ANY (ARRAY[$2::VARCHAR, $3::VARCHAR, $4::VARCHAR, $5::VARCHAR, $6::VARCHAR]) AND pg_catalog.pg_namespace.nspname = $7::VARCHAR
2025-05-30 16:10:35,475 INFO sqlalchemy.engine.Engine [cached since 0.007526s ago] ('restaurants', 'r', 'p', 'f', 'v', 'm', 'restaurants')
INFO:sqlalchemy.engine.Engine:[cached since 0.007526s ago] ('restaurants', 'r', 'p', 'f', 'v', 'm', 'restaurants')
2025-05-30 16:10:35,475 INFO sqlalchemy.engine.Engine SELECT pg_catalog.pg_class.relname 
FROM pg_catalog.pg_class JOIN pg_catalog.pg_namespace ON pg_catalog.pg_namespace.oid = pg_catalog.pg_class.relnamespace 
WHERE pg_catalog.pg_class.relname = $1::VARCHAR AND pg_catalog.pg_class.relkind = ANY (ARRAY[$2::VARCHAR, $3::VARCHAR, $4::VARCHAR, $5::VARCHAR, $6::VARCHAR]) AND pg_catalog.pg_namespace.nspname = $7::VARCHAR
INFO:sqlalchemy.engine.Engine:SELECT pg_catalog.pg_class.relname 
FROM pg_catalog.pg_class JOIN pg_catalog.pg_namespace ON pg_catalog.pg_namespace.oid = pg_catalog.pg_class.relnamespace 
WHERE pg_catalog.pg_class.relname = $1::VARCHAR AND pg_catalog.pg_class.relkind = ANY (ARRAY[$2::VARCHAR, $3::VARCHAR, $4::VARCHAR, $5::VARCHAR, $6::VARCHAR]) AND pg_catalog.pg_namespace.nspname = $7::VARCHAR
2025-05-30 16:10:35,475 INFO sqlalchemy.engine.Engine [cached since 0.008067s ago] ('menu_items', 'r', 'p', 'f', 'v', 'm', 'restaurants')
INFO:sqlalchemy.engine.Engine:[cached since 0.008067s ago] ('menu_items', 'r', 'p', 'f', 'v', 'm', 'restaurants')
2025-05-30 16:10:35,476 INFO sqlalchemy.engine.Engine SELECT pg_catalog.pg_class.relname 
FROM pg_catalog.pg_class JOIN pg_catalog.pg_namespace ON pg_catalog.pg_namespace.oid = pg_catalog.pg_class.relnamespace 
WHERE pg_catalog.pg_class.relname = $1::VARCHAR AND pg_catalog.pg_class.relkind = ANY (ARRAY[$2::VARCHAR, $3::VARCHAR, $4::VARCHAR, $5::VARCHAR, $6::VARCHAR]) AND pg_catalog.pg_namespace.nspname = $7::VARCHAR
INFO:sqlalchemy.engine.Engine:SELECT pg_catalog.pg_class.relname 
FROM pg_catalog.pg_class JOIN pg_catalog.pg_namespace ON pg_catalog.pg_namespace.oid = pg_catalog.pg_class.relnamespace 
WHERE pg_catalog.pg_class.relname = $1::VARCHAR AND pg_catalog.pg_class.relkind = ANY (ARRAY[$2::VARCHAR, $3::VARCHAR, $4::VARCHAR, $5::VARCHAR, $6::VARCHAR]) AND pg_catalog.pg_namespace.nspname = $7::VARCHAR
2025-05-30 16:10:35,476 INFO sqlalchemy.engine.Engine [cached since 0.008658s ago] ('orders', 'r', 'p', 'f', 'v', 'm', 'orders')
INFO:sqlalchemy.engine.Engine:[cached since 0.008658s ago] ('orders', 'r', 'p', 'f', 'v', 'm', 'orders')
2025-05-30 16:10:35,476 INFO sqlalchemy.engine.Engine SELECT pg_catalog.pg_class.relname 
FROM pg_catalog.pg_class JOIN pg_catalog.pg_namespace ON pg_catalog.pg_namespace.oid = pg_catalog.pg_class.relnamespace 
WHERE pg_catalog.pg_class.relname = $1::VARCHAR AND pg_catalog.pg_class.relkind = ANY (ARRAY[$2::VARCHAR, $3::VARCHAR, $4::VARCHAR, $5::VARCHAR, $6::VARCHAR]) AND pg_catalog.pg_namespace.nspname = $7::VARCHAR
INFO:sqlalchemy.engine.Engine:SELECT pg_catalog.pg_class.relname 
FROM pg_catalog.pg_class JOIN pg_catalog.pg_namespace ON pg_catalog.pg_namespace.oid = pg_catalog.pg_class.relnamespace 
WHERE pg_catalog.pg_class.relname = $1::VARCHAR AND pg_catalog.pg_class.relkind = ANY (ARRAY[$2::VARCHAR, $3::VARCHAR, $4::VARCHAR, $5::VARCHAR, $6::VARCHAR]) AND pg_catalog.pg_namespace.nspname = $7::VARCHAR
2025-05-30 16:10:35,476 INFO sqlalchemy.engine.Engine [cached since 0.00911s ago] ('order_items', 'r', 'p', 'f', 'v', 'm', 'orders')
INFO:sqlalchemy.engine.Engine:[cached since 0.00911s ago] ('order_items', 'r', 'p', 'f', 'v', 'm', 'orders')
2025-05-30 16:10:35,477 INFO sqlalchemy.engine.Engine SELECT pg_catalog.pg_class.relname 
FROM pg_catalog.pg_class JOIN pg_catalog.pg_namespace ON pg_catalog.pg_namespace.oid = pg_catalog.pg_class.relnamespace 
WHERE pg_catalog.pg_class.relname = $1::VARCHAR AND pg_catalog.pg_class.relkind = ANY (ARRAY[$2::VARCHAR, $3::VARCHAR, $4::VARCHAR, $5::VARCHAR, $6::VARCHAR]) AND pg_catalog.pg_namespace.nspname = $7::VARCHAR
INFO:sqlalchemy.engine.Engine:SELECT pg_catalog.pg_class.relname 
FROM pg_catalog.pg_class JOIN pg_catalog.pg_namespace ON pg_catalog.pg_namespace.oid = pg_catalog.pg_class.relnamespace 
WHERE pg_catalog.pg_class.relname = $1::VARCHAR AND pg_catalog.pg_class.relkind = ANY (ARRAY[$2::VARCHAR, $3::VARCHAR, $4::VARCHAR, $5::VARCHAR, $6::VARCHAR]) AND pg_catalog.pg_namespace.nspname = $7::VARCHAR
2025-05-30 16:10:35,477 INFO sqlalchemy.engine.Engine [cached since 0.009523s ago] ('ratings', 'r', 'p', 'f', 'v', 'm', 'orders')
INFO:sqlalchemy.engine.Engine:[cached since 0.009523s ago] ('ratings', 'r', 'p', 'f', 'v', 'm', 'orders')
2025-05-30 16:10:35,477 INFO sqlalchemy.engine.Engine SELECT pg_catalog.pg_class.relname 
FROM pg_catalog.pg_class JOIN pg_catalog.pg_namespace ON pg_catalog.pg_namespace.oid = pg_catalog.pg_class.relnamespace 
WHERE pg_catalog.pg_class.relname = $1::VARCHAR AND pg_catalog.pg_class.relkind = ANY (ARRAY[$2::VARCHAR, $3::VARCHAR, $4::VARCHAR, $5::VARCHAR, $6::VARCHAR]) AND pg_catalog.pg_namespace.nspname = $7::VARCHAR
INFO:sqlalchemy.engine.Engine:SELECT pg_catalog.pg_class.relname 
FROM pg_catalog.pg_class JOIN pg_catalog.pg_namespace ON pg_catalog.pg_namespace.oid = pg_catalog.pg_class.relnamespace 
WHERE pg_catalog.pg_class.relname = $1::VARCHAR AND pg_catalog.pg_class.relkind = ANY (ARRAY[$2::VARCHAR, $3::VARCHAR, $4::VARCHAR, $5::VARCHAR, $6::VARCHAR]) AND pg_catalog.pg_namespace.nspname = $7::VARCHAR
2025-05-30 16:10:35,477 INFO sqlalchemy.engine.Engine [cached since 0.01015s ago] ('delivery_agents', 'r', 'p', 'f', 'v', 'm', 'delivery')
INFO:sqlalchemy.engine.Engine:[cached since 0.01015s ago] ('delivery_agents', 'r', 'p', 'f', 'v', 'm', 'delivery')
2025-05-30 16:10:35,478 INFO sqlalchemy.engine.Engine COMMIT
INFO:sqlalchemy.engine.Engine:COMMIT
INFO:main:User Service startup complete
INFO:     Application startup complete.
INFO:watchfiles.main:1 change detected
WARNING:  WatchFiles detected changes in 'services/order_service.py'. Reloading...
INFO:     Shutting down
INFO:     Waiting for application shutdown.
INFO:main:User Service shutting down...
INFO:main:User Service shutdown complete
INFO:     Application shutdown complete.
INFO:     Finished server process [11002]
INFO:watchfiles.main:3 changes detected
INFO:     Started server process [11401]
INFO:     Waiting for application startup.
INFO:main:User Service starting up...
2025-05-30 16:11:39,791 INFO sqlalchemy.engine.Engine select pg_catalog.version()
INFO:sqlalchemy.engine.Engine:select pg_catalog.version()
2025-05-30 16:11:39,792 INFO sqlalchemy.engine.Engine [raw sql] ()
INFO:sqlalchemy.engine.Engine:[raw sql] ()
2025-05-30 16:11:39,793 INFO sqlalchemy.engine.Engine select current_schema()
INFO:sqlalchemy.engine.Engine:select current_schema()
2025-05-30 16:11:39,793 INFO sqlalchemy.engine.Engine [raw sql] ()
INFO:sqlalchemy.engine.Engine:[raw sql] ()
2025-05-30 16:11:39,794 INFO sqlalchemy.engine.Engine show standard_conforming_strings
INFO:sqlalchemy.engine.Engine:show standard_conforming_strings
2025-05-30 16:11:39,794 INFO sqlalchemy.engine.Engine [raw sql] ()
INFO:sqlalchemy.engine.Engine:[raw sql] ()
2025-05-30 16:11:39,795 INFO sqlalchemy.engine.Engine BEGIN (implicit)
INFO:sqlalchemy.engine.Engine:BEGIN (implicit)
2025-05-30 16:11:39,796 INFO sqlalchemy.engine.Engine SELECT pg_catalog.pg_class.relname 
FROM pg_catalog.pg_class JOIN pg_catalog.pg_namespace ON pg_catalog.pg_namespace.oid = pg_catalog.pg_class.relnamespace 
WHERE pg_catalog.pg_class.relname = $1::VARCHAR AND pg_catalog.pg_class.relkind = ANY (ARRAY[$2::VARCHAR, $3::VARCHAR, $4::VARCHAR, $5::VARCHAR, $6::VARCHAR]) AND pg_catalog.pg_namespace.nspname = $7::VARCHAR
INFO:sqlalchemy.engine.Engine:SELECT pg_catalog.pg_class.relname 
FROM pg_catalog.pg_class JOIN pg_catalog.pg_namespace ON pg_catalog.pg_namespace.oid = pg_catalog.pg_class.relnamespace 
WHERE pg_catalog.pg_class.relname = $1::VARCHAR AND pg_catalog.pg_class.relkind = ANY (ARRAY[$2::VARCHAR, $3::VARCHAR, $4::VARCHAR, $5::VARCHAR, $6::VARCHAR]) AND pg_catalog.pg_namespace.nspname = $7::VARCHAR
2025-05-30 16:11:39,796 INFO sqlalchemy.engine.Engine [generated in 0.00010s] ('users', 'r', 'p', 'f', 'v', 'm', 'users')
INFO:sqlalchemy.engine.Engine:[generated in 0.00010s] ('users', 'r', 'p', 'f', 'v', 'm', 'users')
2025-05-30 16:11:39,802 INFO sqlalchemy.engine.Engine SELECT pg_catalog.pg_class.relname 
FROM pg_catalog.pg_class JOIN pg_catalog.pg_namespace ON pg_catalog.pg_namespace.oid = pg_catalog.pg_class.relnamespace 
WHERE pg_catalog.pg_class.relname = $1::VARCHAR AND pg_catalog.pg_class.relkind = ANY (ARRAY[$2::VARCHAR, $3::VARCHAR, $4::VARCHAR, $5::VARCHAR, $6::VARCHAR]) AND pg_catalog.pg_namespace.nspname = $7::VARCHAR
INFO:sqlalchemy.engine.Engine:SELECT pg_catalog.pg_class.relname 
FROM pg_catalog.pg_class JOIN pg_catalog.pg_namespace ON pg_catalog.pg_namespace.oid = pg_catalog.pg_class.relnamespace 
WHERE pg_catalog.pg_class.relname = $1::VARCHAR AND pg_catalog.pg_class.relkind = ANY (ARRAY[$2::VARCHAR, $3::VARCHAR, $4::VARCHAR, $5::VARCHAR, $6::VARCHAR]) AND pg_catalog.pg_namespace.nspname = $7::VARCHAR
2025-05-30 16:11:39,802 INFO sqlalchemy.engine.Engine [cached since 0.005871s ago] ('restaurants', 'r', 'p', 'f', 'v', 'm', 'restaurants')
INFO:sqlalchemy.engine.Engine:[cached since 0.005871s ago] ('restaurants', 'r', 'p', 'f', 'v', 'm', 'restaurants')
2025-05-30 16:11:39,803 INFO sqlalchemy.engine.Engine SELECT pg_catalog.pg_class.relname 
FROM pg_catalog.pg_class JOIN pg_catalog.pg_namespace ON pg_catalog.pg_namespace.oid = pg_catalog.pg_class.relnamespace 
WHERE pg_catalog.pg_class.relname = $1::VARCHAR AND pg_catalog.pg_class.relkind = ANY (ARRAY[$2::VARCHAR, $3::VARCHAR, $4::VARCHAR, $5::VARCHAR, $6::VARCHAR]) AND pg_catalog.pg_namespace.nspname = $7::VARCHAR
INFO:sqlalchemy.engine.Engine:SELECT pg_catalog.pg_class.relname 
FROM pg_catalog.pg_class JOIN pg_catalog.pg_namespace ON pg_catalog.pg_namespace.oid = pg_catalog.pg_class.relnamespace 
WHERE pg_catalog.pg_class.relname = $1::VARCHAR AND pg_catalog.pg_class.relkind = ANY (ARRAY[$2::VARCHAR, $3::VARCHAR, $4::VARCHAR, $5::VARCHAR, $6::VARCHAR]) AND pg_catalog.pg_namespace.nspname = $7::VARCHAR
2025-05-30 16:11:39,803 INFO sqlalchemy.engine.Engine [cached since 0.006545s ago] ('menu_items', 'r', 'p', 'f', 'v', 'm', 'restaurants')
INFO:sqlalchemy.engine.Engine:[cached since 0.006545s ago] ('menu_items', 'r', 'p', 'f', 'v', 'm', 'restaurants')
2025-05-30 16:11:39,803 INFO sqlalchemy.engine.Engine SELECT pg_catalog.pg_class.relname 
FROM pg_catalog.pg_class JOIN pg_catalog.pg_namespace ON pg_catalog.pg_namespace.oid = pg_catalog.pg_class.relnamespace 
WHERE pg_catalog.pg_class.relname = $1::VARCHAR AND pg_catalog.pg_class.relkind = ANY (ARRAY[$2::VARCHAR, $3::VARCHAR, $4::VARCHAR, $5::VARCHAR, $6::VARCHAR]) AND pg_catalog.pg_namespace.nspname = $7::VARCHAR
INFO:sqlalchemy.engine.Engine:SELECT pg_catalog.pg_class.relname 
FROM pg_catalog.pg_class JOIN pg_catalog.pg_namespace ON pg_catalog.pg_namespace.oid = pg_catalog.pg_class.relnamespace 
WHERE pg_catalog.pg_class.relname = $1::VARCHAR AND pg_catalog.pg_class.relkind = ANY (ARRAY[$2::VARCHAR, $3::VARCHAR, $4::VARCHAR, $5::VARCHAR, $6::VARCHAR]) AND pg_catalog.pg_namespace.nspname = $7::VARCHAR
2025-05-30 16:11:39,803 INFO sqlalchemy.engine.Engine [cached since 0.007351s ago] ('orders', 'r', 'p', 'f', 'v', 'm', 'orders')
INFO:sqlalchemy.engine.Engine:[cached since 0.007351s ago] ('orders', 'r', 'p', 'f', 'v', 'm', 'orders')
2025-05-30 16:11:39,804 INFO sqlalchemy.engine.Engine SELECT pg_catalog.pg_class.relname 
FROM pg_catalog.pg_class JOIN pg_catalog.pg_namespace ON pg_catalog.pg_namespace.oid = pg_catalog.pg_class.relnamespace 
WHERE pg_catalog.pg_class.relname = $1::VARCHAR AND pg_catalog.pg_class.relkind = ANY (ARRAY[$2::VARCHAR, $3::VARCHAR, $4::VARCHAR, $5::VARCHAR, $6::VARCHAR]) AND pg_catalog.pg_namespace.nspname = $7::VARCHAR
INFO:sqlalchemy.engine.Engine:SELECT pg_catalog.pg_class.relname 
FROM pg_catalog.pg_class JOIN pg_catalog.pg_namespace ON pg_catalog.pg_namespace.oid = pg_catalog.pg_class.relnamespace 
WHERE pg_catalog.pg_class.relname = $1::VARCHAR AND pg_catalog.pg_class.relkind = ANY (ARRAY[$2::VARCHAR, $3::VARCHAR, $4::VARCHAR, $5::VARCHAR, $6::VARCHAR]) AND pg_catalog.pg_namespace.nspname = $7::VARCHAR
2025-05-30 16:11:39,804 INFO sqlalchemy.engine.Engine [cached since 0.007948s ago] ('order_items', 'r', 'p', 'f', 'v', 'm', 'orders')
INFO:sqlalchemy.engine.Engine:[cached since 0.007948s ago] ('order_items', 'r', 'p', 'f', 'v', 'm', 'orders')
2025-05-30 16:11:39,805 INFO sqlalchemy.engine.Engine SELECT pg_catalog.pg_class.relname 
FROM pg_catalog.pg_class JOIN pg_catalog.pg_namespace ON pg_catalog.pg_namespace.oid = pg_catalog.pg_class.relnamespace 
WHERE pg_catalog.pg_class.relname = $1::VARCHAR AND pg_catalog.pg_class.relkind = ANY (ARRAY[$2::VARCHAR, $3::VARCHAR, $4::VARCHAR, $5::VARCHAR, $6::VARCHAR]) AND pg_catalog.pg_namespace.nspname = $7::VARCHAR
INFO:sqlalchemy.engine.Engine:SELECT pg_catalog.pg_class.relname 
FROM pg_catalog.pg_class JOIN pg_catalog.pg_namespace ON pg_catalog.pg_namespace.oid = pg_catalog.pg_class.relnamespace 
WHERE pg_catalog.pg_class.relname = $1::VARCHAR AND pg_catalog.pg_class.relkind = ANY (ARRAY[$2::VARCHAR, $3::VARCHAR, $4::VARCHAR, $5::VARCHAR, $6::VARCHAR]) AND pg_catalog.pg_namespace.nspname = $7::VARCHAR
2025-05-30 16:11:39,805 INFO sqlalchemy.engine.Engine [cached since 0.008521s ago] ('ratings', 'r', 'p', 'f', 'v', 'm', 'orders')
INFO:sqlalchemy.engine.Engine:[cached since 0.008521s ago] ('ratings', 'r', 'p', 'f', 'v', 'm', 'orders')
2025-05-30 16:11:39,805 INFO sqlalchemy.engine.Engine SELECT pg_catalog.pg_class.relname 
FROM pg_catalog.pg_class JOIN pg_catalog.pg_namespace ON pg_catalog.pg_namespace.oid = pg_catalog.pg_class.relnamespace 
WHERE pg_catalog.pg_class.relname = $1::VARCHAR AND pg_catalog.pg_class.relkind = ANY (ARRAY[$2::VARCHAR, $3::VARCHAR, $4::VARCHAR, $5::VARCHAR, $6::VARCHAR]) AND pg_catalog.pg_namespace.nspname = $7::VARCHAR
INFO:sqlalchemy.engine.Engine:SELECT pg_catalog.pg_class.relname 
FROM pg_catalog.pg_class JOIN pg_catalog.pg_namespace ON pg_catalog.pg_namespace.oid = pg_catalog.pg_class.relnamespace 
WHERE pg_catalog.pg_class.relname = $1::VARCHAR AND pg_catalog.pg_class.relkind = ANY (ARRAY[$2::VARCHAR, $3::VARCHAR, $4::VARCHAR, $5::VARCHAR, $6::VARCHAR]) AND pg_catalog.pg_namespace.nspname = $7::VARCHAR
2025-05-30 16:11:39,805 INFO sqlalchemy.engine.Engine [cached since 0.009312s ago] ('delivery_agents', 'r', 'p', 'f', 'v', 'm', 'delivery')
INFO:sqlalchemy.engine.Engine:[cached since 0.009312s ago] ('delivery_agents', 'r', 'p', 'f', 'v', 'm', 'delivery')
2025-05-30 16:11:39,806 INFO sqlalchemy.engine.Engine COMMIT
INFO:sqlalchemy.engine.Engine:COMMIT
INFO:main:User Service startup complete
INFO:     Application startup complete.
INFO:watchfiles.main:1 change detected
WARNING:  WatchFiles detected changes in 'services/order_service.py'. Reloading...
INFO:     Shutting down
INFO:     Waiting for application shutdown.
INFO:main:User Service shutting down...
INFO:main:User Service shutdown complete
INFO:     Application shutdown complete.
INFO:     Finished server process [11401]
INFO:watchfiles.main:3 changes detected
INFO:     Started server process [11472]
INFO:     Waiting for application startup.
INFO:main:User Service starting up...
2025-05-30 16:11:51,889 INFO sqlalchemy.engine.Engine select pg_catalog.version()
INFO:sqlalchemy.engine.Engine:select pg_catalog.version()
2025-05-30 16:11:51,890 INFO sqlalchemy.engine.Engine [raw sql] ()
INFO:sqlalchemy.engine.Engine:[raw sql] ()
2025-05-30 16:11:51,890 INFO sqlalchemy.engine.Engine select current_schema()
INFO:sqlalchemy.engine.Engine:select current_schema()
2025-05-30 16:11:51,890 INFO sqlalchemy.engine.Engine [raw sql] ()
INFO:sqlalchemy.engine.Engine:[raw sql] ()
2025-05-30 16:11:51,891 INFO sqlalchemy.engine.Engine show standard_conforming_strings
INFO:sqlalchemy.engine.Engine:show standard_conforming_strings
2025-05-30 16:11:51,891 INFO sqlalchemy.engine.Engine [raw sql] ()
INFO:sqlalchemy.engine.Engine:[raw sql] ()
2025-05-30 16:11:51,892 INFO sqlalchemy.engine.Engine BEGIN (implicit)
INFO:sqlalchemy.engine.Engine:BEGIN (implicit)
2025-05-30 16:11:51,894 INFO sqlalchemy.engine.Engine SELECT pg_catalog.pg_class.relname 
FROM pg_catalog.pg_class JOIN pg_catalog.pg_namespace ON pg_catalog.pg_namespace.oid = pg_catalog.pg_class.relnamespace 
WHERE pg_catalog.pg_class.relname = $1::VARCHAR AND pg_catalog.pg_class.relkind = ANY (ARRAY[$2::VARCHAR, $3::VARCHAR, $4::VARCHAR, $5::VARCHAR, $6::VARCHAR]) AND pg_catalog.pg_namespace.nspname = $7::VARCHAR
INFO:sqlalchemy.engine.Engine:SELECT pg_catalog.pg_class.relname 
FROM pg_catalog.pg_class JOIN pg_catalog.pg_namespace ON pg_catalog.pg_namespace.oid = pg_catalog.pg_class.relnamespace 
WHERE pg_catalog.pg_class.relname = $1::VARCHAR AND pg_catalog.pg_class.relkind = ANY (ARRAY[$2::VARCHAR, $3::VARCHAR, $4::VARCHAR, $5::VARCHAR, $6::VARCHAR]) AND pg_catalog.pg_namespace.nspname = $7::VARCHAR
2025-05-30 16:11:51,894 INFO sqlalchemy.engine.Engine [generated in 0.00010s] ('users', 'r', 'p', 'f', 'v', 'm', 'users')
INFO:sqlalchemy.engine.Engine:[generated in 0.00010s] ('users', 'r', 'p', 'f', 'v', 'm', 'users')
2025-05-30 16:11:51,898 INFO sqlalchemy.engine.Engine SELECT pg_catalog.pg_class.relname 
FROM pg_catalog.pg_class JOIN pg_catalog.pg_namespace ON pg_catalog.pg_namespace.oid = pg_catalog.pg_class.relnamespace 
WHERE pg_catalog.pg_class.relname = $1::VARCHAR AND pg_catalog.pg_class.relkind = ANY (ARRAY[$2::VARCHAR, $3::VARCHAR, $4::VARCHAR, $5::VARCHAR, $6::VARCHAR]) AND pg_catalog.pg_namespace.nspname = $7::VARCHAR
INFO:sqlalchemy.engine.Engine:SELECT pg_catalog.pg_class.relname 
FROM pg_catalog.pg_class JOIN pg_catalog.pg_namespace ON pg_catalog.pg_namespace.oid = pg_catalog.pg_class.relnamespace 
WHERE pg_catalog.pg_class.relname = $1::VARCHAR AND pg_catalog.pg_class.relkind = ANY (ARRAY[$2::VARCHAR, $3::VARCHAR, $4::VARCHAR, $5::VARCHAR, $6::VARCHAR]) AND pg_catalog.pg_namespace.nspname = $7::VARCHAR
2025-05-30 16:11:51,898 INFO sqlalchemy.engine.Engine [cached since 0.00479s ago] ('restaurants', 'r', 'p', 'f', 'v', 'm', 'restaurants')
INFO:sqlalchemy.engine.Engine:[cached since 0.00479s ago] ('restaurants', 'r', 'p', 'f', 'v', 'm', 'restaurants')
2025-05-30 16:11:51,900 INFO sqlalchemy.engine.Engine SELECT pg_catalog.pg_class.relname 
FROM pg_catalog.pg_class JOIN pg_catalog.pg_namespace ON pg_catalog.pg_namespace.oid = pg_catalog.pg_class.relnamespace 
WHERE pg_catalog.pg_class.relname = $1::VARCHAR AND pg_catalog.pg_class.relkind = ANY (ARRAY[$2::VARCHAR, $3::VARCHAR, $4::VARCHAR, $5::VARCHAR, $6::VARCHAR]) AND pg_catalog.pg_namespace.nspname = $7::VARCHAR
INFO:sqlalchemy.engine.Engine:SELECT pg_catalog.pg_class.relname 
FROM pg_catalog.pg_class JOIN pg_catalog.pg_namespace ON pg_catalog.pg_namespace.oid = pg_catalog.pg_class.relnamespace 
WHERE pg_catalog.pg_class.relname = $1::VARCHAR AND pg_catalog.pg_class.relkind = ANY (ARRAY[$2::VARCHAR, $3::VARCHAR, $4::VARCHAR, $5::VARCHAR, $6::VARCHAR]) AND pg_catalog.pg_namespace.nspname = $7::VARCHAR
2025-05-30 16:11:51,900 INFO sqlalchemy.engine.Engine [cached since 0.006086s ago] ('menu_items', 'r', 'p', 'f', 'v', 'm', 'restaurants')
INFO:sqlalchemy.engine.Engine:[cached since 0.006086s ago] ('menu_items', 'r', 'p', 'f', 'v', 'm', 'restaurants')
2025-05-30 16:11:51,901 INFO sqlalchemy.engine.Engine SELECT pg_catalog.pg_class.relname 
FROM pg_catalog.pg_class JOIN pg_catalog.pg_namespace ON pg_catalog.pg_namespace.oid = pg_catalog.pg_class.relnamespace 
WHERE pg_catalog.pg_class.relname = $1::VARCHAR AND pg_catalog.pg_class.relkind = ANY (ARRAY[$2::VARCHAR, $3::VARCHAR, $4::VARCHAR, $5::VARCHAR, $6::VARCHAR]) AND pg_catalog.pg_namespace.nspname = $7::VARCHAR
INFO:sqlalchemy.engine.Engine:SELECT pg_catalog.pg_class.relname 
FROM pg_catalog.pg_class JOIN pg_catalog.pg_namespace ON pg_catalog.pg_namespace.oid = pg_catalog.pg_class.relnamespace 
WHERE pg_catalog.pg_class.relname = $1::VARCHAR AND pg_catalog.pg_class.relkind = ANY (ARRAY[$2::VARCHAR, $3::VARCHAR, $4::VARCHAR, $5::VARCHAR, $6::VARCHAR]) AND pg_catalog.pg_namespace.nspname = $7::VARCHAR
2025-05-30 16:11:51,901 INFO sqlalchemy.engine.Engine [cached since 0.007257s ago] ('orders', 'r', 'p', 'f', 'v', 'm', 'orders')
INFO:sqlalchemy.engine.Engine:[cached since 0.007257s ago] ('orders', 'r', 'p', 'f', 'v', 'm', 'orders')
2025-05-30 16:11:51,901 INFO sqlalchemy.engine.Engine SELECT pg_catalog.pg_class.relname 
FROM pg_catalog.pg_class JOIN pg_catalog.pg_namespace ON pg_catalog.pg_namespace.oid = pg_catalog.pg_class.relnamespace 
WHERE pg_catalog.pg_class.relname = $1::VARCHAR AND pg_catalog.pg_class.relkind = ANY (ARRAY[$2::VARCHAR, $3::VARCHAR, $4::VARCHAR, $5::VARCHAR, $6::VARCHAR]) AND pg_catalog.pg_namespace.nspname = $7::VARCHAR
INFO:sqlalchemy.engine.Engine:SELECT pg_catalog.pg_class.relname 
FROM pg_catalog.pg_class JOIN pg_catalog.pg_namespace ON pg_catalog.pg_namespace.oid = pg_catalog.pg_class.relnamespace 
WHERE pg_catalog.pg_class.relname = $1::VARCHAR AND pg_catalog.pg_class.relkind = ANY (ARRAY[$2::VARCHAR, $3::VARCHAR, $4::VARCHAR, $5::VARCHAR, $6::VARCHAR]) AND pg_catalog.pg_namespace.nspname = $7::VARCHAR
2025-05-30 16:11:51,901 INFO sqlalchemy.engine.Engine [cached since 0.00783s ago] ('order_items', 'r', 'p', 'f', 'v', 'm', 'orders')
INFO:sqlalchemy.engine.Engine:[cached since 0.00783s ago] ('order_items', 'r', 'p', 'f', 'v', 'm', 'orders')
2025-05-30 16:11:51,902 INFO sqlalchemy.engine.Engine SELECT pg_catalog.pg_class.relname 
FROM pg_catalog.pg_class JOIN pg_catalog.pg_namespace ON pg_catalog.pg_namespace.oid = pg_catalog.pg_class.relnamespace 
WHERE pg_catalog.pg_class.relname = $1::VARCHAR AND pg_catalog.pg_class.relkind = ANY (ARRAY[$2::VARCHAR, $3::VARCHAR, $4::VARCHAR, $5::VARCHAR, $6::VARCHAR]) AND pg_catalog.pg_namespace.nspname = $7::VARCHAR
INFO:sqlalchemy.engine.Engine:SELECT pg_catalog.pg_class.relname 
FROM pg_catalog.pg_class JOIN pg_catalog.pg_namespace ON pg_catalog.pg_namespace.oid = pg_catalog.pg_class.relnamespace 
WHERE pg_catalog.pg_class.relname = $1::VARCHAR AND pg_catalog.pg_class.relkind = ANY (ARRAY[$2::VARCHAR, $3::VARCHAR, $4::VARCHAR, $5::VARCHAR, $6::VARCHAR]) AND pg_catalog.pg_namespace.nspname = $7::VARCHAR
2025-05-30 16:11:51,902 INFO sqlalchemy.engine.Engine [cached since 0.008508s ago] ('ratings', 'r', 'p', 'f', 'v', 'm', 'orders')
INFO:sqlalchemy.engine.Engine:[cached since 0.008508s ago] ('ratings', 'r', 'p', 'f', 'v', 'm', 'orders')
2025-05-30 16:11:51,903 INFO sqlalchemy.engine.Engine SELECT pg_catalog.pg_class.relname 
FROM pg_catalog.pg_class JOIN pg_catalog.pg_namespace ON pg_catalog.pg_namespace.oid = pg_catalog.pg_class.relnamespace 
WHERE pg_catalog.pg_class.relname = $1::VARCHAR AND pg_catalog.pg_class.relkind = ANY (ARRAY[$2::VARCHAR, $3::VARCHAR, $4::VARCHAR, $5::VARCHAR, $6::VARCHAR]) AND pg_catalog.pg_namespace.nspname = $7::VARCHAR
INFO:sqlalchemy.engine.Engine:SELECT pg_catalog.pg_class.relname 
FROM pg_catalog.pg_class JOIN pg_catalog.pg_namespace ON pg_catalog.pg_namespace.oid = pg_catalog.pg_class.relnamespace 
WHERE pg_catalog.pg_class.relname = $1::VARCHAR AND pg_catalog.pg_class.relkind = ANY (ARRAY[$2::VARCHAR, $3::VARCHAR, $4::VARCHAR, $5::VARCHAR, $6::VARCHAR]) AND pg_catalog.pg_namespace.nspname = $7::VARCHAR
2025-05-30 16:11:51,903 INFO sqlalchemy.engine.Engine [cached since 0.009339s ago] ('delivery_agents', 'r', 'p', 'f', 'v', 'm', 'delivery')
INFO:sqlalchemy.engine.Engine:[cached since 0.009339s ago] ('delivery_agents', 'r', 'p', 'f', 'v', 'm', 'delivery')
2025-05-30 16:11:51,903 INFO sqlalchemy.engine.Engine COMMIT
INFO:sqlalchemy.engine.Engine:COMMIT
INFO:main:User Service startup complete
INFO:     Application startup complete.
INFO:watchfiles.main:1 change detected
WARNING:  WatchFiles detected changes in 'services/order_service.py'. Reloading...
INFO:     Shutting down
INFO:     Waiting for application shutdown.
INFO:main:User Service shutting down...
INFO:main:User Service shutdown complete
INFO:     Application shutdown complete.
INFO:     Finished server process [11472]
INFO:watchfiles.main:3 changes detected
INFO:     Started server process [11485]
INFO:     Waiting for application startup.
INFO:main:User Service starting up...
2025-05-30 16:11:52,982 INFO sqlalchemy.engine.Engine select pg_catalog.version()
INFO:sqlalchemy.engine.Engine:select pg_catalog.version()
2025-05-30 16:11:52,982 INFO sqlalchemy.engine.Engine [raw sql] ()
INFO:sqlalchemy.engine.Engine:[raw sql] ()
2025-05-30 16:11:52,983 INFO sqlalchemy.engine.Engine select current_schema()
INFO:sqlalchemy.engine.Engine:select current_schema()
2025-05-30 16:11:52,983 INFO sqlalchemy.engine.Engine [raw sql] ()
INFO:sqlalchemy.engine.Engine:[raw sql] ()
2025-05-30 16:11:52,983 INFO sqlalchemy.engine.Engine show standard_conforming_strings
INFO:sqlalchemy.engine.Engine:show standard_conforming_strings
2025-05-30 16:11:52,983 INFO sqlalchemy.engine.Engine [raw sql] ()
INFO:sqlalchemy.engine.Engine:[raw sql] ()
2025-05-30 16:11:52,984 INFO sqlalchemy.engine.Engine BEGIN (implicit)
INFO:sqlalchemy.engine.Engine:BEGIN (implicit)
2025-05-30 16:11:52,985 INFO sqlalchemy.engine.Engine SELECT pg_catalog.pg_class.relname 
FROM pg_catalog.pg_class JOIN pg_catalog.pg_namespace ON pg_catalog.pg_namespace.oid = pg_catalog.pg_class.relnamespace 
WHERE pg_catalog.pg_class.relname = $1::VARCHAR AND pg_catalog.pg_class.relkind = ANY (ARRAY[$2::VARCHAR, $3::VARCHAR, $4::VARCHAR, $5::VARCHAR, $6::VARCHAR]) AND pg_catalog.pg_namespace.nspname = $7::VARCHAR
INFO:sqlalchemy.engine.Engine:SELECT pg_catalog.pg_class.relname 
FROM pg_catalog.pg_class JOIN pg_catalog.pg_namespace ON pg_catalog.pg_namespace.oid = pg_catalog.pg_class.relnamespace 
WHERE pg_catalog.pg_class.relname = $1::VARCHAR AND pg_catalog.pg_class.relkind = ANY (ARRAY[$2::VARCHAR, $3::VARCHAR, $4::VARCHAR, $5::VARCHAR, $6::VARCHAR]) AND pg_catalog.pg_namespace.nspname = $7::VARCHAR
2025-05-30 16:11:52,985 INFO sqlalchemy.engine.Engine [generated in 0.00010s] ('users', 'r', 'p', 'f', 'v', 'm', 'users')
INFO:sqlalchemy.engine.Engine:[generated in 0.00010s] ('users', 'r', 'p', 'f', 'v', 'm', 'users')
2025-05-30 16:11:52,988 INFO sqlalchemy.engine.Engine SELECT pg_catalog.pg_class.relname 
FROM pg_catalog.pg_class JOIN pg_catalog.pg_namespace ON pg_catalog.pg_namespace.oid = pg_catalog.pg_class.relnamespace 
WHERE pg_catalog.pg_class.relname = $1::VARCHAR AND pg_catalog.pg_class.relkind = ANY (ARRAY[$2::VARCHAR, $3::VARCHAR, $4::VARCHAR, $5::VARCHAR, $6::VARCHAR]) AND pg_catalog.pg_namespace.nspname = $7::VARCHAR
INFO:sqlalchemy.engine.Engine:SELECT pg_catalog.pg_class.relname 
FROM pg_catalog.pg_class JOIN pg_catalog.pg_namespace ON pg_catalog.pg_namespace.oid = pg_catalog.pg_class.relnamespace 
WHERE pg_catalog.pg_class.relname = $1::VARCHAR AND pg_catalog.pg_class.relkind = ANY (ARRAY[$2::VARCHAR, $3::VARCHAR, $4::VARCHAR, $5::VARCHAR, $6::VARCHAR]) AND pg_catalog.pg_namespace.nspname = $7::VARCHAR
2025-05-30 16:11:52,988 INFO sqlalchemy.engine.Engine [cached since 0.00309s ago] ('restaurants', 'r', 'p', 'f', 'v', 'm', 'restaurants')
INFO:sqlalchemy.engine.Engine:[cached since 0.00309s ago] ('restaurants', 'r', 'p', 'f', 'v', 'm', 'restaurants')
2025-05-30 16:11:52,989 INFO sqlalchemy.engine.Engine SELECT pg_catalog.pg_class.relname 
FROM pg_catalog.pg_class JOIN pg_catalog.pg_namespace ON pg_catalog.pg_namespace.oid = pg_catalog.pg_class.relnamespace 
WHERE pg_catalog.pg_class.relname = $1::VARCHAR AND pg_catalog.pg_class.relkind = ANY (ARRAY[$2::VARCHAR, $3::VARCHAR, $4::VARCHAR, $5::VARCHAR, $6::VARCHAR]) AND pg_catalog.pg_namespace.nspname = $7::VARCHAR
INFO:sqlalchemy.engine.Engine:SELECT pg_catalog.pg_class.relname 
FROM pg_catalog.pg_class JOIN pg_catalog.pg_namespace ON pg_catalog.pg_namespace.oid = pg_catalog.pg_class.relnamespace 
WHERE pg_catalog.pg_class.relname = $1::VARCHAR AND pg_catalog.pg_class.relkind = ANY (ARRAY[$2::VARCHAR, $3::VARCHAR, $4::VARCHAR, $5::VARCHAR, $6::VARCHAR]) AND pg_catalog.pg_namespace.nspname = $7::VARCHAR
2025-05-30 16:11:52,989 INFO sqlalchemy.engine.Engine [cached since 0.003696s ago] ('menu_items', 'r', 'p', 'f', 'v', 'm', 'restaurants')
INFO:sqlalchemy.engine.Engine:[cached since 0.003696s ago] ('menu_items', 'r', 'p', 'f', 'v', 'm', 'restaurants')
2025-05-30 16:11:52,990 INFO sqlalchemy.engine.Engine SELECT pg_catalog.pg_class.relname 
FROM pg_catalog.pg_class JOIN pg_catalog.pg_namespace ON pg_catalog.pg_namespace.oid = pg_catalog.pg_class.relnamespace 
WHERE pg_catalog.pg_class.relname = $1::VARCHAR AND pg_catalog.pg_class.relkind = ANY (ARRAY[$2::VARCHAR, $3::VARCHAR, $4::VARCHAR, $5::VARCHAR, $6::VARCHAR]) AND pg_catalog.pg_namespace.nspname = $7::VARCHAR
INFO:sqlalchemy.engine.Engine:SELECT pg_catalog.pg_class.relname 
FROM pg_catalog.pg_class JOIN pg_catalog.pg_namespace ON pg_catalog.pg_namespace.oid = pg_catalog.pg_class.relnamespace 
WHERE pg_catalog.pg_class.relname = $1::VARCHAR AND pg_catalog.pg_class.relkind = ANY (ARRAY[$2::VARCHAR, $3::VARCHAR, $4::VARCHAR, $5::VARCHAR, $6::VARCHAR]) AND pg_catalog.pg_namespace.nspname = $7::VARCHAR
2025-05-30 16:11:52,990 INFO sqlalchemy.engine.Engine [cached since 0.004274s ago] ('orders', 'r', 'p', 'f', 'v', 'm', 'orders')
INFO:sqlalchemy.engine.Engine:[cached since 0.004274s ago] ('orders', 'r', 'p', 'f', 'v', 'm', 'orders')
2025-05-30 16:11:52,990 INFO sqlalchemy.engine.Engine SELECT pg_catalog.pg_class.relname 
FROM pg_catalog.pg_class JOIN pg_catalog.pg_namespace ON pg_catalog.pg_namespace.oid = pg_catalog.pg_class.relnamespace 
WHERE pg_catalog.pg_class.relname = $1::VARCHAR AND pg_catalog.pg_class.relkind = ANY (ARRAY[$2::VARCHAR, $3::VARCHAR, $4::VARCHAR, $5::VARCHAR, $6::VARCHAR]) AND pg_catalog.pg_namespace.nspname = $7::VARCHAR
INFO:sqlalchemy.engine.Engine:SELECT pg_catalog.pg_class.relname 
FROM pg_catalog.pg_class JOIN pg_catalog.pg_namespace ON pg_catalog.pg_namespace.oid = pg_catalog.pg_class.relnamespace 
WHERE pg_catalog.pg_class.relname = $1::VARCHAR AND pg_catalog.pg_class.relkind = ANY (ARRAY[$2::VARCHAR, $3::VARCHAR, $4::VARCHAR, $5::VARCHAR, $6::VARCHAR]) AND pg_catalog.pg_namespace.nspname = $7::VARCHAR
2025-05-30 16:11:52,990 INFO sqlalchemy.engine.Engine [cached since 0.004666s ago] ('order_items', 'r', 'p', 'f', 'v', 'm', 'orders')
INFO:sqlalchemy.engine.Engine:[cached since 0.004666s ago] ('order_items', 'r', 'p', 'f', 'v', 'm', 'orders')
2025-05-30 16:11:52,990 INFO sqlalchemy.engine.Engine SELECT pg_catalog.pg_class.relname 
FROM pg_catalog.pg_class JOIN pg_catalog.pg_namespace ON pg_catalog.pg_namespace.oid = pg_catalog.pg_class.relnamespace 
WHERE pg_catalog.pg_class.relname = $1::VARCHAR AND pg_catalog.pg_class.relkind = ANY (ARRAY[$2::VARCHAR, $3::VARCHAR, $4::VARCHAR, $5::VARCHAR, $6::VARCHAR]) AND pg_catalog.pg_namespace.nspname = $7::VARCHAR
INFO:sqlalchemy.engine.Engine:SELECT pg_catalog.pg_class.relname 
FROM pg_catalog.pg_class JOIN pg_catalog.pg_namespace ON pg_catalog.pg_namespace.oid = pg_catalog.pg_class.relnamespace 
WHERE pg_catalog.pg_class.relname = $1::VARCHAR AND pg_catalog.pg_class.relkind = ANY (ARRAY[$2::VARCHAR, $3::VARCHAR, $4::VARCHAR, $5::VARCHAR, $6::VARCHAR]) AND pg_catalog.pg_namespace.nspname = $7::VARCHAR
2025-05-30 16:11:52,990 INFO sqlalchemy.engine.Engine [cached since 0.005039s ago] ('ratings', 'r', 'p', 'f', 'v', 'm', 'orders')
INFO:sqlalchemy.engine.Engine:[cached since 0.005039s ago] ('ratings', 'r', 'p', 'f', 'v', 'm', 'orders')
2025-05-30 16:11:52,991 INFO sqlalchemy.engine.Engine SELECT pg_catalog.pg_class.relname 
FROM pg_catalog.pg_class JOIN pg_catalog.pg_namespace ON pg_catalog.pg_namespace.oid = pg_catalog.pg_class.relnamespace 
WHERE pg_catalog.pg_class.relname = $1::VARCHAR AND pg_catalog.pg_class.relkind = ANY (ARRAY[$2::VARCHAR, $3::VARCHAR, $4::VARCHAR, $5::VARCHAR, $6::VARCHAR]) AND pg_catalog.pg_namespace.nspname = $7::VARCHAR
INFO:sqlalchemy.engine.Engine:SELECT pg_catalog.pg_class.relname 
FROM pg_catalog.pg_class JOIN pg_catalog.pg_namespace ON pg_catalog.pg_namespace.oid = pg_catalog.pg_class.relnamespace 
WHERE pg_catalog.pg_class.relname = $1::VARCHAR AND pg_catalog.pg_class.relkind = ANY (ARRAY[$2::VARCHAR, $3::VARCHAR, $4::VARCHAR, $5::VARCHAR, $6::VARCHAR]) AND pg_catalog.pg_namespace.nspname = $7::VARCHAR
2025-05-30 16:11:52,991 INFO sqlalchemy.engine.Engine [cached since 0.005692s ago] ('delivery_agents', 'r', 'p', 'f', 'v', 'm', 'delivery')
INFO:sqlalchemy.engine.Engine:[cached since 0.005692s ago] ('delivery_agents', 'r', 'p', 'f', 'v', 'm', 'delivery')
2025-05-30 16:11:52,991 INFO sqlalchemy.engine.Engine COMMIT
INFO:sqlalchemy.engine.Engine:COMMIT
INFO:main:User Service startup complete
INFO:     Application startup complete.
INFO:watchfiles.main:48 changes detected
WARNING:  WatchFiles detected changes in 'gql/__init__.py', 'schemas/__init__.py', 'schemas/order.py', 'gql/resolvers.py', 'services/order_service.py', 'routers/orders.py', 'schemas/user.py', 'routers/ratings.py', 'routers/restaurants.py', '__init__.py', 'gql/types.py', 'gql/schema.py', 'services/restaurant_service.py', 'main.py', 'services/__init__.py', 'routers/__init__.py'. Reloading...
INFO:     Shutting down
INFO:     Waiting for application shutdown.
INFO:main:User Service shutting down...
INFO:main:User Service shutdown complete
INFO:     Application shutdown complete.
INFO:     Finished server process [11485]
INFO:watchfiles.main:33 changes detected
INFO:     Started server process [17392]
INFO:     Waiting for application startup.
INFO:main:User Service starting up...
2025-05-30 16:16:45,667 INFO sqlalchemy.engine.Engine select pg_catalog.version()
INFO:sqlalchemy.engine.Engine:select pg_catalog.version()
2025-05-30 16:16:45,667 INFO sqlalchemy.engine.Engine [raw sql] ()
INFO:sqlalchemy.engine.Engine:[raw sql] ()
2025-05-30 16:16:45,670 INFO sqlalchemy.engine.Engine select current_schema()
INFO:sqlalchemy.engine.Engine:select current_schema()
2025-05-30 16:16:45,670 INFO sqlalchemy.engine.Engine [raw sql] ()
INFO:sqlalchemy.engine.Engine:[raw sql] ()
2025-05-30 16:16:45,671 INFO sqlalchemy.engine.Engine show standard_conforming_strings
INFO:sqlalchemy.engine.Engine:show standard_conforming_strings
2025-05-30 16:16:45,671 INFO sqlalchemy.engine.Engine [raw sql] ()
INFO:sqlalchemy.engine.Engine:[raw sql] ()
2025-05-30 16:16:45,672 INFO sqlalchemy.engine.Engine BEGIN (implicit)
INFO:sqlalchemy.engine.Engine:BEGIN (implicit)
2025-05-30 16:16:45,673 INFO sqlalchemy.engine.Engine SELECT pg_catalog.pg_class.relname 
FROM pg_catalog.pg_class JOIN pg_catalog.pg_namespace ON pg_catalog.pg_namespace.oid = pg_catalog.pg_class.relnamespace 
WHERE pg_catalog.pg_class.relname = $1::VARCHAR AND pg_catalog.pg_class.relkind = ANY (ARRAY[$2::VARCHAR, $3::VARCHAR, $4::VARCHAR, $5::VARCHAR, $6::VARCHAR]) AND pg_catalog.pg_namespace.nspname = $7::VARCHAR
INFO:sqlalchemy.engine.Engine:SELECT pg_catalog.pg_class.relname 
FROM pg_catalog.pg_class JOIN pg_catalog.pg_namespace ON pg_catalog.pg_namespace.oid = pg_catalog.pg_class.relnamespace 
WHERE pg_catalog.pg_class.relname = $1::VARCHAR AND pg_catalog.pg_class.relkind = ANY (ARRAY[$2::VARCHAR, $3::VARCHAR, $4::VARCHAR, $5::VARCHAR, $6::VARCHAR]) AND pg_catalog.pg_namespace.nspname = $7::VARCHAR
2025-05-30 16:16:45,673 INFO sqlalchemy.engine.Engine [generated in 0.00012s] ('users', 'r', 'p', 'f', 'v', 'm', 'users')
INFO:sqlalchemy.engine.Engine:[generated in 0.00012s] ('users', 'r', 'p', 'f', 'v', 'm', 'users')
2025-05-30 16:16:45,680 INFO sqlalchemy.engine.Engine SELECT pg_catalog.pg_class.relname 
FROM pg_catalog.pg_class JOIN pg_catalog.pg_namespace ON pg_catalog.pg_namespace.oid = pg_catalog.pg_class.relnamespace 
WHERE pg_catalog.pg_class.relname = $1::VARCHAR AND pg_catalog.pg_class.relkind = ANY (ARRAY[$2::VARCHAR, $3::VARCHAR, $4::VARCHAR, $5::VARCHAR, $6::VARCHAR]) AND pg_catalog.pg_namespace.nspname = $7::VARCHAR
INFO:sqlalchemy.engine.Engine:SELECT pg_catalog.pg_class.relname 
FROM pg_catalog.pg_class JOIN pg_catalog.pg_namespace ON pg_catalog.pg_namespace.oid = pg_catalog.pg_class.relnamespace 
WHERE pg_catalog.pg_class.relname = $1::VARCHAR AND pg_catalog.pg_class.relkind = ANY (ARRAY[$2::VARCHAR, $3::VARCHAR, $4::VARCHAR, $5::VARCHAR, $6::VARCHAR]) AND pg_catalog.pg_namespace.nspname = $7::VARCHAR
2025-05-30 16:16:45,680 INFO sqlalchemy.engine.Engine [cached since 0.006337s ago] ('restaurants', 'r', 'p', 'f', 'v', 'm', 'restaurants')
INFO:sqlalchemy.engine.Engine:[cached since 0.006337s ago] ('restaurants', 'r', 'p', 'f', 'v', 'm', 'restaurants')
2025-05-30 16:16:45,680 INFO sqlalchemy.engine.Engine SELECT pg_catalog.pg_class.relname 
FROM pg_catalog.pg_class JOIN pg_catalog.pg_namespace ON pg_catalog.pg_namespace.oid = pg_catalog.pg_class.relnamespace 
WHERE pg_catalog.pg_class.relname = $1::VARCHAR AND pg_catalog.pg_class.relkind = ANY (ARRAY[$2::VARCHAR, $3::VARCHAR, $4::VARCHAR, $5::VARCHAR, $6::VARCHAR]) AND pg_catalog.pg_namespace.nspname = $7::VARCHAR
INFO:sqlalchemy.engine.Engine:SELECT pg_catalog.pg_class.relname 
FROM pg_catalog.pg_class JOIN pg_catalog.pg_namespace ON pg_catalog.pg_namespace.oid = pg_catalog.pg_class.relnamespace 
WHERE pg_catalog.pg_class.relname = $1::VARCHAR AND pg_catalog.pg_class.relkind = ANY (ARRAY[$2::VARCHAR, $3::VARCHAR, $4::VARCHAR, $5::VARCHAR, $6::VARCHAR]) AND pg_catalog.pg_namespace.nspname = $7::VARCHAR
2025-05-30 16:16:45,680 INFO sqlalchemy.engine.Engine [cached since 0.006826s ago] ('menu_items', 'r', 'p', 'f', 'v', 'm', 'restaurants')
INFO:sqlalchemy.engine.Engine:[cached since 0.006826s ago] ('menu_items', 'r', 'p', 'f', 'v', 'm', 'restaurants')
2025-05-30 16:16:45,681 INFO sqlalchemy.engine.Engine SELECT pg_catalog.pg_class.relname 
FROM pg_catalog.pg_class JOIN pg_catalog.pg_namespace ON pg_catalog.pg_namespace.oid = pg_catalog.pg_class.relnamespace 
WHERE pg_catalog.pg_class.relname = $1::VARCHAR AND pg_catalog.pg_class.relkind = ANY (ARRAY[$2::VARCHAR, $3::VARCHAR, $4::VARCHAR, $5::VARCHAR, $6::VARCHAR]) AND pg_catalog.pg_namespace.nspname = $7::VARCHAR
INFO:sqlalchemy.engine.Engine:SELECT pg_catalog.pg_class.relname 
FROM pg_catalog.pg_class JOIN pg_catalog.pg_namespace ON pg_catalog.pg_namespace.oid = pg_catalog.pg_class.relnamespace 
WHERE pg_catalog.pg_class.relname = $1::VARCHAR AND pg_catalog.pg_class.relkind = ANY (ARRAY[$2::VARCHAR, $3::VARCHAR, $4::VARCHAR, $5::VARCHAR, $6::VARCHAR]) AND pg_catalog.pg_namespace.nspname = $7::VARCHAR
2025-05-30 16:16:45,681 INFO sqlalchemy.engine.Engine [cached since 0.007399s ago] ('orders', 'r', 'p', 'f', 'v', 'm', 'orders')
INFO:sqlalchemy.engine.Engine:[cached since 0.007399s ago] ('orders', 'r', 'p', 'f', 'v', 'm', 'orders')
2025-05-30 16:16:45,681 INFO sqlalchemy.engine.Engine SELECT pg_catalog.pg_class.relname 
FROM pg_catalog.pg_class JOIN pg_catalog.pg_namespace ON pg_catalog.pg_namespace.oid = pg_catalog.pg_class.relnamespace 
WHERE pg_catalog.pg_class.relname = $1::VARCHAR AND pg_catalog.pg_class.relkind = ANY (ARRAY[$2::VARCHAR, $3::VARCHAR, $4::VARCHAR, $5::VARCHAR, $6::VARCHAR]) AND pg_catalog.pg_namespace.nspname = $7::VARCHAR
INFO:sqlalchemy.engine.Engine:SELECT pg_catalog.pg_class.relname 
FROM pg_catalog.pg_class JOIN pg_catalog.pg_namespace ON pg_catalog.pg_namespace.oid = pg_catalog.pg_class.relnamespace 
WHERE pg_catalog.pg_class.relname = $1::VARCHAR AND pg_catalog.pg_class.relkind = ANY (ARRAY[$2::VARCHAR, $3::VARCHAR, $4::VARCHAR, $5::VARCHAR, $6::VARCHAR]) AND pg_catalog.pg_namespace.nspname = $7::VARCHAR
2025-05-30 16:16:45,681 INFO sqlalchemy.engine.Engine [cached since 0.007786s ago] ('order_items', 'r', 'p', 'f', 'v', 'm', 'orders')
INFO:sqlalchemy.engine.Engine:[cached since 0.007786s ago] ('order_items', 'r', 'p', 'f', 'v', 'm', 'orders')
2025-05-30 16:16:45,681 INFO sqlalchemy.engine.Engine SELECT pg_catalog.pg_class.relname 
FROM pg_catalog.pg_class JOIN pg_catalog.pg_namespace ON pg_catalog.pg_namespace.oid = pg_catalog.pg_class.relnamespace 
WHERE pg_catalog.pg_class.relname = $1::VARCHAR AND pg_catalog.pg_class.relkind = ANY (ARRAY[$2::VARCHAR, $3::VARCHAR, $4::VARCHAR, $5::VARCHAR, $6::VARCHAR]) AND pg_catalog.pg_namespace.nspname = $7::VARCHAR
INFO:sqlalchemy.engine.Engine:SELECT pg_catalog.pg_class.relname 
FROM pg_catalog.pg_class JOIN pg_catalog.pg_namespace ON pg_catalog.pg_namespace.oid = pg_catalog.pg_class.relnamespace 
WHERE pg_catalog.pg_class.relname = $1::VARCHAR AND pg_catalog.pg_class.relkind = ANY (ARRAY[$2::VARCHAR, $3::VARCHAR, $4::VARCHAR, $5::VARCHAR, $6::VARCHAR]) AND pg_catalog.pg_namespace.nspname = $7::VARCHAR
2025-05-30 16:16:45,681 INFO sqlalchemy.engine.Engine [cached since 0.008158s ago] ('ratings', 'r', 'p', 'f', 'v', 'm', 'orders')
INFO:sqlalchemy.engine.Engine:[cached since 0.008158s ago] ('ratings', 'r', 'p', 'f', 'v', 'm', 'orders')
2025-05-30 16:16:45,682 INFO sqlalchemy.engine.Engine SELECT pg_catalog.pg_class.relname 
FROM pg_catalog.pg_class JOIN pg_catalog.pg_namespace ON pg_catalog.pg_namespace.oid = pg_catalog.pg_class.relnamespace 
WHERE pg_catalog.pg_class.relname = $1::VARCHAR AND pg_catalog.pg_class.relkind = ANY (ARRAY[$2::VARCHAR, $3::VARCHAR, $4::VARCHAR, $5::VARCHAR, $6::VARCHAR]) AND pg_catalog.pg_namespace.nspname = $7::VARCHAR
INFO:sqlalchemy.engine.Engine:SELECT pg_catalog.pg_class.relname 
FROM pg_catalog.pg_class JOIN pg_catalog.pg_namespace ON pg_catalog.pg_namespace.oid = pg_catalog.pg_class.relnamespace 
WHERE pg_catalog.pg_class.relname = $1::VARCHAR AND pg_catalog.pg_class.relkind = ANY (ARRAY[$2::VARCHAR, $3::VARCHAR, $4::VARCHAR, $5::VARCHAR, $6::VARCHAR]) AND pg_catalog.pg_namespace.nspname = $7::VARCHAR
2025-05-30 16:16:45,682 INFO sqlalchemy.engine.Engine [cached since 0.008802s ago] ('delivery_agents', 'r', 'p', 'f', 'v', 'm', 'delivery')
INFO:sqlalchemy.engine.Engine:[cached since 0.008802s ago] ('delivery_agents', 'r', 'p', 'f', 'v', 'm', 'delivery')
2025-05-30 16:16:45,682 INFO sqlalchemy.engine.Engine COMMIT
INFO:sqlalchemy.engine.Engine:COMMIT
INFO:main:User Service startup complete
INFO:     Application startup complete.
INFO:watchfiles.main:15 changes detected
INFO:watchfiles.main:3 changes detected
WARNING:  WatchFiles detected changes in 'main.py'. Reloading...
INFO:     Shutting down
INFO:     Waiting for application shutdown.
INFO:main:User Service shutting down...
INFO:main:User Service shutdown complete
INFO:     Application shutdown complete.
INFO:     Finished server process [17392]
INFO:     Started server process [17760]
INFO:     Waiting for application startup.
INFO:main:User Service starting up...
2025-05-30 16:17:12,601 INFO sqlalchemy.engine.Engine select pg_catalog.version()
INFO:sqlalchemy.engine.Engine:select pg_catalog.version()
2025-05-30 16:17:12,601 INFO sqlalchemy.engine.Engine [raw sql] ()
INFO:sqlalchemy.engine.Engine:[raw sql] ()
2025-05-30 16:17:12,602 INFO sqlalchemy.engine.Engine select current_schema()
INFO:sqlalchemy.engine.Engine:select current_schema()
2025-05-30 16:17:12,602 INFO sqlalchemy.engine.Engine [raw sql] ()
INFO:sqlalchemy.engine.Engine:[raw sql] ()
2025-05-30 16:17:12,603 INFO sqlalchemy.engine.Engine show standard_conforming_strings
INFO:sqlalchemy.engine.Engine:show standard_conforming_strings
2025-05-30 16:17:12,603 INFO sqlalchemy.engine.Engine [raw sql] ()
INFO:sqlalchemy.engine.Engine:[raw sql] ()
2025-05-30 16:17:12,604 INFO sqlalchemy.engine.Engine BEGIN (implicit)
INFO:sqlalchemy.engine.Engine:BEGIN (implicit)
2025-05-30 16:17:12,606 INFO sqlalchemy.engine.Engine SELECT pg_catalog.pg_class.relname 
FROM pg_catalog.pg_class JOIN pg_catalog.pg_namespace ON pg_catalog.pg_namespace.oid = pg_catalog.pg_class.relnamespace 
WHERE pg_catalog.pg_class.relname = $1::VARCHAR AND pg_catalog.pg_class.relkind = ANY (ARRAY[$2::VARCHAR, $3::VARCHAR, $4::VARCHAR, $5::VARCHAR, $6::VARCHAR]) AND pg_catalog.pg_namespace.nspname = $7::VARCHAR
INFO:sqlalchemy.engine.Engine:SELECT pg_catalog.pg_class.relname 
FROM pg_catalog.pg_class JOIN pg_catalog.pg_namespace ON pg_catalog.pg_namespace.oid = pg_catalog.pg_class.relnamespace 
WHERE pg_catalog.pg_class.relname = $1::VARCHAR AND pg_catalog.pg_class.relkind = ANY (ARRAY[$2::VARCHAR, $3::VARCHAR, $4::VARCHAR, $5::VARCHAR, $6::VARCHAR]) AND pg_catalog.pg_namespace.nspname = $7::VARCHAR
2025-05-30 16:17:12,606 INFO sqlalchemy.engine.Engine [generated in 0.00010s] ('users', 'r', 'p', 'f', 'v', 'm', 'users')
INFO:sqlalchemy.engine.Engine:[generated in 0.00010s] ('users', 'r', 'p', 'f', 'v', 'm', 'users')
2025-05-30 16:17:12,609 INFO sqlalchemy.engine.Engine SELECT pg_catalog.pg_class.relname 
FROM pg_catalog.pg_class JOIN pg_catalog.pg_namespace ON pg_catalog.pg_namespace.oid = pg_catalog.pg_class.relnamespace 
WHERE pg_catalog.pg_class.relname = $1::VARCHAR AND pg_catalog.pg_class.relkind = ANY (ARRAY[$2::VARCHAR, $3::VARCHAR, $4::VARCHAR, $5::VARCHAR, $6::VARCHAR]) AND pg_catalog.pg_namespace.nspname = $7::VARCHAR
INFO:sqlalchemy.engine.Engine:SELECT pg_catalog.pg_class.relname 
FROM pg_catalog.pg_class JOIN pg_catalog.pg_namespace ON pg_catalog.pg_namespace.oid = pg_catalog.pg_class.relnamespace 
WHERE pg_catalog.pg_class.relname = $1::VARCHAR AND pg_catalog.pg_class.relkind = ANY (ARRAY[$2::VARCHAR, $3::VARCHAR, $4::VARCHAR, $5::VARCHAR, $6::VARCHAR]) AND pg_catalog.pg_namespace.nspname = $7::VARCHAR
2025-05-30 16:17:12,609 INFO sqlalchemy.engine.Engine [cached since 0.003729s ago] ('restaurants', 'r', 'p', 'f', 'v', 'm', 'restaurants')
INFO:sqlalchemy.engine.Engine:[cached since 0.003729s ago] ('restaurants', 'r', 'p', 'f', 'v', 'm', 'restaurants')
2025-05-30 16:17:12,610 INFO sqlalchemy.engine.Engine SELECT pg_catalog.pg_class.relname 
FROM pg_catalog.pg_class JOIN pg_catalog.pg_namespace ON pg_catalog.pg_namespace.oid = pg_catalog.pg_class.relnamespace 
WHERE pg_catalog.pg_class.relname = $1::VARCHAR AND pg_catalog.pg_class.relkind = ANY (ARRAY[$2::VARCHAR, $3::VARCHAR, $4::VARCHAR, $5::VARCHAR, $6::VARCHAR]) AND pg_catalog.pg_namespace.nspname = $7::VARCHAR
INFO:sqlalchemy.engine.Engine:SELECT pg_catalog.pg_class.relname 
FROM pg_catalog.pg_class JOIN pg_catalog.pg_namespace ON pg_catalog.pg_namespace.oid = pg_catalog.pg_class.relnamespace 
WHERE pg_catalog.pg_class.relname = $1::VARCHAR AND pg_catalog.pg_class.relkind = ANY (ARRAY[$2::VARCHAR, $3::VARCHAR, $4::VARCHAR, $5::VARCHAR, $6::VARCHAR]) AND pg_catalog.pg_namespace.nspname = $7::VARCHAR
2025-05-30 16:17:12,610 INFO sqlalchemy.engine.Engine [cached since 0.00422s ago] ('menu_items', 'r', 'p', 'f', 'v', 'm', 'restaurants')
INFO:sqlalchemy.engine.Engine:[cached since 0.00422s ago] ('menu_items', 'r', 'p', 'f', 'v', 'm', 'restaurants')
2025-05-30 16:17:12,610 INFO sqlalchemy.engine.Engine SELECT pg_catalog.pg_class.relname 
FROM pg_catalog.pg_class JOIN pg_catalog.pg_namespace ON pg_catalog.pg_namespace.oid = pg_catalog.pg_class.relnamespace 
WHERE pg_catalog.pg_class.relname = $1::VARCHAR AND pg_catalog.pg_class.relkind = ANY (ARRAY[$2::VARCHAR, $3::VARCHAR, $4::VARCHAR, $5::VARCHAR, $6::VARCHAR]) AND pg_catalog.pg_namespace.nspname = $7::VARCHAR
INFO:sqlalchemy.engine.Engine:SELECT pg_catalog.pg_class.relname 
FROM pg_catalog.pg_class JOIN pg_catalog.pg_namespace ON pg_catalog.pg_namespace.oid = pg_catalog.pg_class.relnamespace 
WHERE pg_catalog.pg_class.relname = $1::VARCHAR AND pg_catalog.pg_class.relkind = ANY (ARRAY[$2::VARCHAR, $3::VARCHAR, $4::VARCHAR, $5::VARCHAR, $6::VARCHAR]) AND pg_catalog.pg_namespace.nspname = $7::VARCHAR
2025-05-30 16:17:12,611 INFO sqlalchemy.engine.Engine [cached since 0.004804s ago] ('orders', 'r', 'p', 'f', 'v', 'm', 'orders')
INFO:sqlalchemy.engine.Engine:[cached since 0.004804s ago] ('orders', 'r', 'p', 'f', 'v', 'm', 'orders')
2025-05-30 16:17:12,611 INFO sqlalchemy.engine.Engine SELECT pg_catalog.pg_class.relname 
FROM pg_catalog.pg_class JOIN pg_catalog.pg_namespace ON pg_catalog.pg_namespace.oid = pg_catalog.pg_class.relnamespace 
WHERE pg_catalog.pg_class.relname = $1::VARCHAR AND pg_catalog.pg_class.relkind = ANY (ARRAY[$2::VARCHAR, $3::VARCHAR, $4::VARCHAR, $5::VARCHAR, $6::VARCHAR]) AND pg_catalog.pg_namespace.nspname = $7::VARCHAR
INFO:sqlalchemy.engine.Engine:SELECT pg_catalog.pg_class.relname 
FROM pg_catalog.pg_class JOIN pg_catalog.pg_namespace ON pg_catalog.pg_namespace.oid = pg_catalog.pg_class.relnamespace 
WHERE pg_catalog.pg_class.relname = $1::VARCHAR AND pg_catalog.pg_class.relkind = ANY (ARRAY[$2::VARCHAR, $3::VARCHAR, $4::VARCHAR, $5::VARCHAR, $6::VARCHAR]) AND pg_catalog.pg_namespace.nspname = $7::VARCHAR
2025-05-30 16:17:12,611 INFO sqlalchemy.engine.Engine [cached since 0.005353s ago] ('order_items', 'r', 'p', 'f', 'v', 'm', 'orders')
INFO:sqlalchemy.engine.Engine:[cached since 0.005353s ago] ('order_items', 'r', 'p', 'f', 'v', 'm', 'orders')
2025-05-30 16:17:12,611 INFO sqlalchemy.engine.Engine SELECT pg_catalog.pg_class.relname 
FROM pg_catalog.pg_class JOIN pg_catalog.pg_namespace ON pg_catalog.pg_namespace.oid = pg_catalog.pg_class.relnamespace 
WHERE pg_catalog.pg_class.relname = $1::VARCHAR AND pg_catalog.pg_class.relkind = ANY (ARRAY[$2::VARCHAR, $3::VARCHAR, $4::VARCHAR, $5::VARCHAR, $6::VARCHAR]) AND pg_catalog.pg_namespace.nspname = $7::VARCHAR
INFO:sqlalchemy.engine.Engine:SELECT pg_catalog.pg_class.relname 
FROM pg_catalog.pg_class JOIN pg_catalog.pg_namespace ON pg_catalog.pg_namespace.oid = pg_catalog.pg_class.relnamespace 
WHERE pg_catalog.pg_class.relname = $1::VARCHAR AND pg_catalog.pg_class.relkind = ANY (ARRAY[$2::VARCHAR, $3::VARCHAR, $4::VARCHAR, $5::VARCHAR, $6::VARCHAR]) AND pg_catalog.pg_namespace.nspname = $7::VARCHAR
2025-05-30 16:17:12,611 INFO sqlalchemy.engine.Engine [cached since 0.005763s ago] ('ratings', 'r', 'p', 'f', 'v', 'm', 'orders')
INFO:sqlalchemy.engine.Engine:[cached since 0.005763s ago] ('ratings', 'r', 'p', 'f', 'v', 'm', 'orders')
2025-05-30 16:17:12,612 INFO sqlalchemy.engine.Engine SELECT pg_catalog.pg_class.relname 
FROM pg_catalog.pg_class JOIN pg_catalog.pg_namespace ON pg_catalog.pg_namespace.oid = pg_catalog.pg_class.relnamespace 
WHERE pg_catalog.pg_class.relname = $1::VARCHAR AND pg_catalog.pg_class.relkind = ANY (ARRAY[$2::VARCHAR, $3::VARCHAR, $4::VARCHAR, $5::VARCHAR, $6::VARCHAR]) AND pg_catalog.pg_namespace.nspname = $7::VARCHAR
INFO:sqlalchemy.engine.Engine:SELECT pg_catalog.pg_class.relname 
FROM pg_catalog.pg_class JOIN pg_catalog.pg_namespace ON pg_catalog.pg_namespace.oid = pg_catalog.pg_class.relnamespace 
WHERE pg_catalog.pg_class.relname = $1::VARCHAR AND pg_catalog.pg_class.relkind = ANY (ARRAY[$2::VARCHAR, $3::VARCHAR, $4::VARCHAR, $5::VARCHAR, $6::VARCHAR]) AND pg_catalog.pg_namespace.nspname = $7::VARCHAR
2025-05-30 16:17:12,612 INFO sqlalchemy.engine.Engine [cached since 0.006393s ago] ('delivery_agents', 'r', 'p', 'f', 'v', 'm', 'delivery')
INFO:sqlalchemy.engine.Engine:[cached since 0.006393s ago] ('delivery_agents', 'r', 'p', 'f', 'v', 'm', 'delivery')
2025-05-30 16:17:12,613 INFO sqlalchemy.engine.Engine COMMIT
INFO:sqlalchemy.engine.Engine:COMMIT
INFO:main:User Service startup complete
INFO:     Application startup complete.
INFO:watchfiles.main:3 changes detected
INFO:watchfiles.main:3 changes detected
WARNING:  WatchFiles detected changes in 'main.py'. Reloading...
INFO:     Shutting down
INFO:     Waiting for application shutdown.
INFO:main:User Service shutting down...
INFO:main:User Service shutdown complete
INFO:     Application shutdown complete.
INFO:     Finished server process [17760]
INFO:     Started server process [17908]
INFO:     Waiting for application startup.
INFO:main:User Service starting up...
2025-05-30 16:17:27,036 INFO sqlalchemy.engine.Engine select pg_catalog.version()
INFO:sqlalchemy.engine.Engine:select pg_catalog.version()
2025-05-30 16:17:27,036 INFO sqlalchemy.engine.Engine [raw sql] ()
INFO:sqlalchemy.engine.Engine:[raw sql] ()
2025-05-30 16:17:27,038 INFO sqlalchemy.engine.Engine select current_schema()
INFO:sqlalchemy.engine.Engine:select current_schema()
2025-05-30 16:17:27,038 INFO sqlalchemy.engine.Engine [raw sql] ()
INFO:sqlalchemy.engine.Engine:[raw sql] ()
2025-05-30 16:17:27,039 INFO sqlalchemy.engine.Engine show standard_conforming_strings
INFO:sqlalchemy.engine.Engine:show standard_conforming_strings
2025-05-30 16:17:27,039 INFO sqlalchemy.engine.Engine [raw sql] ()
INFO:sqlalchemy.engine.Engine:[raw sql] ()
2025-05-30 16:17:27,039 INFO sqlalchemy.engine.Engine BEGIN (implicit)
INFO:sqlalchemy.engine.Engine:BEGIN (implicit)
2025-05-30 16:17:27,042 INFO sqlalchemy.engine.Engine SELECT pg_catalog.pg_class.relname 
FROM pg_catalog.pg_class JOIN pg_catalog.pg_namespace ON pg_catalog.pg_namespace.oid = pg_catalog.pg_class.relnamespace 
WHERE pg_catalog.pg_class.relname = $1::VARCHAR AND pg_catalog.pg_class.relkind = ANY (ARRAY[$2::VARCHAR, $3::VARCHAR, $4::VARCHAR, $5::VARCHAR, $6::VARCHAR]) AND pg_catalog.pg_namespace.nspname = $7::VARCHAR
INFO:sqlalchemy.engine.Engine:SELECT pg_catalog.pg_class.relname 
FROM pg_catalog.pg_class JOIN pg_catalog.pg_namespace ON pg_catalog.pg_namespace.oid = pg_catalog.pg_class.relnamespace 
WHERE pg_catalog.pg_class.relname = $1::VARCHAR AND pg_catalog.pg_class.relkind = ANY (ARRAY[$2::VARCHAR, $3::VARCHAR, $4::VARCHAR, $5::VARCHAR, $6::VARCHAR]) AND pg_catalog.pg_namespace.nspname = $7::VARCHAR
2025-05-30 16:17:27,042 INFO sqlalchemy.engine.Engine [generated in 0.00016s] ('users', 'r', 'p', 'f', 'v', 'm', 'users')
INFO:sqlalchemy.engine.Engine:[generated in 0.00016s] ('users', 'r', 'p', 'f', 'v', 'm', 'users')
2025-05-30 16:17:27,046 INFO sqlalchemy.engine.Engine SELECT pg_catalog.pg_class.relname 
FROM pg_catalog.pg_class JOIN pg_catalog.pg_namespace ON pg_catalog.pg_namespace.oid = pg_catalog.pg_class.relnamespace 
WHERE pg_catalog.pg_class.relname = $1::VARCHAR AND pg_catalog.pg_class.relkind = ANY (ARRAY[$2::VARCHAR, $3::VARCHAR, $4::VARCHAR, $5::VARCHAR, $6::VARCHAR]) AND pg_catalog.pg_namespace.nspname = $7::VARCHAR
INFO:sqlalchemy.engine.Engine:SELECT pg_catalog.pg_class.relname 
FROM pg_catalog.pg_class JOIN pg_catalog.pg_namespace ON pg_catalog.pg_namespace.oid = pg_catalog.pg_class.relnamespace 
WHERE pg_catalog.pg_class.relname = $1::VARCHAR AND pg_catalog.pg_class.relkind = ANY (ARRAY[$2::VARCHAR, $3::VARCHAR, $4::VARCHAR, $5::VARCHAR, $6::VARCHAR]) AND pg_catalog.pg_namespace.nspname = $7::VARCHAR
2025-05-30 16:17:27,046 INFO sqlalchemy.engine.Engine [cached since 0.00344s ago] ('restaurants', 'r', 'p', 'f', 'v', 'm', 'restaurants')
INFO:sqlalchemy.engine.Engine:[cached since 0.00344s ago] ('restaurants', 'r', 'p', 'f', 'v', 'm', 'restaurants')
2025-05-30 16:17:27,046 INFO sqlalchemy.engine.Engine SELECT pg_catalog.pg_class.relname 
FROM pg_catalog.pg_class JOIN pg_catalog.pg_namespace ON pg_catalog.pg_namespace.oid = pg_catalog.pg_class.relnamespace 
WHERE pg_catalog.pg_class.relname = $1::VARCHAR AND pg_catalog.pg_class.relkind = ANY (ARRAY[$2::VARCHAR, $3::VARCHAR, $4::VARCHAR, $5::VARCHAR, $6::VARCHAR]) AND pg_catalog.pg_namespace.nspname = $7::VARCHAR
INFO:sqlalchemy.engine.Engine:SELECT pg_catalog.pg_class.relname 
FROM pg_catalog.pg_class JOIN pg_catalog.pg_namespace ON pg_catalog.pg_namespace.oid = pg_catalog.pg_class.relnamespace 
WHERE pg_catalog.pg_class.relname = $1::VARCHAR AND pg_catalog.pg_class.relkind = ANY (ARRAY[$2::VARCHAR, $3::VARCHAR, $4::VARCHAR, $5::VARCHAR, $6::VARCHAR]) AND pg_catalog.pg_namespace.nspname = $7::VARCHAR
2025-05-30 16:17:27,046 INFO sqlalchemy.engine.Engine [cached since 0.004138s ago] ('menu_items', 'r', 'p', 'f', 'v', 'm', 'restaurants')
INFO:sqlalchemy.engine.Engine:[cached since 0.004138s ago] ('menu_items', 'r', 'p', 'f', 'v', 'm', 'restaurants')
2025-05-30 16:17:27,047 INFO sqlalchemy.engine.Engine SELECT pg_catalog.pg_class.relname 
FROM pg_catalog.pg_class JOIN pg_catalog.pg_namespace ON pg_catalog.pg_namespace.oid = pg_catalog.pg_class.relnamespace 
WHERE pg_catalog.pg_class.relname = $1::VARCHAR AND pg_catalog.pg_class.relkind = ANY (ARRAY[$2::VARCHAR, $3::VARCHAR, $4::VARCHAR, $5::VARCHAR, $6::VARCHAR]) AND pg_catalog.pg_namespace.nspname = $7::VARCHAR
INFO:sqlalchemy.engine.Engine:SELECT pg_catalog.pg_class.relname 
FROM pg_catalog.pg_class JOIN pg_catalog.pg_namespace ON pg_catalog.pg_namespace.oid = pg_catalog.pg_class.relnamespace 
WHERE pg_catalog.pg_class.relname = $1::VARCHAR AND pg_catalog.pg_class.relkind = ANY (ARRAY[$2::VARCHAR, $3::VARCHAR, $4::VARCHAR, $5::VARCHAR, $6::VARCHAR]) AND pg_catalog.pg_namespace.nspname = $7::VARCHAR
2025-05-30 16:17:27,047 INFO sqlalchemy.engine.Engine [cached since 0.004767s ago] ('orders', 'r', 'p', 'f', 'v', 'm', 'orders')
INFO:sqlalchemy.engine.Engine:[cached since 0.004767s ago] ('orders', 'r', 'p', 'f', 'v', 'm', 'orders')
2025-05-30 16:17:27,047 INFO sqlalchemy.engine.Engine SELECT pg_catalog.pg_class.relname 
FROM pg_catalog.pg_class JOIN pg_catalog.pg_namespace ON pg_catalog.pg_namespace.oid = pg_catalog.pg_class.relnamespace 
WHERE pg_catalog.pg_class.relname = $1::VARCHAR AND pg_catalog.pg_class.relkind = ANY (ARRAY[$2::VARCHAR, $3::VARCHAR, $4::VARCHAR, $5::VARCHAR, $6::VARCHAR]) AND pg_catalog.pg_namespace.nspname = $7::VARCHAR
INFO:sqlalchemy.engine.Engine:SELECT pg_catalog.pg_class.relname 
FROM pg_catalog.pg_class JOIN pg_catalog.pg_namespace ON pg_catalog.pg_namespace.oid = pg_catalog.pg_class.relnamespace 
WHERE pg_catalog.pg_class.relname = $1::VARCHAR AND pg_catalog.pg_class.relkind = ANY (ARRAY[$2::VARCHAR, $3::VARCHAR, $4::VARCHAR, $5::VARCHAR, $6::VARCHAR]) AND pg_catalog.pg_namespace.nspname = $7::VARCHAR
2025-05-30 16:17:27,047 INFO sqlalchemy.engine.Engine [cached since 0.005149s ago] ('order_items', 'r', 'p', 'f', 'v', 'm', 'orders')
INFO:sqlalchemy.engine.Engine:[cached since 0.005149s ago] ('order_items', 'r', 'p', 'f', 'v', 'm', 'orders')
2025-05-30 16:17:27,048 INFO sqlalchemy.engine.Engine SELECT pg_catalog.pg_class.relname 
FROM pg_catalog.pg_class JOIN pg_catalog.pg_namespace ON pg_catalog.pg_namespace.oid = pg_catalog.pg_class.relnamespace 
WHERE pg_catalog.pg_class.relname = $1::VARCHAR AND pg_catalog.pg_class.relkind = ANY (ARRAY[$2::VARCHAR, $3::VARCHAR, $4::VARCHAR, $5::VARCHAR, $6::VARCHAR]) AND pg_catalog.pg_namespace.nspname = $7::VARCHAR
INFO:sqlalchemy.engine.Engine:SELECT pg_catalog.pg_class.relname 
FROM pg_catalog.pg_class JOIN pg_catalog.pg_namespace ON pg_catalog.pg_namespace.oid = pg_catalog.pg_class.relnamespace 
WHERE pg_catalog.pg_class.relname = $1::VARCHAR AND pg_catalog.pg_class.relkind = ANY (ARRAY[$2::VARCHAR, $3::VARCHAR, $4::VARCHAR, $5::VARCHAR, $6::VARCHAR]) AND pg_catalog.pg_namespace.nspname = $7::VARCHAR
2025-05-30 16:17:27,048 INFO sqlalchemy.engine.Engine [cached since 0.005507s ago] ('ratings', 'r', 'p', 'f', 'v', 'm', 'orders')
INFO:sqlalchemy.engine.Engine:[cached since 0.005507s ago] ('ratings', 'r', 'p', 'f', 'v', 'm', 'orders')
2025-05-30 16:17:27,048 INFO sqlalchemy.engine.Engine SELECT pg_catalog.pg_class.relname 
FROM pg_catalog.pg_class JOIN pg_catalog.pg_namespace ON pg_catalog.pg_namespace.oid = pg_catalog.pg_class.relnamespace 
WHERE pg_catalog.pg_class.relname = $1::VARCHAR AND pg_catalog.pg_class.relkind = ANY (ARRAY[$2::VARCHAR, $3::VARCHAR, $4::VARCHAR, $5::VARCHAR, $6::VARCHAR]) AND pg_catalog.pg_namespace.nspname = $7::VARCHAR
INFO:sqlalchemy.engine.Engine:SELECT pg_catalog.pg_class.relname 
FROM pg_catalog.pg_class JOIN pg_catalog.pg_namespace ON pg_catalog.pg_namespace.oid = pg_catalog.pg_class.relnamespace 
WHERE pg_catalog.pg_class.relname = $1::VARCHAR AND pg_catalog.pg_class.relkind = ANY (ARRAY[$2::VARCHAR, $3::VARCHAR, $4::VARCHAR, $5::VARCHAR, $6::VARCHAR]) AND pg_catalog.pg_namespace.nspname = $7::VARCHAR
2025-05-30 16:17:27,048 INFO sqlalchemy.engine.Engine [cached since 0.006191s ago] ('delivery_agents', 'r', 'p', 'f', 'v', 'm', 'delivery')
INFO:sqlalchemy.engine.Engine:[cached since 0.006191s ago] ('delivery_agents', 'r', 'p', 'f', 'v', 'm', 'delivery')
2025-05-30 16:17:27,052 INFO sqlalchemy.engine.Engine COMMIT
INFO:sqlalchemy.engine.Engine:COMMIT
INFO:main:User Service startup complete
INFO:     Application startup complete.
INFO:watchfiles.main:3 changes detected
INFO:watchfiles.main:3 changes detected
WARNING:  WatchFiles detected changes in 'main.py'. Reloading...
INFO:     Shutting down
INFO:     Waiting for application shutdown.
INFO:main:User Service shutting down...
INFO:main:User Service shutdown complete
INFO:     Application shutdown complete.
INFO:     Finished server process [17908]
INFO:     Started server process [17988]
INFO:     Waiting for application startup.
INFO:main:User Service starting up...
2025-05-30 16:17:34,187 INFO sqlalchemy.engine.Engine select pg_catalog.version()
INFO:sqlalchemy.engine.Engine:select pg_catalog.version()
2025-05-30 16:17:34,187 INFO sqlalchemy.engine.Engine [raw sql] ()
INFO:sqlalchemy.engine.Engine:[raw sql] ()
2025-05-30 16:17:34,189 INFO sqlalchemy.engine.Engine select current_schema()
INFO:sqlalchemy.engine.Engine:select current_schema()
2025-05-30 16:17:34,189 INFO sqlalchemy.engine.Engine [raw sql] ()
INFO:sqlalchemy.engine.Engine:[raw sql] ()
2025-05-30 16:17:34,191 INFO sqlalchemy.engine.Engine show standard_conforming_strings
INFO:sqlalchemy.engine.Engine:show standard_conforming_strings
2025-05-30 16:17:34,191 INFO sqlalchemy.engine.Engine [raw sql] ()
INFO:sqlalchemy.engine.Engine:[raw sql] ()
2025-05-30 16:17:34,192 INFO sqlalchemy.engine.Engine BEGIN (implicit)
INFO:sqlalchemy.engine.Engine:BEGIN (implicit)
2025-05-30 16:17:34,194 INFO sqlalchemy.engine.Engine SELECT pg_catalog.pg_class.relname 
FROM pg_catalog.pg_class JOIN pg_catalog.pg_namespace ON pg_catalog.pg_namespace.oid = pg_catalog.pg_class.relnamespace 
WHERE pg_catalog.pg_class.relname = $1::VARCHAR AND pg_catalog.pg_class.relkind = ANY (ARRAY[$2::VARCHAR, $3::VARCHAR, $4::VARCHAR, $5::VARCHAR, $6::VARCHAR]) AND pg_catalog.pg_namespace.nspname = $7::VARCHAR
INFO:sqlalchemy.engine.Engine:SELECT pg_catalog.pg_class.relname 
FROM pg_catalog.pg_class JOIN pg_catalog.pg_namespace ON pg_catalog.pg_namespace.oid = pg_catalog.pg_class.relnamespace 
WHERE pg_catalog.pg_class.relname = $1::VARCHAR AND pg_catalog.pg_class.relkind = ANY (ARRAY[$2::VARCHAR, $3::VARCHAR, $4::VARCHAR, $5::VARCHAR, $6::VARCHAR]) AND pg_catalog.pg_namespace.nspname = $7::VARCHAR
2025-05-30 16:17:34,194 INFO sqlalchemy.engine.Engine [generated in 0.00015s] ('users', 'r', 'p', 'f', 'v', 'm', 'users')
INFO:sqlalchemy.engine.Engine:[generated in 0.00015s] ('users', 'r', 'p', 'f', 'v', 'm', 'users')
2025-05-30 16:17:34,197 INFO sqlalchemy.engine.Engine SELECT pg_catalog.pg_class.relname 
FROM pg_catalog.pg_class JOIN pg_catalog.pg_namespace ON pg_catalog.pg_namespace.oid = pg_catalog.pg_class.relnamespace 
WHERE pg_catalog.pg_class.relname = $1::VARCHAR AND pg_catalog.pg_class.relkind = ANY (ARRAY[$2::VARCHAR, $3::VARCHAR, $4::VARCHAR, $5::VARCHAR, $6::VARCHAR]) AND pg_catalog.pg_namespace.nspname = $7::VARCHAR
INFO:sqlalchemy.engine.Engine:SELECT pg_catalog.pg_class.relname 
FROM pg_catalog.pg_class JOIN pg_catalog.pg_namespace ON pg_catalog.pg_namespace.oid = pg_catalog.pg_class.relnamespace 
WHERE pg_catalog.pg_class.relname = $1::VARCHAR AND pg_catalog.pg_class.relkind = ANY (ARRAY[$2::VARCHAR, $3::VARCHAR, $4::VARCHAR, $5::VARCHAR, $6::VARCHAR]) AND pg_catalog.pg_namespace.nspname = $7::VARCHAR
2025-05-30 16:17:34,197 INFO sqlalchemy.engine.Engine [cached since 0.003294s ago] ('restaurants', 'r', 'p', 'f', 'v', 'm', 'restaurants')
INFO:sqlalchemy.engine.Engine:[cached since 0.003294s ago] ('restaurants', 'r', 'p', 'f', 'v', 'm', 'restaurants')
2025-05-30 16:17:34,197 INFO sqlalchemy.engine.Engine SELECT pg_catalog.pg_class.relname 
FROM pg_catalog.pg_class JOIN pg_catalog.pg_namespace ON pg_catalog.pg_namespace.oid = pg_catalog.pg_class.relnamespace 
WHERE pg_catalog.pg_class.relname = $1::VARCHAR AND pg_catalog.pg_class.relkind = ANY (ARRAY[$2::VARCHAR, $3::VARCHAR, $4::VARCHAR, $5::VARCHAR, $6::VARCHAR]) AND pg_catalog.pg_namespace.nspname = $7::VARCHAR
INFO:sqlalchemy.engine.Engine:SELECT pg_catalog.pg_class.relname 
FROM pg_catalog.pg_class JOIN pg_catalog.pg_namespace ON pg_catalog.pg_namespace.oid = pg_catalog.pg_class.relnamespace 
WHERE pg_catalog.pg_class.relname = $1::VARCHAR AND pg_catalog.pg_class.relkind = ANY (ARRAY[$2::VARCHAR, $3::VARCHAR, $4::VARCHAR, $5::VARCHAR, $6::VARCHAR]) AND pg_catalog.pg_namespace.nspname = $7::VARCHAR
2025-05-30 16:17:34,197 INFO sqlalchemy.engine.Engine [cached since 0.003804s ago] ('menu_items', 'r', 'p', 'f', 'v', 'm', 'restaurants')
INFO:sqlalchemy.engine.Engine:[cached since 0.003804s ago] ('menu_items', 'r', 'p', 'f', 'v', 'm', 'restaurants')
2025-05-30 16:17:34,198 INFO sqlalchemy.engine.Engine SELECT pg_catalog.pg_class.relname 
FROM pg_catalog.pg_class JOIN pg_catalog.pg_namespace ON pg_catalog.pg_namespace.oid = pg_catalog.pg_class.relnamespace 
WHERE pg_catalog.pg_class.relname = $1::VARCHAR AND pg_catalog.pg_class.relkind = ANY (ARRAY[$2::VARCHAR, $3::VARCHAR, $4::VARCHAR, $5::VARCHAR, $6::VARCHAR]) AND pg_catalog.pg_namespace.nspname = $7::VARCHAR
INFO:sqlalchemy.engine.Engine:SELECT pg_catalog.pg_class.relname 
FROM pg_catalog.pg_class JOIN pg_catalog.pg_namespace ON pg_catalog.pg_namespace.oid = pg_catalog.pg_class.relnamespace 
WHERE pg_catalog.pg_class.relname = $1::VARCHAR AND pg_catalog.pg_class.relkind = ANY (ARRAY[$2::VARCHAR, $3::VARCHAR, $4::VARCHAR, $5::VARCHAR, $6::VARCHAR]) AND pg_catalog.pg_namespace.nspname = $7::VARCHAR
2025-05-30 16:17:34,198 INFO sqlalchemy.engine.Engine [cached since 0.004386s ago] ('orders', 'r', 'p', 'f', 'v', 'm', 'orders')
INFO:sqlalchemy.engine.Engine:[cached since 0.004386s ago] ('orders', 'r', 'p', 'f', 'v', 'm', 'orders')
2025-05-30 16:17:34,198 INFO sqlalchemy.engine.Engine SELECT pg_catalog.pg_class.relname 
FROM pg_catalog.pg_class JOIN pg_catalog.pg_namespace ON pg_catalog.pg_namespace.oid = pg_catalog.pg_class.relnamespace 
WHERE pg_catalog.pg_class.relname = $1::VARCHAR AND pg_catalog.pg_class.relkind = ANY (ARRAY[$2::VARCHAR, $3::VARCHAR, $4::VARCHAR, $5::VARCHAR, $6::VARCHAR]) AND pg_catalog.pg_namespace.nspname = $7::VARCHAR
INFO:sqlalchemy.engine.Engine:SELECT pg_catalog.pg_class.relname 
FROM pg_catalog.pg_class JOIN pg_catalog.pg_namespace ON pg_catalog.pg_namespace.oid = pg_catalog.pg_class.relnamespace 
WHERE pg_catalog.pg_class.relname = $1::VARCHAR AND pg_catalog.pg_class.relkind = ANY (ARRAY[$2::VARCHAR, $3::VARCHAR, $4::VARCHAR, $5::VARCHAR, $6::VARCHAR]) AND pg_catalog.pg_namespace.nspname = $7::VARCHAR
2025-05-30 16:17:34,198 INFO sqlalchemy.engine.Engine [cached since 0.004815s ago] ('order_items', 'r', 'p', 'f', 'v', 'm', 'orders')
INFO:sqlalchemy.engine.Engine:[cached since 0.004815s ago] ('order_items', 'r', 'p', 'f', 'v', 'm', 'orders')
2025-05-30 16:17:34,199 INFO sqlalchemy.engine.Engine SELECT pg_catalog.pg_class.relname 
FROM pg_catalog.pg_class JOIN pg_catalog.pg_namespace ON pg_catalog.pg_namespace.oid = pg_catalog.pg_class.relnamespace 
WHERE pg_catalog.pg_class.relname = $1::VARCHAR AND pg_catalog.pg_class.relkind = ANY (ARRAY[$2::VARCHAR, $3::VARCHAR, $4::VARCHAR, $5::VARCHAR, $6::VARCHAR]) AND pg_catalog.pg_namespace.nspname = $7::VARCHAR
INFO:sqlalchemy.engine.Engine:SELECT pg_catalog.pg_class.relname 
FROM pg_catalog.pg_class JOIN pg_catalog.pg_namespace ON pg_catalog.pg_namespace.oid = pg_catalog.pg_class.relnamespace 
WHERE pg_catalog.pg_class.relname = $1::VARCHAR AND pg_catalog.pg_class.relkind = ANY (ARRAY[$2::VARCHAR, $3::VARCHAR, $4::VARCHAR, $5::VARCHAR, $6::VARCHAR]) AND pg_catalog.pg_namespace.nspname = $7::VARCHAR
2025-05-30 16:17:34,199 INFO sqlalchemy.engine.Engine [cached since 0.005217s ago] ('ratings', 'r', 'p', 'f', 'v', 'm', 'orders')
INFO:sqlalchemy.engine.Engine:[cached since 0.005217s ago] ('ratings', 'r', 'p', 'f', 'v', 'm', 'orders')
2025-05-30 16:17:34,199 INFO sqlalchemy.engine.Engine SELECT pg_catalog.pg_class.relname 
FROM pg_catalog.pg_class JOIN pg_catalog.pg_namespace ON pg_catalog.pg_namespace.oid = pg_catalog.pg_class.relnamespace 
WHERE pg_catalog.pg_class.relname = $1::VARCHAR AND pg_catalog.pg_class.relkind = ANY (ARRAY[$2::VARCHAR, $3::VARCHAR, $4::VARCHAR, $5::VARCHAR, $6::VARCHAR]) AND pg_catalog.pg_namespace.nspname = $7::VARCHAR
INFO:sqlalchemy.engine.Engine:SELECT pg_catalog.pg_class.relname 
FROM pg_catalog.pg_class JOIN pg_catalog.pg_namespace ON pg_catalog.pg_namespace.oid = pg_catalog.pg_class.relnamespace 
WHERE pg_catalog.pg_class.relname = $1::VARCHAR AND pg_catalog.pg_class.relkind = ANY (ARRAY[$2::VARCHAR, $3::VARCHAR, $4::VARCHAR, $5::VARCHAR, $6::VARCHAR]) AND pg_catalog.pg_namespace.nspname = $7::VARCHAR
2025-05-30 16:17:34,200 INFO sqlalchemy.engine.Engine [cached since 0.005856s ago] ('delivery_agents', 'r', 'p', 'f', 'v', 'm', 'delivery')
INFO:sqlalchemy.engine.Engine:[cached since 0.005856s ago] ('delivery_agents', 'r', 'p', 'f', 'v', 'm', 'delivery')
2025-05-30 16:17:34,200 INFO sqlalchemy.engine.Engine COMMIT
INFO:sqlalchemy.engine.Engine:COMMIT
INFO:main:User Service startup complete
INFO:     Application startup complete.
INFO:watchfiles.main:3 changes detected
