2025-05-30 12:03:04 - Starting Food Delivery Microservices...
2025-05-30 12:03:04 - Starting User Service...
2025-05-30 12:03:04 - Starting Restaurant Service...
2025-05-30 12:03:04 - Starting Delivery Service...
2025-05-30 12:03:04 - Waiting for services to start...
2025-05-30 12:03:09 - \033[0;31m[FAIL] User Service is not running on port 8001\033[0m
2025-05-30 12:03:09 - \033[0;31m[FAIL] Restaurant Service is not running on port 8002\033[0m
2025-05-30 12:03:09 - \033[0;31m[FAIL] Delivery Service is not running on port 8003\033[0m
2025-05-30 12:03:09 - Retrying in 2 seconds...
2025-05-30 12:03:11 - \033[0;31m[FAIL] User Service is not running on port 8001\033[0m
2025-05-30 12:03:12 - \033[0;31m[FAIL] Restaurant Service is not running on port 8002\033[0m
2025-05-30 12:03:12 - \033[0;31m[FAIL] Delivery Service is not running on port 8003\033[0m
2025-05-30 12:03:12 - Retrying in 2 seconds...
2025-05-30 12:03:14 - \033[0;31m[FAIL] User Service is not running on port 8001\033[0m
2025-05-30 12:03:14 - \033[0;31m[FAIL] Restaurant Service is not running on port 8002\033[0m
2025-05-30 12:03:14 - \033[0;31m[FAIL] Delivery Service is not running on port 8003\033[0m
2025-05-30 12:03:14 - Retrying in 2 seconds...
2025-05-30 12:03:16 - \033[0;31m[FAIL] User Service is not running on port 8001\033[0m
2025-05-30 12:03:16 - \033[0;31m[FAIL] Restaurant Service is not running on port 8002\033[0m
2025-05-30 12:03:16 - \033[0;31m[FAIL] Delivery Service is not running on port 8003\033[0m
2025-05-30 12:03:16 - Retrying in 2 seconds...
2025-05-30 12:03:18 - \033[0;31m[FAIL] User Service is not running on port 8001\033[0m
2025-05-30 12:03:18 - \033[0;31m[FAIL] Restaurant Service is not running on port 8002\033[0m
2025-05-30 12:03:18 - \033[0;31m[FAIL] Delivery Service is not running on port 8003\033[0m
2025-05-30 12:03:18 - Retrying in 2 seconds...
2025-05-30 12:03:20 - \033[0;31m[FAIL] Some services failed to start\033[0m
2025-05-30 12:03:20 - User Service failed to start
2025-05-30 12:03:20 - Restaurant Service failed to start
2025-05-30 12:03:20 - Delivery Service failed to start
